============================================================
DIRECT LONGBRIDGE BACKFILL
Targets: ['2026-06-12']
============================================================
2026-06-15 07:16:55,214 [INFO] === BACKFILL 2026-06-12: 2796 stocks ===
2026-06-15 07:16:55,215 [INFO] Already have 51 stocks, scraping 2745 remaining
2026-06-15 07:20:28,100 [WARNING] Rate limited, retrying in 3.0s
2026-06-15 07:26:35,565 [INFO] 200/2745 (7.3%) ok=200 fail=0 0.3/s ETA 7385s
2026-06-15 07:32:37,416 [WARNING] Rate limited, retrying in 3.0s
2026-06-15 07:36:12,274 [INFO] 400/2745 (14.6%) ok=400 fail=0 0.3/s ETA 6783s
2026-06-15 07:38:08,351 [WARNING] Rate limited, retrying in 3.0s
2026-06-15 07:39:58,715 [WARNING] Rate limited, retrying in 3.0s
2026-06-15 07:41:52,176 [WARNING] Longbridge returned empty holdings for 00721.HK
2026-06-15 07:45:52,149 [INFO] 600/2745 (21.9%) ok=599 fail=1 0.3/s ETA 6210s
2026-06-15 07:47:51,574 [WARNING] Rate limited, retrying in 3.0s
2026-06-15 07:55:29,023 [INFO] 800/2745 (29.1%) ok=799 fail=1 0.3/s ETA 5625s
2026-06-15 08:04:56,141 [INFO] 1000/2745 (36.4%) ok=999 fail=1 0.3/s ETA 5027s
2026-06-15 08:14:13,417 [INFO] 1200/2745 (43.7%) ok=1199 fail=1 0.3/s ETA 4427s
2026-06-15 08:19:18,994 [WARNING] Rate limited, retrying in 3.0s
2026-06-15 08:23:40,348 [INFO] 1400/2745 (51.0%) ok=1399 fail=1 0.3/s ETA 3848s
2026-06-15 08:27:11,064 [WARNING] Rate limited, retrying in 3.0s
2026-06-15 08:28:21,338 [WARNING] Rate limited, retrying in 3.0s
2026-06-15 08:33:09,644 [INFO] 1600/2745 (58.3%) ok=1599 fail=1 0.3/s ETA 3274s
2026-06-15 08:42:26,576 [INFO] 1800/2745 (65.6%) ok=1799 fail=1 0.4/s ETA 2694s
2026-06-15 08:45:55,139 [WARNING] Rate limited, retrying in 3.0s
2026-06-15 08:47:06,808 [WARNING] Longbridge returned empty holdings for 02699.HK
2026-06-15 08:47:46,264 [WARNING] Rate limited, retrying in 3.0s
2026-06-15 08:49:10,440 [WARNING] Longbridge returned empty holdings for 02940.HK
2026-06-15 08:49:12,903 [WARNING] Longbridge returned empty holdings for 02944.HK
2026-06-15 08:49:15,331 [WARNING] Longbridge returned empty holdings for 02946.HK
2026-06-15 08:49:17,775 [WARNING] Longbridge returned empty holdings for 02948.HK
2026-06-15 08:49:25,338 [WARNING] Longbridge returned empty holdings for 02952.HK
2026-06-15 08:49:27,979 [WARNING] Longbridge returned empty holdings for 02955.HK
2026-06-15 08:49:30,452 [WARNING] Longbridge returned empty holdings for 02956.HK
2026-06-15 08:49:35,825 [WARNING] Longbridge returned empty holdings for 02958.HK
2026-06-15 08:49:38,287 [WARNING] Longbridge returned empty holdings for 02959.HK
2026-06-15 08:49:40,761 [WARNING] Longbridge returned empty holdings for 02960.HK
2026-06-15 08:49:43,359 [WARNING] Longbridge returned empty holdings for 02961.HK
2026-06-15 08:51:55,000 [INFO] 2000/2745 (72.9%) ok=1987 fail=13 0.4/s ETA 2123s
2026-06-15 08:52:57,675 [WARNING] Rate limited, retrying in 3.0s
2026-06-15 08:57:27,264 [WARNING] Longbridge returned empty holdings for 04332.HK
2026-06-15 08:57:29,847 [WARNING] Longbridge returned empty holdings for 04333.HK
2026-06-15 08:57:32,483 [WARNING] Longbridge returned empty holdings for 04335.HK
2026-06-15 08:57:34,931 [WARNING] Longbridge returned empty holdings for 04336.HK
2026-06-15 08:57:37,367 [WARNING] Longbridge returned empty holdings for 04337.HK
2026-06-15 08:57:39,842 [WARNING] Longbridge returned empty holdings for 04338.HK
2026-06-15 08:57:42,285 [WARNING] Longbridge returned empty holdings for 04621.HK
2026-06-15 09:00:22,084 [WARNING] Rate limited, retrying in 3.0s
2026-06-15 09:01:09,386 [WARNING] Rate limited, retrying in 3.0s
2026-06-15 09:01:31,600 [INFO] 2200/2745 (80.1%) ok=2180 fail=20 0.4/s ETA 1555s
2026-06-15 09:07:02,224 [WARNING] Rate limited, retrying in 3.0s
2026-06-15 09:07:49,193 [WARNING] Rate limited, retrying in 3.0s
2026-06-15 09:10:55,852 [INFO] 2400/2745 (87.4%) ok=2380 fail=20 0.4/s ETA 983s
2026-06-15 09:14:52,218 [WARNING] Rate limited, retrying in 3.0s
2026-06-15 09:17:39,769 [WARNING] Rate limited, retrying in 3.0s
2026-06-15 09:19:41,904 [WARNING] Longbridge returned empty holdings for 08552.HK
2026-06-15 09:19:44,359 [WARNING] Longbridge returned empty holdings for 08553.HK
2026-06-15 09:19:46,797 [WARNING] Longbridge returned empty holdings for 08556.HK
2026-06-15 09:19:49,263 [WARNING] Longbridge returned empty holdings for 08557.HK
2026-06-15 09:19:54,176 [WARNING] Longbridge returned empty holdings for 08559.HK
2026-06-15 09:19:56,615 [WARNING] Longbridge returned empty holdings for 08560.HK
2026-06-15 09:19:59,209 [WARNING] Longbridge returned empty holdings for 08561.HK
2026-06-15 09:20:16,257 [INFO] 2600/2745 (94.7%) ok=2573 fail=27 0.4/s ETA 413s
2026-06-15 09:24:41,764 [WARNING] Rate limited, retrying in 3.0s
2026-06-15 09:26:00,543 [WARNING] Longbridge returned empty holdings for 80016.HK
2026-06-15 09:26:02,986 [WARNING] Longbridge returned empty holdings for 80020.HK
2026-06-15 09:26:05,570 [WARNING] Longbridge returned empty holdings for 80175.HK
2026-06-15 09:26:08,013 [WARNING] Longbridge returned empty holdings for 80291.HK
2026-06-15 09:26:10,457 [WARNING] Longbridge returned empty holdings for 80388.HK
2026-06-15 09:26:12,932 [WARNING] Longbridge returned empty holdings for 80700.HK
2026-06-15 09:26:15,369 [WARNING] Longbridge returned empty holdings for 80737.HK
2026-06-15 09:26:17,805 [WARNING] Longbridge returned empty holdings for 80883.HK
2026-06-15 09:26:20,268 [WARNING] Longbridge returned empty holdings for 80941.HK
2026-06-15 09:26:22,704 [WARNING] Longbridge returned empty holdings for 80992.HK
2026-06-15 09:26:25,296 [WARNING] Longbridge returned empty holdings for 81024.HK
2026-06-15 09:26:27,762 [WARNING] Longbridge returned empty holdings for 81211.HK
2026-06-15 09:26:30,189 [WARNING] Longbridge returned empty holdings for 81299.HK
2026-06-15 09:26:32,655 [WARNING] Longbridge returned empty holdings for 81810.HK
2026-06-15 09:26:35,084 [WARNING] Longbridge returned empty holdings for 82020.HK
2026-06-15 09:26:37,524 [WARNING] Longbridge returned empty holdings for 82318.HK
2026-06-15 09:26:40,000 [WARNING] Longbridge returned empty holdings for 82331.HK
2026-06-15 09:26:42,604 [WARNING] Longbridge returned empty holdings for 82333.HK
2026-06-15 09:26:45,387 [WARNING] Longbridge returned empty holdings for 82388.HK
2026-06-15 09:26:48,033 [WARNING] Longbridge returned empty holdings for 83690.HK
2026-06-15 09:26:50,475 [WARNING] Longbridge returned empty holdings for 86618.HK
2026-06-15 09:26:55,843 [WARNING] Longbridge returned empty holdings for 89618.HK
2026-06-15 09:26:58,280 [WARNING] Longbridge returned empty holdings for 89888.HK
2026-06-15 09:27:00,731 [WARNING] Longbridge returned empty holdings for 89988.HK
2026-06-15 09:27:01,532 [INFO] DONE 2026-06-12: ok=2694 fail=51 7806s
============================================================
ALL DONE: ok=2694 fail=51 130.1min
============================================================
