2026-05-28 01:05:06 [INFO] backfill: Lock acquired (PID 196392)
2026-05-28 01:05:06 [INFO] backfill: Skip universe refresh: 2778 stocks already in DB
2026-05-28 01:05:06 [INFO] backfill: Backfill plan: 1 trading days
2026-05-28 01:05:06 [INFO] backfill: Backfilling 2026-05-26 (1/1)...
2026-05-28 01:05:06 [INFO] runner: ============================================================
2026-05-28 01:05:06 [INFO] runner: CCASS daily run for 2026-05-26
2026-05-28 01:05:06 [INFO] runner: ============================================================
2026-05-28 01:05:06 [INFO] runner: Querying CCASS data for 2026-05-22
2026-05-28 01:05:06 [INFO] runner: Universe: 2778 active stocks
2026-05-28 01:05:17 [INFO] scraper: Got 9 form tokens: ['__EVENTTARGET', '__EVENTARGUMENT', '__VIEWSTATE', '__VIEWSTATEGENERATOR', 'today', 'sortBy', 'sortDirection', 'originalShareholdingDate', 'alertMsg']
2026-05-28 01:05:17 [INFO] scraper: All form inputs: [('__EVENTTARGET', 'hidden', ''), ('__EVENTARGUMENT', 'hidden', ''), ('__VIEWSTATE', 'hidden', '/wEPDwULLTE1Nzg3NjcwNjdkZJW3IT'), ('__VIEWSTATEGENERATOR', 'hidden', 'A7B2BBE2'), ('today', 'hidden', '20260528'), ('sortBy', 'hidden', 'shareholding'), ('sortDirection', 'hidden', 'desc'), ('originalShareholdingDate', 'hidden', ''), ('alertMsg', 'hidden', ''), ('txtShareholdingDate', 'text', '2026/05/27'), ('txtStockCode', 'text', ''), ('txtStockName', 'text', ''), ('txtParticipantID', 'text', ''), ('txtParticipantName', 'text', ''), ('txtSelPartID', 'text', '')]
2026-05-28 01:18:42 [INFO] runner: Progress: 50/2778 (1.8%)
2026-05-28 01:32:08 [INFO] runner: Progress: 100/2778 (3.6%)
2026-05-28 01:35:23 [INFO] scraper: Got 9 form tokens: ['__EVENTTARGET', '__EVENTARGUMENT', '__VIEWSTATE', '__VIEWSTATEGENERATOR', 'today', 'sortBy', 'sortDirection', 'originalShareholdingDate', 'alertMsg']
2026-05-28 01:35:23 [INFO] scraper: All form inputs: [('__EVENTTARGET', 'hidden', ''), ('__EVENTARGUMENT', 'hidden', ''), ('__VIEWSTATE', 'hidden', '/wEPDwULLTE1Nzg3NjcwNjdkZJW3IT'), ('__VIEWSTATEGENERATOR', 'hidden', 'A7B2BBE2'), ('today', 'hidden', '20260528'), ('sortBy', 'hidden', 'shareholding'), ('sortDirection', 'hidden', 'desc'), ('originalShareholdingDate', 'hidden', ''), ('alertMsg', 'hidden', ''), ('txtShareholdingDate', 'text', '2026/05/27'), ('txtStockCode', 'text', ''), ('txtStockName', 'text', ''), ('txtParticipantID', 'text', ''), ('txtParticipantName', 'text', ''), ('txtSelPartID', 'text', '')]
2026-05-28 01:46:04 [INFO] runner: Progress: 150/2778 (5.4%)
2026-05-28 01:59:56 [INFO] runner: Progress: 200/2778 (7.2%)
2026-05-28 02:05:27 [INFO] scraper: Got 9 form tokens: ['__EVENTTARGET', '__EVENTARGUMENT', '__VIEWSTATE', '__VIEWSTATEGENERATOR', 'today', 'sortBy', 'sortDirection', 'originalShareholdingDate', 'alertMsg']
2026-05-28 02:05:27 [INFO] scraper: All form inputs: [('__EVENTTARGET', 'hidden', ''), ('__EVENTARGUMENT', 'hidden', ''), ('__VIEWSTATE', 'hidden', '/wEPDwULLTE1Nzg3NjcwNjdkZJW3IT'), ('__VIEWSTATEGENERATOR', 'hidden', 'A7B2BBE2'), ('today', 'hidden', '20260528'), ('sortBy', 'hidden', 'shareholding'), ('sortDirection', 'hidden', 'desc'), ('originalShareholdingDate', 'hidden', ''), ('alertMsg', 'hidden', ''), ('txtShareholdingDate', 'text', '2026/05/27'), ('txtStockCode', 'text', ''), ('txtStockName', 'text', ''), ('txtParticipantID', 'text', ''), ('txtParticipantName', 'text', ''), ('txtSelPartID', 'text', '')]
2026-05-28 02:13:48 [INFO] runner: Progress: 250/2778 (9.0%)
2026-05-28 02:27:37 [INFO] runner: Progress: 300/2778 (10.8%)
2026-05-28 02:35:28 [INFO] scraper: Got 9 form tokens: ['__EVENTTARGET', '__EVENTARGUMENT', '__VIEWSTATE', '__VIEWSTATEGENERATOR', 'today', 'sortBy', 'sortDirection', 'originalShareholdingDate', 'alertMsg']
2026-05-28 02:35:28 [INFO] scraper: All form inputs: [('__EVENTTARGET', 'hidden', ''), ('__EVENTARGUMENT', 'hidden', ''), ('__VIEWSTATE', 'hidden', '/wEPDwULLTE1Nzg3NjcwNjdkZJW3IT'), ('__VIEWSTATEGENERATOR', 'hidden', 'A7B2BBE2'), ('today', 'hidden', '20260528'), ('sortBy', 'hidden', 'shareholding'), ('sortDirection', 'hidden', 'desc'), ('originalShareholdingDate', 'hidden', ''), ('alertMsg', 'hidden', ''), ('txtShareholdingDate', 'text', '2026/05/27'), ('txtStockCode', 'text', ''), ('txtStockName', 'text', ''), ('txtParticipantID', 'text', ''), ('txtParticipantName', 'text', ''), ('txtSelPartID', 'text', '')]
2026-05-28 02:41:32 [INFO] runner: Progress: 350/2778 (12.6%)
2026-05-28 02:55:26 [INFO] runner: Progress: 400/2778 (14.4%)
2026-05-28 03:05:35 [INFO] scraper: Got 9 form tokens: ['__EVENTTARGET', '__EVENTARGUMENT', '__VIEWSTATE', '__VIEWSTATEGENERATOR', 'today', 'sortBy', 'sortDirection', 'originalShareholdingDate', 'alertMsg']
2026-05-28 03:05:35 [INFO] scraper: All form inputs: [('__EVENTTARGET', 'hidden', ''), ('__EVENTARGUMENT', 'hidden', ''), ('__VIEWSTATE', 'hidden', '/wEPDwULLTE1Nzg3NjcwNjdkZJW3IT'), ('__VIEWSTATEGENERATOR', 'hidden', 'A7B2BBE2'), ('today', 'hidden', '20260528'), ('sortBy', 'hidden', 'shareholding'), ('sortDirection', 'hidden', 'desc'), ('originalShareholdingDate', 'hidden', ''), ('alertMsg', 'hidden', ''), ('txtShareholdingDate', 'text', '2026/05/27'), ('txtStockCode', 'text', ''), ('txtStockName', 'text', ''), ('txtParticipantID', 'text', ''), ('txtParticipantName', 'text', ''), ('txtSelPartID', 'text', '')]
2026-05-28 03:09:15 [INFO] runner: Progress: 450/2778 (16.2%)
2026-05-28 03:22:48 [INFO] runner: Progress: 500/2778 (18.0%)
2026-05-28 03:35:43 [INFO] scraper: Got 9 form tokens: ['__EVENTTARGET', '__EVENTARGUMENT', '__VIEWSTATE', '__VIEWSTATEGENERATOR', 'today', 'sortBy', 'sortDirection', 'originalShareholdingDate', 'alertMsg']
2026-05-28 03:35:43 [INFO] scraper: All form inputs: [('__EVENTTARGET', 'hidden', ''), ('__EVENTARGUMENT', 'hidden', ''), ('__VIEWSTATE', 'hidden', '/wEPDwULLTE1Nzg3NjcwNjdkZJW3IT'), ('__VIEWSTATEGENERATOR', 'hidden', 'A7B2BBE2'), ('today', 'hidden', '20260528'), ('sortBy', 'hidden', 'shareholding'), ('sortDirection', 'hidden', 'desc'), ('originalShareholdingDate', 'hidden', ''), ('alertMsg', 'hidden', ''), ('txtShareholdingDate', 'text', '2026/05/27'), ('txtStockCode', 'text', ''), ('txtStockName', 'text', ''), ('txtParticipantID', 'text', ''), ('txtParticipantName', 'text', ''), ('txtSelPartID', 'text', '')]
2026-05-28 03:36:15 [INFO] runner: Progress: 550/2778 (19.8%)
2026-05-28 03:50:08 [INFO] runner: Progress: 600/2778 (21.6%)
2026-05-28 04:04:00 [INFO] runner: Progress: 650/2778 (23.4%)
2026-05-28 04:05:54 [INFO] scraper: Got 9 form tokens: ['__EVENTTARGET', '__EVENTARGUMENT', '__VIEWSTATE', '__VIEWSTATEGENERATOR', 'today', 'sortBy', 'sortDirection', 'originalShareholdingDate', 'alertMsg']
2026-05-28 04:05:54 [INFO] scraper: All form inputs: [('__EVENTTARGET', 'hidden', ''), ('__EVENTARGUMENT', 'hidden', ''), ('__VIEWSTATE', 'hidden', '/wEPDwULLTE1Nzg3NjcwNjdkZJW3IT'), ('__VIEWSTATEGENERATOR', 'hidden', 'A7B2BBE2'), ('today', 'hidden', '20260528'), ('sortBy', 'hidden', 'shareholding'), ('sortDirection', 'hidden', 'desc'), ('originalShareholdingDate', 'hidden', ''), ('alertMsg', 'hidden', ''), ('txtShareholdingDate', 'text', '2026/05/27'), ('txtStockCode', 'text', ''), ('txtStockName', 'text', ''), ('txtParticipantID', 'text', ''), ('txtParticipantName', 'text', ''), ('txtSelPartID', 'text', '')]
2026-05-28 04:17:45 [INFO] runner: Progress: 700/2778 (25.2%)
2026-05-28 04:32:01 [INFO] runner: Progress: 750/2778 (27.0%)
2026-05-28 04:35:58 [INFO] scraper: Got 9 form tokens: ['__EVENTTARGET', '__EVENTARGUMENT', '__VIEWSTATE', '__VIEWSTATEGENERATOR', 'today', 'sortBy', 'sortDirection', 'originalShareholdingDate', 'alertMsg']
2026-05-28 04:35:58 [INFO] scraper: All form inputs: [('__EVENTTARGET', 'hidden', ''), ('__EVENTARGUMENT', 'hidden', ''), ('__VIEWSTATE', 'hidden', '/wEPDwULLTE1Nzg3NjcwNjdkZJW3IT'), ('__VIEWSTATEGENERATOR', 'hidden', 'A7B2BBE2'), ('today', 'hidden', '20260528'), ('sortBy', 'hidden', 'shareholding'), ('sortDirection', 'hidden', 'desc'), ('originalShareholdingDate', 'hidden', ''), ('alertMsg', 'hidden', ''), ('txtShareholdingDate', 'text', '2026/05/27'), ('txtStockCode', 'text', ''), ('txtStockName', 'text', ''), ('txtParticipantID', 'text', ''), ('txtParticipantName', 'text', ''), ('txtSelPartID', 'text', '')]
2026-05-28 04:45:51 [INFO] runner: Progress: 800/2778 (28.8%)
2026-05-28 04:59:38 [INFO] runner: Progress: 850/2778 (30.6%)
2026-05-28 05:06:06 [INFO] scraper: Got 9 form tokens: ['__EVENTTARGET', '__EVENTARGUMENT', '__VIEWSTATE', '__VIEWSTATEGENERATOR', 'today', 'sortBy', 'sortDirection', 'originalShareholdingDate', 'alertMsg']
2026-05-28 05:06:06 [INFO] scraper: All form inputs: [('__EVENTTARGET', 'hidden', ''), ('__EVENTARGUMENT', 'hidden', ''), ('__VIEWSTATE', 'hidden', '/wEPDwULLTE1Nzg3NjcwNjdkZJW3IT'), ('__VIEWSTATEGENERATOR', 'hidden', 'A7B2BBE2'), ('today', 'hidden', '20260528'), ('sortBy', 'hidden', 'shareholding'), ('sortDirection', 'hidden', 'desc'), ('originalShareholdingDate', 'hidden', ''), ('alertMsg', 'hidden', ''), ('txtShareholdingDate', 'text', '2026/05/27'), ('txtStockCode', 'text', ''), ('txtStockName', 'text', ''), ('txtParticipantID', 'text', ''), ('txtParticipantName', 'text', ''), ('txtSelPartID', 'text', '')]
2026-05-28 05:13:38 [INFO] runner: Progress: 900/2778 (32.4%)
2026-05-28 05:27:39 [INFO] runner: Progress: 950/2778 (34.2%)
2026-05-28 05:36:23 [INFO] scraper: Got 9 form tokens: ['__EVENTTARGET', '__EVENTARGUMENT', '__VIEWSTATE', '__VIEWSTATEGENERATOR', 'today', 'sortBy', 'sortDirection', 'originalShareholdingDate', 'alertMsg']
2026-05-28 05:36:23 [INFO] scraper: All form inputs: [('__EVENTTARGET', 'hidden', ''), ('__EVENTARGUMENT', 'hidden', ''), ('__VIEWSTATE', 'hidden', '/wEPDwULLTE1Nzg3NjcwNjdkZJW3IT'), ('__VIEWSTATEGENERATOR', 'hidden', 'A7B2BBE2'), ('today', 'hidden', '20260528'), ('sortBy', 'hidden', 'shareholding'), ('sortDirection', 'hidden', 'desc'), ('originalShareholdingDate', 'hidden', ''), ('alertMsg', 'hidden', ''), ('txtShareholdingDate', 'text', '2026/05/27'), ('txtStockCode', 'text', ''), ('txtStockName', 'text', ''), ('txtParticipantID', 'text', ''), ('txtParticipantName', 'text', ''), ('txtSelPartID', 'text', '')]
2026-05-28 05:41:33 [INFO] runner: Progress: 1000/2778 (36.0%)
2026-05-28 05:54:52 [INFO] runner: Progress: 1050/2778 (37.8%)
2026-05-28 06:06:37 [INFO] scraper: Got 9 form tokens: ['__EVENTTARGET', '__EVENTARGUMENT', '__VIEWSTATE', '__VIEWSTATEGENERATOR', 'today', 'sortBy', 'sortDirection', 'originalShareholdingDate', 'alertMsg']
2026-05-28 06:06:37 [INFO] scraper: All form inputs: [('__EVENTTARGET', 'hidden', ''), ('__EVENTARGUMENT', 'hidden', ''), ('__VIEWSTATE', 'hidden', '/wEPDwULLTE1Nzg3NjcwNjdkZJW3IT'), ('__VIEWSTATEGENERATOR', 'hidden', 'A7B2BBE2'), ('today', 'hidden', '20260528'), ('sortBy', 'hidden', 'shareholding'), ('sortDirection', 'hidden', 'desc'), ('originalShareholdingDate', 'hidden', ''), ('alertMsg', 'hidden', ''), ('txtShareholdingDate', 'text', '2026/05/27'), ('txtStockCode', 'text', ''), ('txtStockName', 'text', ''), ('txtParticipantID', 'text', ''), ('txtParticipantName', 'text', ''), ('txtSelPartID', 'text', '')]
2026-05-28 06:08:53 [INFO] runner: Progress: 1100/2778 (39.6%)
2026-05-28 06:22:24 [INFO] runner: Progress: 1150/2778 (41.4%)
2026-05-28 06:36:32 [INFO] runner: Progress: 1200/2778 (43.2%)
2026-05-28 06:36:41 [INFO] scraper: Got 9 form tokens: ['__EVENTTARGET', '__EVENTARGUMENT', '__VIEWSTATE', '__VIEWSTATEGENERATOR', 'today', 'sortBy', 'sortDirection', 'originalShareholdingDate', 'alertMsg']
2026-05-28 06:36:41 [INFO] scraper: All form inputs: [('__EVENTTARGET', 'hidden', ''), ('__EVENTARGUMENT', 'hidden', ''), ('__VIEWSTATE', 'hidden', '/wEPDwULLTE1Nzg3NjcwNjdkZJW3IT'), ('__VIEWSTATEGENERATOR', 'hidden', 'A7B2BBE2'), ('today', 'hidden', '20260528'), ('sortBy', 'hidden', 'shareholding'), ('sortDirection', 'hidden', 'desc'), ('originalShareholdingDate', 'hidden', ''), ('alertMsg', 'hidden', ''), ('txtShareholdingDate', 'text', '2026/05/27'), ('txtStockCode', 'text', ''), ('txtStockName', 'text', ''), ('txtParticipantID', 'text', ''), ('txtParticipantName', 'text', ''), ('txtSelPartID', 'text', '')]
2026-05-28 06:50:25 [INFO] runner: Progress: 1250/2778 (45.0%)
2026-05-28 07:03:58 [INFO] runner: Progress: 1300/2778 (46.8%)
2026-05-28 07:06:48 [INFO] scraper: Got 9 form tokens: ['__EVENTTARGET', '__EVENTARGUMENT', '__VIEWSTATE', '__VIEWSTATEGENERATOR', 'today', 'sortBy', 'sortDirection', 'originalShareholdingDate', 'alertMsg']
2026-05-28 07:06:48 [INFO] scraper: All form inputs: [('__EVENTTARGET', 'hidden', ''), ('__EVENTARGUMENT', 'hidden', ''), ('__VIEWSTATE', 'hidden', '/wEPDwULLTE1Nzg3NjcwNjdkZJW3IT'), ('__VIEWSTATEGENERATOR', 'hidden', 'A7B2BBE2'), ('today', 'hidden', '20260528'), ('sortBy', 'hidden', 'shareholding'), ('sortDirection', 'hidden', 'desc'), ('originalShareholdingDate', 'hidden', ''), ('alertMsg', 'hidden', ''), ('txtShareholdingDate', 'text', '2026/05/27'), ('txtStockCode', 'text', ''), ('txtStockName', 'text', ''), ('txtParticipantID', 'text', ''), ('txtParticipantName', 'text', ''), ('txtSelPartID', 'text', '')]
2026-05-28 07:18:05 [INFO] runner: Progress: 1350/2778 (48.6%)
2026-05-28 07:31:52 [INFO] runner: Progress: 1400/2778 (50.4%)
2026-05-28 07:36:58 [INFO] scraper: Got 9 form tokens: ['__EVENTTARGET', '__EVENTARGUMENT', '__VIEWSTATE', '__VIEWSTATEGENERATOR', 'today', 'sortBy', 'sortDirection', 'originalShareholdingDate', 'alertMsg']
2026-05-28 07:36:58 [INFO] scraper: All form inputs: [('__EVENTTARGET', 'hidden', ''), ('__EVENTARGUMENT', 'hidden', ''), ('__VIEWSTATE', 'hidden', '/wEPDwULLTE1Nzg3NjcwNjdkZJW3IT'), ('__VIEWSTATEGENERATOR', 'hidden', 'A7B2BBE2'), ('today', 'hidden', '20260528'), ('sortBy', 'hidden', 'shareholding'), ('sortDirection', 'hidden', 'desc'), ('originalShareholdingDate', 'hidden', ''), ('alertMsg', 'hidden', ''), ('txtShareholdingDate', 'text', '2026/05/27'), ('txtStockCode', 'text', ''), ('txtStockName', 'text', ''), ('txtParticipantID', 'text', ''), ('txtParticipantName', 'text', ''), ('txtSelPartID', 'text', '')]
2026-05-28 07:45:51 [INFO] runner: Progress: 1450/2778 (52.2%)
2026-05-28 07:59:26 [INFO] runner: Progress: 1500/2778 (54.0%)
2026-05-28 08:07:14 [INFO] scraper: Got 9 form tokens: ['__EVENTTARGET', '__EVENTARGUMENT', '__VIEWSTATE', '__VIEWSTATEGENERATOR', 'today', 'sortBy', 'sortDirection', 'originalShareholdingDate', 'alertMsg']
2026-05-28 08:07:14 [INFO] scraper: All form inputs: [('__EVENTTARGET', 'hidden', ''), ('__EVENTARGUMENT', 'hidden', ''), ('__VIEWSTATE', 'hidden', '/wEPDwULLTE1Nzg3NjcwNjdkZJW3IT'), ('__VIEWSTATEGENERATOR', 'hidden', 'A7B2BBE2'), ('today', 'hidden', '20260528'), ('sortBy', 'hidden', 'shareholding'), ('sortDirection', 'hidden', 'desc'), ('originalShareholdingDate', 'hidden', ''), ('alertMsg', 'hidden', ''), ('txtShareholdingDate', 'text', '2026/05/27'), ('txtStockCode', 'text', ''), ('txtStockName', 'text', ''), ('txtParticipantID', 'text', ''), ('txtParticipantName', 'text', ''), ('txtSelPartID', 'text', '')]
2026-05-28 08:12:57 [INFO] runner: Progress: 1550/2778 (55.8%)
2026-05-28 08:26:52 [INFO] runner: Progress: 1600/2778 (57.6%)
2026-05-28 08:37:26 [INFO] scraper: Got 9 form tokens: ['__EVENTTARGET', '__EVENTARGUMENT', '__VIEWSTATE', '__VIEWSTATEGENERATOR', 'today', 'sortBy', 'sortDirection', 'originalShareholdingDate', 'alertMsg']
2026-05-28 08:37:26 [INFO] scraper: All form inputs: [('__EVENTTARGET', 'hidden', ''), ('__EVENTARGUMENT', 'hidden', ''), ('__VIEWSTATE', 'hidden', '/wEPDwULLTE1Nzg3NjcwNjdkZJW3IT'), ('__VIEWSTATEGENERATOR', 'hidden', 'A7B2BBE2'), ('today', 'hidden', '20260528'), ('sortBy', 'hidden', 'shareholding'), ('sortDirection', 'hidden', 'desc'), ('originalShareholdingDate', 'hidden', ''), ('alertMsg', 'hidden', ''), ('txtShareholdingDate', 'text', '2026/05/27'), ('txtStockCode', 'text', ''), ('txtStockName', 'text', ''), ('txtParticipantID', 'text', ''), ('txtParticipantName', 'text', ''), ('txtSelPartID', 'text', '')]
2026-05-28 08:40:47 [INFO] runner: Progress: 1650/2778 (59.4%)
2026-05-28 08:54:36 [INFO] runner: Progress: 1700/2778 (61.2%)
2026-05-28 09:07:30 [INFO] scraper: Got 9 form tokens: ['__EVENTTARGET', '__EVENTARGUMENT', '__VIEWSTATE', '__VIEWSTATEGENERATOR', 'today', 'sortBy', 'sortDirection', 'originalShareholdingDate', 'alertMsg']
2026-05-28 09:07:30 [INFO] scraper: All form inputs: [('__EVENTTARGET', 'hidden', ''), ('__EVENTARGUMENT', 'hidden', ''), ('__VIEWSTATE', 'hidden', '/wEPDwULLTE1Nzg3NjcwNjdkZJW3IT'), ('__VIEWSTATEGENERATOR', 'hidden', 'A7B2BBE2'), ('today', 'hidden', '20260528'), ('sortBy', 'hidden', 'shareholding'), ('sortDirection', 'hidden', 'desc'), ('originalShareholdingDate', 'hidden', ''), ('alertMsg', 'hidden', ''), ('txtShareholdingDate', 'text', '2026/05/27'), ('txtStockCode', 'text', ''), ('txtStockName', 'text', ''), ('txtParticipantID', 'text', ''), ('txtParticipantName', 'text', ''), ('txtSelPartID', 'text', '')]
2026-05-28 09:08:05 [INFO] runner: Progress: 1750/2778 (63.0%)
2026-05-28 09:21:41 [INFO] runner: Progress: 1800/2778 (64.8%)
2026-05-28 09:35:09 [INFO] runner: Progress: 1850/2778 (66.6%)
2026-05-28 09:37:34 [INFO] scraper: Got 9 form tokens: ['__EVENTTARGET', '__EVENTARGUMENT', '__VIEWSTATE', '__VIEWSTATEGENERATOR', 'today', 'sortBy', 'sortDirection', 'originalShareholdingDate', 'alertMsg']
2026-05-28 09:37:34 [INFO] scraper: All form inputs: [('__EVENTTARGET', 'hidden', ''), ('__EVENTARGUMENT', 'hidden', ''), ('__VIEWSTATE', 'hidden', '/wEPDwULLTE1Nzg3NjcwNjdkZJW3IT'), ('__VIEWSTATEGENERATOR', 'hidden', 'A7B2BBE2'), ('today', 'hidden', '20260528'), ('sortBy', 'hidden', 'shareholding'), ('sortDirection', 'hidden', 'desc'), ('originalShareholdingDate', 'hidden', ''), ('alertMsg', 'hidden', ''), ('txtShareholdingDate', 'text', '2026/05/27'), ('txtStockCode', 'text', ''), ('txtStockName', 'text', ''), ('txtParticipantID', 'text', ''), ('txtParticipantName', 'text', ''), ('txtSelPartID', 'text', '')]
2026-05-28 09:48:44 [INFO] runner: Progress: 1900/2778 (68.4%)
2026-05-28 10:02:24 [INFO] runner: Progress: 1950/2778 (70.2%)
2026-05-28 10:07:51 [INFO] scraper: Got 9 form tokens: ['__EVENTTARGET', '__EVENTARGUMENT', '__VIEWSTATE', '__VIEWSTATEGENERATOR', 'today', 'sortBy', 'sortDirection', 'originalShareholdingDate', 'alertMsg']
2026-05-28 10:07:51 [INFO] scraper: All form inputs: [('__EVENTTARGET', 'hidden', ''), ('__EVENTARGUMENT', 'hidden', ''), ('__VIEWSTATE', 'hidden', '/wEPDwULLTE1Nzg3NjcwNjdkZJW3IT'), ('__VIEWSTATEGENERATOR', 'hidden', 'A7B2BBE2'), ('today', 'hidden', '20260528'), ('sortBy', 'hidden', 'shareholding'), ('sortDirection', 'hidden', 'desc'), ('originalShareholdingDate', 'hidden', ''), ('alertMsg', 'hidden', ''), ('txtShareholdingDate', 'text', '2026/05/27'), ('txtStockCode', 'text', ''), ('txtStockName', 'text', ''), ('txtParticipantID', 'text', ''), ('txtParticipantName', 'text', ''), ('txtSelPartID', 'text', '')]
2026-05-28 10:14:22 [INFO] scraper: Saved debug HTML to C:\Users\Administrator\Desktop\automatic\ccass-debug\ccass\debug\failed_20260522_02952.html
2026-05-28 10:14:22 [WARNING] scraper: Schema validation failed for 02952 on 2026-05-22: total_shares not found. Snippet: CCASS Shareholding Search Shareholding Date Stock Code List of Stocks > Name CCASS Participant ID List of CCASS Participants (Intermediaries) > Name of CCASS Participant Clear All Search You can search for CCASS shareholding information in the past 12 months.  Shareholding information displayed represents the shareholdings of CCASS Participants as at the end of the specified date (except for Stock
2026-05-28 10:16:23 [INFO] runner: Progress: 2000/2778 (72.0%)
2026-05-28 10:30:19 [INFO] runner: Progress: 2050/2778 (73.8%)
2026-05-28 10:37:56 [INFO] scraper: Got 9 form tokens: ['__EVENTTARGET', '__EVENTARGUMENT', '__VIEWSTATE', '__VIEWSTATEGENERATOR', 'today', 'sortBy', 'sortDirection', 'originalShareholdingDate', 'alertMsg']
2026-05-28 10:37:56 [INFO] scraper: All form inputs: [('__EVENTTARGET', 'hidden', ''), ('__EVENTARGUMENT', 'hidden', ''), ('__VIEWSTATE', 'hidden', '/wEPDwULLTE1Nzg3NjcwNjdkZJW3IT'), ('__VIEWSTATEGENERATOR', 'hidden', 'A7B2BBE2'), ('today', 'hidden', '20260528'), ('sortBy', 'hidden', 'shareholding'), ('sortDirection', 'hidden', 'desc'), ('originalShareholdingDate', 'hidden', ''), ('alertMsg', 'hidden', ''), ('txtShareholdingDate', 'text', '2026/05/27'), ('txtStockCode', 'text', ''), ('txtStockName', 'text', ''), ('txtParticipantID', 'text', ''), ('txtParticipantName', 'text', ''), ('txtSelPartID', 'text', '')]
2026-05-28 10:44:07 [INFO] runner: Progress: 2100/2778 (75.6%)
2026-05-28 10:57:41 [INFO] runner: Progress: 2150/2778 (77.4%)
2026-05-28 11:00:03 [INFO] scraper: Saved debug HTML to C:\Users\Administrator\Desktop\automatic\ccass-debug\ccass\debug\failed_20260522_04621.html
2026-05-28 11:00:03 [WARNING] scraper: Schema validation failed for 04621 on 2026-05-22: total_shares not found. Snippet: CCASS Shareholding Search Shareholding Date Stock Code List of Stocks > Name CCASS Participant ID List of CCASS Participants (Intermediaries) > Name of CCASS Participant Clear All Search You can search for CCASS shareholding information in the past 12 months.  Shareholding information displayed represents the shareholdings of CCASS Participants as at the end of the specified date (except for Stock
2026-05-28 11:08:06 [INFO] scraper: Got 9 form tokens: ['__EVENTTARGET', '__EVENTARGUMENT', '__VIEWSTATE', '__VIEWSTATEGENERATOR', 'today', 'sortBy', 'sortDirection', 'originalShareholdingDate', 'alertMsg']
2026-05-28 11:08:06 [INFO] scraper: All form inputs: [('__EVENTTARGET', 'hidden', ''), ('__EVENTARGUMENT', 'hidden', ''), ('__VIEWSTATE', 'hidden', '/wEPDwULLTE1Nzg3NjcwNjdkZJW3IT'), ('__VIEWSTATEGENERATOR', 'hidden', 'A7B2BBE2'), ('today', 'hidden', '20260528'), ('sortBy', 'hidden', 'shareholding'), ('sortDirection', 'hidden', 'desc'), ('originalShareholdingDate', 'hidden', ''), ('alertMsg', 'hidden', ''), ('txtShareholdingDate', 'text', '2026/05/27'), ('txtStockCode', 'text', ''), ('txtStockName', 'text', ''), ('txtParticipantID', 'text', ''), ('txtParticipantName', 'text', ''), ('txtSelPartID', 'text', '')]
2026-05-28 11:11:11 [INFO] runner: Progress: 2200/2778 (79.2%)
2026-05-28 11:25:02 [INFO] runner: Progress: 2250/2778 (81.0%)
2026-05-28 11:38:17 [INFO] scraper: Got 9 form tokens: ['__EVENTTARGET', '__EVENTARGUMENT', '__VIEWSTATE', '__VIEWSTATEGENERATOR', 'today', 'sortBy', 'sortDirection', 'originalShareholdingDate', 'alertMsg']
2026-05-28 11:38:17 [INFO] scraper: All form inputs: [('__EVENTTARGET', 'hidden', ''), ('__EVENTARGUMENT', 'hidden', ''), ('__VIEWSTATE', 'hidden', '/wEPDwULLTE1Nzg3NjcwNjdkZJW3IT'), ('__VIEWSTATEGENERATOR', 'hidden', 'A7B2BBE2'), ('today', 'hidden', '20260528'), ('sortBy', 'hidden', 'shareholding'), ('sortDirection', 'hidden', 'desc'), ('originalShareholdingDate', 'hidden', ''), ('alertMsg', 'hidden', ''), ('txtShareholdingDate', 'text', '2026/05/27'), ('txtStockCode', 'text', ''), ('txtStockName', 'text', ''), ('txtParticipantID', 'text', ''), ('txtParticipantName', 'text', ''), ('txtSelPartID', 'text', '')]
2026-05-28 11:39:01 [INFO] runner: Progress: 2300/2778 (82.8%)
2026-05-28 11:52:38 [INFO] runner: Progress: 2350/2778 (84.6%)
