2026-05-28 08:17:14 [INFO] backfill: Lock acquired (PID 209764)
2026-05-28 08:17:14 [INFO] backfill: Skip universe refresh: 2778 stocks already in DB
2026-05-28 08:17:14 [INFO] backfill: Backfill plan: 2 trading days
2026-05-28 08:17:14 [INFO] backfill: Backfilling 2026-05-26 (1/2)...
2026-05-28 08:17:14 [INFO] runner: ============================================================
2026-05-28 08:17:14 [INFO] runner: CCASS daily run for 2026-05-26
2026-05-28 08:17:14 [INFO] runner: ============================================================
2026-05-28 08:17:14 [INFO] runner: Querying CCASS data for 2026-05-22
2026-05-28 08:17:14 [INFO] runner: Universe: 2778 active stocks
2026-05-28 08:17:25 [INFO] scraper: Got 9 form tokens: ['__EVENTTARGET', '__EVENTARGUMENT', '__VIEWSTATE', '__VIEWSTATEGENERATOR', 'today', 'sortBy', 'sortDirection', 'originalShareholdingDate', 'alertMsg']
2026-05-28 08:17:25 [INFO] scraper: All form inputs: [('__EVENTTARGET', 'hidden', ''), ('__EVENTARGUMENT', 'hidden', ''), ('__VIEWSTATE', 'hidden', '/wEPDwULLTE1Nzg3NjcwNjdkZJW3IT'), ('__VIEWSTATEGENERATOR', 'hidden', 'A7B2BBE2'), ('today', 'hidden', '20260528'), ('sortBy', 'hidden', 'shareholding'), ('sortDirection', 'hidden', 'desc'), ('originalShareholdingDate', 'hidden', ''), ('alertMsg', 'hidden', ''), ('txtShareholdingDate', 'text', '2026/05/27'), ('txtStockCode', 'text', ''), ('txtStockName', 'text', ''), ('txtParticipantID', 'text', ''), ('txtParticipantName', 'text', ''), ('txtSelPartID', 'text', '')]
2026-05-28 08:30:55 [INFO] runner: Progress: 50/2778 (1.8%)
2026-05-28 08:44:40 [INFO] runner: Progress: 100/2778 (3.6%)
2026-05-28 08:47:33 [INFO] scraper: Got 9 form tokens: ['__EVENTTARGET', '__EVENTARGUMENT', '__VIEWSTATE', '__VIEWSTATEGENERATOR', 'today', 'sortBy', 'sortDirection', 'originalShareholdingDate', 'alertMsg']
2026-05-28 08:47:33 [INFO] scraper: All form inputs: [('__EVENTTARGET', 'hidden', ''), ('__EVENTARGUMENT', 'hidden', ''), ('__VIEWSTATE', 'hidden', '/wEPDwULLTE1Nzg3NjcwNjdkZJW3IT'), ('__VIEWSTATEGENERATOR', 'hidden', 'A7B2BBE2'), ('today', 'hidden', '20260528'), ('sortBy', 'hidden', 'shareholding'), ('sortDirection', 'hidden', 'desc'), ('originalShareholdingDate', 'hidden', ''), ('alertMsg', 'hidden', ''), ('txtShareholdingDate', 'text', '2026/05/27'), ('txtStockCode', 'text', ''), ('txtStockName', 'text', ''), ('txtParticipantID', 'text', ''), ('txtParticipantName', 'text', ''), ('txtSelPartID', 'text', '')]
2026-05-28 08:58:36 [INFO] runner: Progress: 150/2778 (5.4%)
2026-05-28 09:12:16 [INFO] runner: Progress: 200/2778 (7.2%)
2026-05-28 09:17:42 [INFO] scraper: Got 9 form tokens: ['__EVENTTARGET', '__EVENTARGUMENT', '__VIEWSTATE', '__VIEWSTATEGENERATOR', 'today', 'sortBy', 'sortDirection', 'originalShareholdingDate', 'alertMsg']
2026-05-28 09:17:42 [INFO] scraper: All form inputs: [('__EVENTTARGET', 'hidden', ''), ('__EVENTARGUMENT', 'hidden', ''), ('__VIEWSTATE', 'hidden', '/wEPDwULLTE1Nzg3NjcwNjdkZJW3IT'), ('__VIEWSTATEGENERATOR', 'hidden', 'A7B2BBE2'), ('today', 'hidden', '20260528'), ('sortBy', 'hidden', 'shareholding'), ('sortDirection', 'hidden', 'desc'), ('originalShareholdingDate', 'hidden', ''), ('alertMsg', 'hidden', ''), ('txtShareholdingDate', 'text', '2026/05/27'), ('txtStockCode', 'text', ''), ('txtStockName', 'text', ''), ('txtParticipantID', 'text', ''), ('txtParticipantName', 'text', ''), ('txtSelPartID', 'text', '')]
2026-05-28 09:26:24 [INFO] runner: Progress: 250/2778 (9.0%)
2026-05-28 09:39:35 [INFO] runner: Progress: 300/2778 (10.8%)
2026-05-28 09:47:55 [INFO] scraper: Got 9 form tokens: ['__EVENTTARGET', '__EVENTARGUMENT', '__VIEWSTATE', '__VIEWSTATEGENERATOR', 'today', 'sortBy', 'sortDirection', 'originalShareholdingDate', 'alertMsg']
2026-05-28 09:47:55 [INFO] scraper: All form inputs: [('__EVENTTARGET', 'hidden', ''), ('__EVENTARGUMENT', 'hidden', ''), ('__VIEWSTATE', 'hidden', '/wEPDwULLTE1Nzg3NjcwNjdkZJW3IT'), ('__VIEWSTATEGENERATOR', 'hidden', 'A7B2BBE2'), ('today', 'hidden', '20260528'), ('sortBy', 'hidden', 'shareholding'), ('sortDirection', 'hidden', 'desc'), ('originalShareholdingDate', 'hidden', ''), ('alertMsg', 'hidden', ''), ('txtShareholdingDate', 'text', '2026/05/27'), ('txtStockCode', 'text', ''), ('txtStockName', 'text', ''), ('txtParticipantID', 'text', ''), ('txtParticipantName', 'text', ''), ('txtSelPartID', 'text', '')]
2026-05-28 09:52:58 [INFO] runner: Progress: 350/2778 (12.6%)
2026-05-28 10:05:59 [INFO] runner: Progress: 400/2778 (14.4%)
2026-05-28 10:17:59 [INFO] scraper: Got 9 form tokens: ['__EVENTTARGET', '__EVENTARGUMENT', '__VIEWSTATE', '__VIEWSTATEGENERATOR', 'today', 'sortBy', 'sortDirection', 'originalShareholdingDate', 'alertMsg']
2026-05-28 10:17:59 [INFO] scraper: All form inputs: [('__EVENTTARGET', 'hidden', ''), ('__EVENTARGUMENT', 'hidden', ''), ('__VIEWSTATE', 'hidden', '/wEPDwULLTE1Nzg3NjcwNjdkZJW3IT'), ('__VIEWSTATEGENERATOR', 'hidden', 'A7B2BBE2'), ('today', 'hidden', '20260528'), ('sortBy', 'hidden', 'shareholding'), ('sortDirection', 'hidden', 'desc'), ('originalShareholdingDate', 'hidden', ''), ('alertMsg', 'hidden', ''), ('txtShareholdingDate', 'text', '2026/05/27'), ('txtStockCode', 'text', ''), ('txtStockName', 'text', ''), ('txtParticipantID', 'text', ''), ('txtParticipantName', 'text', ''), ('txtSelPartID', 'text', '')]
2026-05-28 10:19:34 [INFO] runner: Progress: 450/2778 (16.2%)
2026-05-28 10:33:15 [INFO] runner: Progress: 500/2778 (18.0%)
2026-05-28 10:47:19 [INFO] runner: Progress: 550/2778 (19.8%)
2026-05-28 10:48:04 [INFO] scraper: Got 9 form tokens: ['__EVENTTARGET', '__EVENTARGUMENT', '__VIEWSTATE', '__VIEWSTATEGENERATOR', 'today', 'sortBy', 'sortDirection', 'originalShareholdingDate', 'alertMsg']
2026-05-28 10:48:04 [INFO] scraper: All form inputs: [('__EVENTTARGET', 'hidden', ''), ('__EVENTARGUMENT', 'hidden', ''), ('__VIEWSTATE', 'hidden', '/wEPDwULLTE1Nzg3NjcwNjdkZJW3IT'), ('__VIEWSTATEGENERATOR', 'hidden', 'A7B2BBE2'), ('today', 'hidden', '20260528'), ('sortBy', 'hidden', 'shareholding'), ('sortDirection', 'hidden', 'desc'), ('originalShareholdingDate', 'hidden', ''), ('alertMsg', 'hidden', ''), ('txtShareholdingDate', 'text', '2026/05/27'), ('txtStockCode', 'text', ''), ('txtStockName', 'text', ''), ('txtParticipantID', 'text', ''), ('txtParticipantName', 'text', ''), ('txtSelPartID', 'text', '')]
2026-05-28 11:01:21 [INFO] runner: Progress: 600/2778 (21.6%)
2026-05-28 11:14:37 [INFO] runner: Progress: 650/2778 (23.4%)
2026-05-28 11:18:18 [INFO] scraper: Got 9 form tokens: ['__EVENTTARGET', '__EVENTARGUMENT', '__VIEWSTATE', '__VIEWSTATEGENERATOR', 'today', 'sortBy', 'sortDirection', 'originalShareholdingDate', 'alertMsg']
2026-05-28 11:18:18 [INFO] scraper: All form inputs: [('__EVENTTARGET', 'hidden', ''), ('__EVENTARGUMENT', 'hidden', ''), ('__VIEWSTATE', 'hidden', '/wEPDwULLTE1Nzg3NjcwNjdkZJW3IT'), ('__VIEWSTATEGENERATOR', 'hidden', 'A7B2BBE2'), ('today', 'hidden', '20260528'), ('sortBy', 'hidden', 'shareholding'), ('sortDirection', 'hidden', 'desc'), ('originalShareholdingDate', 'hidden', ''), ('alertMsg', 'hidden', ''), ('txtShareholdingDate', 'text', '2026/05/27'), ('txtStockCode', 'text', ''), ('txtStockName', 'text', ''), ('txtParticipantID', 'text', ''), ('txtParticipantName', 'text', ''), ('txtSelPartID', 'text', '')]
2026-05-28 11:28:23 [INFO] runner: Progress: 700/2778 (25.2%)
2026-05-28 11:41:34 [INFO] runner: Progress: 750/2778 (27.0%)
2026-05-28 11:48:19 [INFO] scraper: Got 9 form tokens: ['__EVENTTARGET', '__EVENTARGUMENT', '__VIEWSTATE', '__VIEWSTATEGENERATOR', 'today', 'sortBy', 'sortDirection', 'originalShareholdingDate', 'alertMsg']
2026-05-28 11:48:19 [INFO] scraper: All form inputs: [('__EVENTTARGET', 'hidden', ''), ('__EVENTARGUMENT', 'hidden', ''), ('__VIEWSTATE', 'hidden', '/wEPDwULLTE1Nzg3NjcwNjdkZJW3IT'), ('__VIEWSTATEGENERATOR', 'hidden', 'A7B2BBE2'), ('today', 'hidden', '20260528'), ('sortBy', 'hidden', 'shareholding'), ('sortDirection', 'hidden', 'desc'), ('originalShareholdingDate', 'hidden', ''), ('alertMsg', 'hidden', ''), ('txtShareholdingDate', 'text', '2026/05/27'), ('txtStockCode', 'text', ''), ('txtStockName', 'text', ''), ('txtParticipantID', 'text', ''), ('txtParticipantName', 'text', ''), ('txtSelPartID', 'text', '')]
2026-05-28 11:55:36 [INFO] runner: Progress: 800/2778 (28.8%)
