2026-05-28 08:44:19 [INFO] backfill: Lock acquired (PID 259936)
2026-05-28 08:44:19 [INFO] backfill: Skip universe refresh: 2778 stocks already in DB
2026-05-28 08:44:19 [INFO] backfill: Backfill plan: 2 trading days
2026-05-28 08:44:19 [INFO] backfill: Backfilling 2026-05-26 (1/2)...
2026-05-28 08:44:19 [INFO] runner: ============================================================
2026-05-28 08:44:19 [INFO] runner: CCASS daily run for 2026-05-26
2026-05-28 08:44:19 [INFO] runner: ============================================================
2026-05-28 08:44:19 [INFO] runner: Querying CCASS data for 2026-05-22
2026-05-28 08:44:19 [INFO] runner: Universe: 2778 active stocks
2026-05-28 08:44:27 [INFO] runner: Progress: 50/2778 (1.8%)
2026-05-28 08:44:34 [INFO] runner: Progress: 100/2778 (3.6%)
2026-05-28 08:44:41 [INFO] runner: Progress: 150/2778 (5.4%)
2026-05-28 08:44:48 [INFO] runner: Progress: 200/2778 (7.2%)
2026-05-28 08:44:56 [INFO] runner: Progress: 250/2778 (9.0%)
2026-05-28 08:45:04 [INFO] runner: Progress: 300/2778 (10.8%)
2026-05-28 08:45:11 [INFO] runner: Progress: 350/2778 (12.6%)
2026-05-28 08:45:19 [INFO] runner: Progress: 400/2778 (14.4%)
2026-05-28 08:45:26 [INFO] runner: Progress: 450/2778 (16.2%)
2026-05-28 08:45:34 [INFO] runner: Progress: 500/2778 (18.0%)
2026-05-28 08:45:41 [INFO] runner: Progress: 550/2778 (19.8%)
2026-05-28 08:45:50 [INFO] runner: Progress: 600/2778 (21.6%)
2026-05-28 08:45:59 [INFO] runner: Progress: 650/2778 (23.4%)
2026-05-28 08:46:06 [INFO] runner: Progress: 700/2778 (25.2%)
2026-05-28 08:46:13 [INFO] runner: Progress: 750/2778 (27.0%)
2026-05-28 08:46:21 [INFO] runner: Progress: 800/2778 (28.8%)
2026-05-28 08:46:28 [INFO] runner: Progress: 850/2778 (30.6%)
2026-05-28 08:46:35 [INFO] runner: Progress: 900/2778 (32.4%)
2026-05-28 08:46:43 [INFO] runner: Progress: 950/2778 (34.2%)
2026-05-28 08:46:50 [INFO] runner: Progress: 1000/2778 (36.0%)
2026-05-28 08:46:57 [INFO] runner: Progress: 1050/2778 (37.8%)
2026-05-28 08:47:05 [INFO] runner: Progress: 1100/2778 (39.6%)
2026-05-28 08:47:12 [INFO] runner: Progress: 1150/2778 (41.4%)
2026-05-28 08:47:20 [INFO] runner: Progress: 1200/2778 (43.2%)
2026-05-28 08:47:27 [INFO] runner: Progress: 1250/2778 (45.0%)
2026-05-28 08:47:35 [INFO] runner: Progress: 1300/2778 (46.8%)
2026-05-28 08:47:42 [INFO] runner: Progress: 1350/2778 (48.6%)
2026-05-28 08:47:50 [INFO] runner: Progress: 1400/2778 (50.4%)
2026-05-28 08:47:57 [INFO] runner: Progress: 1450/2778 (52.2%)
2026-05-28 08:48:05 [INFO] runner: Progress: 1500/2778 (54.0%)
2026-05-28 08:48:12 [INFO] runner: Progress: 1550/2778 (55.8%)
2026-05-28 08:48:20 [INFO] runner: Progress: 1600/2778 (57.6%)
2026-05-28 08:48:28 [INFO] runner: Progress: 1650/2778 (59.4%)
2026-05-28 08:48:35 [INFO] runner: Progress: 1700/2778 (61.2%)
2026-05-28 08:48:43 [INFO] runner: Progress: 1750/2778 (63.0%)
2026-05-28 08:48:51 [INFO] runner: Progress: 1800/2778 (64.8%)
2026-05-28 08:48:59 [INFO] runner: Progress: 1850/2778 (66.6%)
2026-05-28 08:49:07 [INFO] runner: Progress: 1900/2778 (68.4%)
2026-05-28 08:49:14 [INFO] runner: Progress: 1950/2778 (70.2%)
2026-05-28 08:49:22 [INFO] runner: Progress: 2000/2778 (72.0%)
2026-05-28 08:49:30 [INFO] runner: Progress: 2050/2778 (73.8%)
2026-05-28 08:49:38 [INFO] runner: Progress: 2100/2778 (75.6%)
2026-05-28 08:49:46 [INFO] runner: Progress: 2150/2778 (77.4%)
2026-05-28 08:49:54 [INFO] runner: Progress: 2200/2778 (79.2%)
2026-05-28 08:50:01 [INFO] runner: Progress: 2250/2778 (81.0%)
2026-05-28 08:50:09 [INFO] runner: Progress: 2300/2778 (82.8%)
2026-05-28 08:50:17 [INFO] runner: Progress: 2350/2778 (84.6%)
2026-05-28 08:50:24 [INFO] runner: Progress: 2400/2778 (86.4%)
2026-05-28 08:50:32 [INFO] runner: Progress: 2450/2778 (88.2%)
2026-05-28 08:50:39 [INFO] runner: Progress: 2500/2778 (90.0%)
2026-05-28 08:50:46 [INFO] runner: Progress: 2550/2778 (91.8%)
2026-05-28 08:50:53 [INFO] runner: Progress: 2600/2778 (93.6%)
2026-05-28 08:51:00 [INFO] runner: Progress: 2650/2778 (95.4%)
2026-05-28 08:51:08 [INFO] runner: Progress: 2700/2778 (97.2%)
2026-05-28 08:51:15 [INFO] runner: Progress: 2750/2778 (99.0%)
2026-05-28 08:51:19 [INFO] trend: Computed trends for 2740 stocks on 2026-05-22 (refs: {5: '2026-05-15', 20: '2026-04-23'})
2026-05-28 08:51:21 [INFO] runner: Detected 33 CCASS events (deposit/transfer) across 2743 stocks
2026-05-28 08:51:21 [INFO] runner: Logged 33 CCASS events (deposit/transfer)
2026-05-28 08:51:22 [ERROR] alerts: Telegram 401: {"ok":false,"error_code":401,"description":"Unauthorized"}
2026-05-28 08:51:22 [INFO] runner: Done: 0/2778 succeeded, 2778 failed
2026-05-28 08:53:20 [INFO] runner: Exported ccass.json (2775 stocks, 10 up, 10 down)
2026-05-28 08:54:44 [INFO] runner: Compressed ccass.db: 766664704 → 172035042 bytes
2026-05-28 08:54:49 [INFO] runner: Staged ccass.json + ccass.db.gz for workflow commit
2026-05-28 08:54:49 [INFO] backfill: Backfilling 2026-05-27 (2/2)...
2026-05-28 08:54:49 [INFO] runner: ============================================================
2026-05-28 08:54:49 [INFO] runner: CCASS daily run for 2026-05-27
2026-05-28 08:54:49 [INFO] runner: ============================================================
2026-05-28 08:54:49 [INFO] runner: Querying CCASS data for 2026-05-26
2026-05-28 08:54:49 [INFO] runner: Universe: 2778 active stocks
2026-05-28 08:55:07 [INFO] runner: Progress: 50/2778 (1.8%)
2026-05-28 08:55:26 [INFO] runner: Progress: 100/2778 (3.6%)
2026-05-28 08:55:44 [INFO] runner: Progress: 150/2778 (5.4%)
2026-05-28 08:56:02 [INFO] runner: Progress: 200/2778 (7.2%)
2026-05-28 08:56:21 [INFO] runner: Progress: 250/2778 (9.0%)
2026-05-28 08:56:39 [INFO] runner: Progress: 300/2778 (10.8%)
2026-05-28 08:56:57 [INFO] runner: Progress: 350/2778 (12.6%)
2026-05-28 08:57:15 [INFO] runner: Progress: 400/2778 (14.4%)
2026-05-28 08:57:33 [INFO] runner: Progress: 450/2778 (16.2%)
2026-05-28 08:57:51 [INFO] runner: Progress: 500/2778 (18.0%)
2026-05-28 08:58:09 [INFO] runner: Progress: 550/2778 (19.8%)
2026-05-28 08:58:27 [INFO] runner: Progress: 600/2778 (21.6%)
2026-05-28 08:58:45 [INFO] runner: Progress: 650/2778 (23.4%)
2026-05-28 08:59:03 [INFO] runner: Progress: 700/2778 (25.2%)
2026-05-28 08:59:21 [INFO] runner: Progress: 750/2778 (27.0%)
2026-05-28 08:59:40 [INFO] runner: Progress: 800/2778 (28.8%)
2026-05-28 08:59:58 [INFO] runner: Progress: 850/2778 (30.6%)
2026-05-28 09:00:16 [INFO] runner: Progress: 900/2778 (32.4%)
2026-05-28 09:00:34 [INFO] runner: Progress: 950/2778 (34.2%)
2026-05-28 09:00:52 [INFO] runner: Progress: 1000/2778 (36.0%)
2026-05-28 09:01:10 [INFO] runner: Progress: 1050/2778 (37.8%)
2026-05-28 09:01:28 [INFO] runner: Progress: 1100/2778 (39.6%)
2026-05-28 09:01:46 [INFO] runner: Progress: 1150/2778 (41.4%)
2026-05-28 09:02:05 [INFO] runner: Progress: 1200/2778 (43.2%)
2026-05-28 09:02:23 [INFO] runner: Progress: 1250/2778 (45.0%)
2026-05-28 09:02:41 [INFO] runner: Progress: 1300/2778 (46.8%)
2026-05-28 09:03:00 [INFO] runner: Progress: 1350/2778 (48.6%)
2026-05-28 09:03:18 [INFO] runner: Progress: 1400/2778 (50.4%)
2026-05-28 09:03:36 [INFO] runner: Progress: 1450/2778 (52.2%)
2026-05-28 09:03:54 [INFO] runner: Progress: 1500/2778 (54.0%)
2026-05-28 09:04:13 [INFO] runner: Progress: 1550/2778 (55.8%)
2026-05-28 09:04:31 [INFO] runner: Progress: 1600/2778 (57.6%)
2026-05-28 09:04:49 [INFO] runner: Progress: 1650/2778 (59.4%)
2026-05-28 09:05:08 [INFO] runner: Progress: 1700/2778 (61.2%)
2026-05-28 09:05:26 [INFO] runner: Progress: 1750/2778 (63.0%)
2026-05-28 09:05:45 [INFO] runner: Progress: 1800/2778 (64.8%)
2026-05-28 09:06:03 [INFO] runner: Progress: 1850/2778 (66.6%)
2026-05-28 09:06:22 [INFO] runner: Progress: 1900/2778 (68.4%)
2026-05-28 09:06:40 [INFO] runner: Progress: 1950/2778 (70.2%)
2026-05-28 09:06:59 [INFO] runner: Progress: 2000/2778 (72.0%)
2026-05-28 09:07:17 [INFO] runner: Progress: 2050/2778 (73.8%)
2026-05-28 09:07:36 [INFO] runner: Progress: 2100/2778 (75.6%)
2026-05-28 09:07:54 [INFO] runner: Progress: 2150/2778 (77.4%)
2026-05-28 09:08:13 [INFO] runner: Progress: 2200/2778 (79.2%)
2026-05-28 09:08:31 [INFO] runner: Progress: 2250/2778 (81.0%)
2026-05-28 09:08:50 [INFO] runner: Progress: 2300/2778 (82.8%)
2026-05-28 09:09:08 [INFO] runner: Progress: 2350/2778 (84.6%)
2026-05-28 09:09:27 [INFO] runner: Progress: 2400/2778 (86.4%)
2026-05-28 09:09:46 [INFO] runner: Progress: 2450/2778 (88.2%)
2026-05-28 09:10:04 [INFO] runner: Progress: 2500/2778 (90.0%)
2026-05-28 09:10:23 [INFO] runner: Progress: 2550/2778 (91.8%)
2026-05-28 09:10:41 [INFO] runner: Progress: 2600/2778 (93.6%)
2026-05-28 09:11:00 [INFO] runner: Progress: 2650/2778 (95.4%)
2026-05-28 09:11:19 [INFO] runner: Progress: 2700/2778 (97.2%)
2026-05-28 09:11:37 [INFO] runner: Progress: 2750/2778 (99.0%)
2026-05-28 09:11:48 [INFO] trend: Computed trends for 2776 stocks on 2026-05-26 (refs: {5: '2026-05-18', 20: '2026-04-24'})
2026-05-28 09:11:50 [INFO] runner: Detected 29 CCASS events (deposit/transfer) across 2744 stocks
2026-05-28 09:11:51 [INFO] runner: Logged 29 CCASS events (deposit/transfer)
2026-05-28 09:11:51 [ERROR] alerts: Telegram 401: {"ok":false,"error_code":401,"description":"Unauthorized"}
2026-05-28 09:11:51 [INFO] runner: Done: 0/2778 succeeded, 2778 failed
2026-05-28 09:14:30 [INFO] runner: Exported ccass.json (2776 stocks, 10 up, 10 down)
2026-05-28 09:15:55 [INFO] runner: Compressed ccass.db: 775319552 → 174575571 bytes
2026-05-28 09:16:01 [INFO] runner: Staged ccass.json + ccass.db.gz for workflow commit
2026-05-28 09:16:01 [INFO] backfill: Backfill complete: 2/2 days succeeded
