2026-05-28 08:54:47 [INFO] backfill: Lock acquired (PID 305788)
2026-05-28 08:54:47 [INFO] backfill: Skip universe refresh: 2778 stocks already in DB
2026-05-28 08:54:47 [INFO] backfill: Backfill plan: 1 trading days
2026-05-28 08:54:47 [INFO] backfill: Backfilling 2026-05-27 (1/1)...
2026-05-28 08:54:47 [INFO] runner: ============================================================
2026-05-28 08:54:47 [INFO] runner: CCASS daily run for 2026-05-27
2026-05-28 08:54:47 [INFO] runner: ============================================================
2026-05-28 08:54:47 [INFO] runner: Querying CCASS data for 2026-05-26
2026-05-28 08:54:47 [INFO] runner: Universe: 2778 active stocks
2026-05-28 08:55:05 [INFO] runner: Progress: 50/2778 (1.8%)
2026-05-28 08:55:24 [INFO] runner: Progress: 100/2778 (3.6%)
2026-05-28 08:55:42 [INFO] runner: Progress: 150/2778 (5.4%)
2026-05-28 08:56:00 [INFO] runner: Progress: 200/2778 (7.2%)
2026-05-28 08:56:19 [INFO] runner: Progress: 250/2778 (9.0%)
2026-05-28 08:56:37 [INFO] runner: Progress: 300/2778 (10.8%)
2026-05-28 08:56:55 [INFO] runner: Progress: 350/2778 (12.6%)
2026-05-28 08:57:13 [INFO] runner: Progress: 400/2778 (14.4%)
2026-05-28 08:57:31 [INFO] runner: Progress: 450/2778 (16.2%)
2026-05-28 08:57:49 [INFO] runner: Progress: 500/2778 (18.0%)
2026-05-28 08:58:07 [INFO] runner: Progress: 550/2778 (19.8%)
2026-05-28 08:58:25 [INFO] runner: Progress: 600/2778 (21.6%)
2026-05-28 08:58:43 [INFO] runner: Progress: 650/2778 (23.4%)
2026-05-28 08:59:01 [INFO] runner: Progress: 700/2778 (25.2%)
2026-05-28 08:59:19 [INFO] runner: Progress: 750/2778 (27.0%)
2026-05-28 08:59:38 [INFO] runner: Progress: 800/2778 (28.8%)
2026-05-28 08:59:56 [INFO] runner: Progress: 850/2778 (30.6%)
2026-05-28 09:00:14 [INFO] runner: Progress: 900/2778 (32.4%)
2026-05-28 09:00:32 [INFO] runner: Progress: 950/2778 (34.2%)
2026-05-28 09:00:50 [INFO] runner: Progress: 1000/2778 (36.0%)
2026-05-28 09:01:08 [INFO] runner: Progress: 1050/2778 (37.8%)
2026-05-28 09:01:26 [INFO] runner: Progress: 1100/2778 (39.6%)
2026-05-28 09:01:44 [INFO] runner: Progress: 1150/2778 (41.4%)
2026-05-28 09:02:03 [INFO] runner: Progress: 1200/2778 (43.2%)
2026-05-28 09:02:21 [INFO] runner: Progress: 1250/2778 (45.0%)
2026-05-28 09:02:39 [INFO] runner: Progress: 1300/2778 (46.8%)
2026-05-28 09:02:58 [INFO] runner: Progress: 1350/2778 (48.6%)
2026-05-28 09:03:16 [INFO] runner: Progress: 1400/2778 (50.4%)
2026-05-28 09:03:34 [INFO] runner: Progress: 1450/2778 (52.2%)
2026-05-28 09:03:52 [INFO] runner: Progress: 1500/2778 (54.0%)
2026-05-28 09:04:11 [INFO] runner: Progress: 1550/2778 (55.8%)
2026-05-28 09:04:29 [INFO] runner: Progress: 1600/2778 (57.6%)
2026-05-28 09:04:47 [INFO] runner: Progress: 1650/2778 (59.4%)
2026-05-28 09:05:05 [INFO] runner: Progress: 1700/2778 (61.2%)
2026-05-28 09:05:24 [INFO] runner: Progress: 1750/2778 (63.0%)
2026-05-28 09:05:43 [INFO] runner: Progress: 1800/2778 (64.8%)
2026-05-28 09:06:01 [INFO] runner: Progress: 1850/2778 (66.6%)
2026-05-28 09:06:19 [INFO] runner: Progress: 1900/2778 (68.4%)
2026-05-28 09:06:38 [INFO] runner: Progress: 1950/2778 (70.2%)
2026-05-28 09:06:57 [INFO] runner: Progress: 2000/2778 (72.0%)
2026-05-28 09:07:15 [INFO] runner: Progress: 2050/2778 (73.8%)
2026-05-28 09:07:34 [INFO] runner: Progress: 2100/2778 (75.6%)
2026-05-28 09:07:52 [INFO] runner: Progress: 2150/2778 (77.4%)
2026-05-28 09:08:11 [INFO] runner: Progress: 2200/2778 (79.2%)
2026-05-28 09:08:29 [INFO] runner: Progress: 2250/2778 (81.0%)
2026-05-28 09:08:48 [INFO] runner: Progress: 2300/2778 (82.8%)
2026-05-28 09:09:06 [INFO] runner: Progress: 2350/2778 (84.6%)
2026-05-28 09:09:25 [INFO] runner: Progress: 2400/2778 (86.4%)
2026-05-28 09:09:44 [INFO] runner: Progress: 2450/2778 (88.2%)
2026-05-28 09:10:02 [INFO] runner: Progress: 2500/2778 (90.0%)
2026-05-28 09:10:21 [INFO] runner: Progress: 2550/2778 (91.8%)
2026-05-28 09:10:39 [INFO] runner: Progress: 2600/2778 (93.6%)
2026-05-28 09:10:58 [INFO] runner: Progress: 2650/2778 (95.4%)
2026-05-28 09:11:17 [INFO] runner: Progress: 2700/2778 (97.2%)
2026-05-28 09:11:35 [INFO] runner: Progress: 2750/2778 (99.0%)
2026-05-28 09:11:46 [INFO] trend: Computed trends for 2776 stocks on 2026-05-26 (refs: {5: '2026-05-18', 20: '2026-04-24'})
2026-05-28 09:11:49 [INFO] runner: Detected 29 CCASS events (deposit/transfer) across 2744 stocks
2026-05-28 09:11:49 [INFO] runner: Logged 29 CCASS events (deposit/transfer)
2026-05-28 09:11:51 [ERROR] alerts: Telegram 401: {"ok":false,"error_code":401,"description":"Unauthorized"}
2026-05-28 09:11:51 [INFO] runner: Done: 0/2778 succeeded, 2778 failed
2026-05-28 09:14:32 [INFO] runner: Exported ccass.json (2776 stocks, 10 up, 10 down)
2026-05-28 09:15:56 [INFO] runner: Compressed ccass.db: 775319552 → 174577299 bytes
2026-05-28 09:15:57 [INFO] runner: Staged ccass.json + ccass.db.gz for workflow commit
2026-05-28 09:15:57 [INFO] backfill: Backfill complete: 1/1 days succeeded
2026-05-28 09:15:57 [INFO] backfill: Lock released
