2026-05-28 09:16:27 [INFO] backfill: Lock acquired (PID 349904)
2026-05-28 09:16:27 [INFO] backfill: Skip universe refresh: 2778 stocks already in DB
2026-05-28 09:16:27 [INFO] backfill: Backfill plan: 1 trading days
2026-05-28 09:16:27 [INFO] backfill: Backfilling 2026-05-27 (1/1)...
2026-05-28 09:16:27 [INFO] runner: ============================================================
2026-05-28 09:16:27 [INFO] runner: CCASS daily run for 2026-05-27
2026-05-28 09:16:27 [INFO] runner: ============================================================
2026-05-28 09:16:27 [INFO] runner: Querying CCASS data for 2026-05-26
2026-05-28 09:16:27 [INFO] runner: Universe: 2778 active stocks
2026-05-28 09:16:45 [INFO] runner: Progress: 50/2778 (1.8%)
2026-05-28 09:17:04 [INFO] runner: Progress: 100/2778 (3.6%)
2026-05-28 09:17:22 [INFO] runner: Progress: 150/2778 (5.4%)
2026-05-28 09:17:40 [INFO] runner: Progress: 200/2778 (7.2%)
2026-05-28 09:17:57 [INFO] runner: Progress: 250/2778 (9.0%)
2026-05-28 09:18:16 [INFO] runner: Progress: 300/2778 (10.8%)
2026-05-28 09:18:34 [INFO] runner: Progress: 350/2778 (12.6%)
2026-05-28 09:18:52 [INFO] runner: Progress: 400/2778 (14.4%)
2026-05-28 09:19:12 [INFO] runner: Progress: 450/2778 (16.2%)
2026-05-28 09:19:34 [INFO] runner: Progress: 500/2778 (18.0%)
2026-05-28 09:19:53 [INFO] runner: Progress: 550/2778 (19.8%)
2026-05-28 09:20:12 [INFO] runner: Progress: 600/2778 (21.6%)
2026-05-28 09:20:31 [INFO] runner: Progress: 650/2778 (23.4%)
2026-05-28 09:20:50 [INFO] runner: Progress: 700/2778 (25.2%)
2026-05-28 09:21:09 [INFO] runner: Progress: 750/2778 (27.0%)
2026-05-28 09:21:28 [INFO] runner: Progress: 800/2778 (28.8%)
2026-05-28 09:21:47 [INFO] runner: Progress: 850/2778 (30.6%)
2026-05-28 09:22:05 [INFO] runner: Progress: 900/2778 (32.4%)
2026-05-28 09:22:24 [INFO] runner: Progress: 950/2778 (34.2%)
2026-05-28 09:22:43 [INFO] runner: Progress: 1000/2778 (36.0%)
2026-05-28 09:23:02 [INFO] runner: Progress: 1050/2778 (37.8%)
2026-05-28 09:23:21 [INFO] runner: Progress: 1100/2778 (39.6%)
2026-05-28 09:23:40 [INFO] runner: Progress: 1150/2778 (41.4%)
2026-05-28 09:23:58 [INFO] runner: Progress: 1200/2778 (43.2%)
2026-05-28 09:24:17 [INFO] runner: Progress: 1250/2778 (45.0%)
2026-05-28 09:24:36 [INFO] runner: Progress: 1300/2778 (46.8%)
2026-05-28 09:24:55 [INFO] runner: Progress: 1350/2778 (48.6%)
2026-05-28 09:25:13 [INFO] runner: Progress: 1400/2778 (50.4%)
2026-05-28 09:25:32 [INFO] runner: Progress: 1450/2778 (52.2%)
2026-05-28 09:25:51 [INFO] runner: Progress: 1500/2778 (54.0%)
2026-05-28 09:26:10 [INFO] runner: Progress: 1550/2778 (55.8%)
2026-05-28 09:26:29 [INFO] runner: Progress: 1600/2778 (57.6%)
2026-05-28 09:26:48 [INFO] runner: Progress: 1650/2778 (59.4%)
2026-05-28 09:27:07 [INFO] runner: Progress: 1700/2778 (61.2%)
2026-05-28 09:27:27 [INFO] runner: Progress: 1750/2778 (63.0%)
2026-05-28 09:27:47 [INFO] runner: Progress: 1800/2778 (64.8%)
2026-05-28 09:28:06 [INFO] runner: Progress: 1850/2778 (66.6%)
2026-05-28 09:28:25 [INFO] runner: Progress: 1900/2778 (68.4%)
2026-05-28 09:28:45 [INFO] runner: Progress: 1950/2778 (70.2%)
2026-05-28 09:29:04 [INFO] runner: Progress: 2000/2778 (72.0%)
2026-05-28 09:29:24 [INFO] runner: Progress: 2050/2778 (73.8%)
2026-05-28 09:29:45 [INFO] runner: Progress: 2100/2778 (75.6%)
2026-05-28 09:30:05 [INFO] runner: Progress: 2150/2778 (77.4%)
2026-05-28 09:30:26 [INFO] runner: Progress: 2200/2778 (79.2%)
2026-05-28 09:30:46 [INFO] runner: Progress: 2250/2778 (81.0%)
2026-05-28 09:31:07 [INFO] runner: Progress: 2300/2778 (82.8%)
2026-05-28 09:31:28 [INFO] runner: Progress: 2350/2778 (84.6%)
2026-05-28 09:31:50 [INFO] runner: Progress: 2400/2778 (86.4%)
2026-05-28 09:32:11 [INFO] runner: Progress: 2450/2778 (88.2%)
2026-05-28 09:32:32 [INFO] runner: Progress: 2500/2778 (90.0%)
2026-05-28 09:32:52 [INFO] runner: Progress: 2550/2778 (91.8%)
2026-05-28 09:33:14 [INFO] runner: Progress: 2600/2778 (93.6%)
2026-05-28 09:33:36 [INFO] runner: Progress: 2650/2778 (95.4%)
2026-05-28 09:33:58 [INFO] runner: Progress: 2700/2778 (97.2%)
2026-05-28 09:34:20 [INFO] runner: Progress: 2750/2778 (99.0%)
2026-05-28 09:34:32 [INFO] trend: Computed trends for 2776 stocks on 2026-05-26 (refs: {5: '2026-05-18', 20: '2026-04-24'})
2026-05-28 09:34:34 [INFO] runner: Detected 29 CCASS events (deposit/transfer) across 2744 stocks
2026-05-28 09:34:34 [INFO] runner: Logged 29 CCASS events (deposit/transfer)
2026-05-28 09:34:35 [ERROR] alerts: Telegram 401: {"ok":false,"error_code":401,"description":"Unauthorized"}
2026-05-28 09:34:35 [INFO] runner: Done: 0/2778 succeeded, 2778 failed
2026-05-28 09:36:26 [INFO] runner: Exported ccass.json (2776 stocks, 10 up, 10 down)
2026-05-28 09:37:53 [INFO] runner: Compressed ccass.db: 783994880 → 177159793 bytes
2026-05-28 09:37:58 [INFO] runner: Staged ccass.json + ccass.db.gz for workflow commit
2026-05-28 09:37:58 [INFO] backfill: Backfill complete: 1/1 days succeeded
2026-05-28 09:37:58 [INFO] backfill: Lock released
