2026-05-28 09:29:30 [INFO] backfill: Lock acquired (PID 385884)
2026-05-28 09:29:30 [INFO] backfill: Skip universe refresh: 2778 stocks already in DB
2026-05-28 09:29:30 [INFO] backfill: Backfill plan: 6 trading days
2026-05-28 09:29:30 [INFO] backfill: Backfilling 2026-05-06 (1/6)...
2026-05-28 09:29:30 [INFO] runner: ============================================================
2026-05-28 09:29:30 [INFO] runner: CCASS daily run for 2026-05-06
2026-05-28 09:29:30 [INFO] runner: ============================================================
2026-05-28 09:29:30 [INFO] runner: Querying CCASS data for 2026-05-05
2026-05-28 09:29:30 [INFO] runner: Universe: 2778 active stocks
2026-05-28 09:29:50 [INFO] runner: Progress: 50/2778 (1.8%)
2026-05-28 09:30:11 [INFO] runner: Progress: 100/2778 (3.6%)
2026-05-28 09:30:32 [INFO] runner: Progress: 150/2778 (5.4%)
2026-05-28 09:30:52 [INFO] runner: Progress: 200/2778 (7.2%)
2026-05-28 09:31:13 [INFO] runner: Progress: 250/2778 (9.0%)
2026-05-28 09:31:34 [INFO] runner: Progress: 300/2778 (10.8%)
2026-05-28 09:31:55 [INFO] runner: Progress: 350/2778 (12.6%)
2026-05-28 09:32:17 [INFO] runner: Progress: 400/2778 (14.4%)
2026-05-28 09:32:37 [INFO] runner: Progress: 450/2778 (16.2%)
2026-05-28 09:32:58 [INFO] runner: Progress: 500/2778 (18.0%)
2026-05-28 09:33:20 [INFO] runner: Progress: 550/2778 (19.8%)
2026-05-28 09:33:42 [INFO] runner: Progress: 600/2778 (21.6%)
2026-05-28 09:34:04 [INFO] runner: Progress: 650/2778 (23.4%)
2026-05-28 09:34:25 [INFO] runner: Progress: 700/2778 (25.2%)
2026-05-28 09:34:46 [INFO] runner: Progress: 750/2778 (27.0%)
2026-05-28 09:35:05 [INFO] runner: Progress: 800/2778 (28.8%)
2026-05-28 09:35:24 [INFO] runner: Progress: 850/2778 (30.6%)
2026-05-28 09:35:43 [INFO] runner: Progress: 900/2778 (32.4%)
2026-05-28 09:36:02 [INFO] runner: Progress: 950/2778 (34.2%)
2026-05-28 09:36:22 [INFO] runner: Progress: 1000/2778 (36.0%)
2026-05-28 09:36:42 [INFO] runner: Progress: 1050/2778 (37.8%)
2026-05-28 09:37:02 [INFO] runner: Progress: 1100/2778 (39.6%)
2026-05-28 09:37:21 [INFO] runner: Progress: 1150/2778 (41.4%)
2026-05-28 09:37:39 [INFO] runner: Progress: 1200/2778 (43.2%)
2026-05-28 09:37:57 [INFO] runner: Progress: 1250/2778 (45.0%)
2026-05-28 09:38:15 [INFO] runner: Progress: 1300/2778 (46.8%)
2026-05-28 09:38:34 [INFO] runner: Progress: 1350/2778 (48.6%)
2026-05-28 09:38:53 [INFO] runner: Progress: 1400/2778 (50.4%)
2026-05-28 09:39:11 [INFO] runner: Progress: 1450/2778 (52.2%)
2026-05-28 09:39:29 [INFO] runner: Progress: 1500/2778 (54.0%)
2026-05-28 09:39:47 [INFO] runner: Progress: 1550/2778 (55.8%)
2026-05-28 09:40:06 [INFO] runner: Progress: 1600/2778 (57.6%)
2026-05-28 09:40:25 [INFO] runner: Progress: 1650/2778 (59.4%)
2026-05-28 09:40:45 [INFO] runner: Progress: 1700/2778 (61.2%)
2026-05-28 09:41:04 [INFO] runner: Progress: 1750/2778 (63.0%)
2026-05-28 09:41:23 [INFO] runner: Progress: 1800/2778 (64.8%)
2026-05-28 09:41:42 [INFO] runner: Progress: 1850/2778 (66.6%)
2026-05-28 09:42:02 [INFO] runner: Progress: 1900/2778 (68.4%)
2026-05-28 09:42:21 [INFO] runner: Progress: 1950/2778 (70.2%)
2026-05-28 09:42:40 [INFO] runner: Progress: 2000/2778 (72.0%)
2026-05-28 09:42:59 [INFO] runner: Progress: 2050/2778 (73.8%)
2026-05-28 09:43:18 [INFO] runner: Progress: 2100/2778 (75.6%)
2026-05-28 09:43:38 [INFO] runner: Progress: 2150/2778 (77.4%)
2026-05-28 09:43:57 [INFO] runner: Progress: 2200/2778 (79.2%)
2026-05-28 09:44:16 [INFO] runner: Progress: 2250/2778 (81.0%)
2026-05-28 09:44:35 [INFO] runner: Progress: 2300/2778 (82.8%)
2026-05-28 09:44:55 [INFO] runner: Progress: 2350/2778 (84.6%)
2026-05-28 09:45:15 [INFO] runner: Progress: 2400/2778 (86.4%)
2026-05-28 09:45:35 [INFO] runner: Progress: 2450/2778 (88.2%)
2026-05-28 09:45:55 [INFO] runner: Progress: 2500/2778 (90.0%)
2026-05-28 09:46:14 [INFO] runner: Progress: 2550/2778 (91.8%)
2026-05-28 09:46:34 [INFO] runner: Progress: 2600/2778 (93.6%)
2026-05-28 09:46:53 [INFO] runner: Progress: 2650/2778 (95.4%)
2026-05-28 09:47:12 [INFO] runner: Progress: 2700/2778 (97.2%)
2026-05-28 09:47:31 [INFO] runner: Progress: 2750/2778 (99.0%)
2026-05-28 09:47:43 [INFO] trend: Computed trends for 2744 stocks on 2026-05-05 (refs: {5: '2026-04-27', 20: '2026-04-02'})
2026-05-28 09:47:44 [INFO] runner: Detected 18 CCASS events (deposit/transfer) across 2731 stocks
2026-05-28 09:47:44 [INFO] runner: Logged 18 CCASS events (deposit/transfer)
2026-05-28 09:47:45 [ERROR] alerts: Telegram 401: {"ok":false,"error_code":401,"description":"Unauthorized"}
2026-05-28 09:47:45 [INFO] runner: Done: 0/2778 succeeded, 2778 failed
2026-05-28 09:52:44 [INFO] runner: Exported ccass.json (2744 stocks, 0 up, 10 down)
2026-05-28 09:54:09 [INFO] runner: Compressed ccass.db: 790151168 → 178995131 bytes
2026-05-28 09:54:15 [INFO] runner: Staged ccass.json + ccass.db.gz for workflow commit
2026-05-28 09:54:15 [INFO] backfill: Backfilling 2026-05-07 (2/6)...
2026-05-28 09:54:15 [INFO] runner: ============================================================
2026-05-28 09:54:15 [INFO] runner: CCASS daily run for 2026-05-07
2026-05-28 09:54:15 [INFO] runner: ============================================================
2026-05-28 09:54:15 [INFO] runner: Querying CCASS data for 2026-05-06
2026-05-28 09:54:15 [INFO] runner: Universe: 2778 active stocks
2026-05-28 09:54:35 [INFO] runner: Progress: 50/2778 (1.8%)
2026-05-28 09:54:54 [INFO] runner: Progress: 100/2778 (3.6%)
2026-05-28 09:55:14 [INFO] runner: Progress: 150/2778 (5.4%)
2026-05-28 09:55:33 [INFO] runner: Progress: 200/2778 (7.2%)
2026-05-28 09:55:53 [INFO] runner: Progress: 250/2778 (9.0%)
2026-05-28 09:56:12 [INFO] runner: Progress: 300/2778 (10.8%)
2026-05-28 09:56:32 [INFO] runner: Progress: 350/2778 (12.6%)
2026-05-28 09:56:51 [INFO] runner: Progress: 400/2778 (14.4%)
2026-05-28 09:57:11 [INFO] runner: Progress: 450/2778 (16.2%)
2026-05-28 09:57:30 [INFO] runner: Progress: 500/2778 (18.0%)
2026-05-28 09:57:49 [INFO] runner: Progress: 550/2778 (19.8%)
2026-05-28 09:58:07 [INFO] runner: Progress: 600/2778 (21.6%)
2026-05-28 09:58:25 [INFO] runner: Progress: 650/2778 (23.4%)
2026-05-28 09:58:44 [INFO] runner: Progress: 700/2778 (25.2%)
2026-05-28 09:59:02 [INFO] runner: Progress: 750/2778 (27.0%)
2026-05-28 09:59:21 [INFO] runner: Progress: 800/2778 (28.8%)
2026-05-28 09:59:41 [INFO] runner: Progress: 850/2778 (30.6%)
2026-05-28 10:00:00 [INFO] runner: Progress: 900/2778 (32.4%)
2026-05-28 10:00:20 [INFO] runner: Progress: 950/2778 (34.2%)
2026-05-28 10:00:39 [INFO] runner: Progress: 1000/2778 (36.0%)
2026-05-28 10:00:59 [INFO] runner: Progress: 1050/2778 (37.8%)
2026-05-28 10:01:19 [INFO] runner: Progress: 1100/2778 (39.6%)
2026-05-28 10:01:39 [INFO] runner: Progress: 1150/2778 (41.4%)
2026-05-28 10:01:58 [INFO] runner: Progress: 1200/2778 (43.2%)
2026-05-28 10:02:18 [INFO] runner: Progress: 1250/2778 (45.0%)
2026-05-28 10:02:38 [INFO] runner: Progress: 1300/2778 (46.8%)
2026-05-28 10:02:57 [INFO] runner: Progress: 1350/2778 (48.6%)
2026-05-28 10:03:17 [INFO] runner: Progress: 1400/2778 (50.4%)
2026-05-28 10:03:36 [INFO] runner: Progress: 1450/2778 (52.2%)
2026-05-28 10:03:56 [INFO] runner: Progress: 1500/2778 (54.0%)
2026-05-28 10:04:16 [INFO] runner: Progress: 1550/2778 (55.8%)
2026-05-28 10:04:35 [INFO] runner: Progress: 1600/2778 (57.6%)
2026-05-28 10:04:55 [INFO] runner: Progress: 1650/2778 (59.4%)
2026-05-28 10:05:15 [INFO] runner: Progress: 1700/2778 (61.2%)
2026-05-28 10:05:35 [INFO] runner: Progress: 1750/2778 (63.0%)
2026-05-28 10:05:55 [INFO] runner: Progress: 1800/2778 (64.8%)
2026-05-28 10:06:15 [INFO] runner: Progress: 1850/2778 (66.6%)
2026-05-28 10:06:35 [INFO] runner: Progress: 1900/2778 (68.4%)
2026-05-28 10:06:55 [INFO] runner: Progress: 1950/2778 (70.2%)
2026-05-28 10:07:14 [INFO] runner: Progress: 2000/2778 (72.0%)
2026-05-28 10:07:34 [INFO] runner: Progress: 2050/2778 (73.8%)
2026-05-28 10:07:54 [INFO] runner: Progress: 2100/2778 (75.6%)
2026-05-28 10:08:14 [INFO] runner: Progress: 2150/2778 (77.4%)
2026-05-28 10:08:34 [INFO] runner: Progress: 2200/2778 (79.2%)
2026-05-28 10:08:54 [INFO] runner: Progress: 2250/2778 (81.0%)
2026-05-28 10:09:14 [INFO] runner: Progress: 2300/2778 (82.8%)
2026-05-28 10:09:34 [INFO] runner: Progress: 2350/2778 (84.6%)
2026-05-28 10:09:54 [INFO] runner: Progress: 2400/2778 (86.4%)
2026-05-28 10:10:14 [INFO] runner: Progress: 2450/2778 (88.2%)
2026-05-28 10:10:34 [INFO] runner: Progress: 2500/2778 (90.0%)
2026-05-28 10:10:54 [INFO] runner: Progress: 2550/2778 (91.8%)
2026-05-28 10:11:15 [INFO] runner: Progress: 2600/2778 (93.6%)
2026-05-28 10:11:35 [INFO] runner: Progress: 2650/2778 (95.4%)
2026-05-28 10:11:55 [INFO] runner: Progress: 2700/2778 (97.2%)
2026-05-28 10:12:15 [INFO] runner: Progress: 2750/2778 (99.0%)
2026-05-28 10:12:26 [INFO] trend: Computed trends for 0 stocks on 2026-05-06 (refs: {5: '2026-04-28', 20: '2026-04-03'})
2026-05-28 10:12:27 [INFO] runner: No CCASS events detected
2026-05-28 10:12:33 [ERROR] alerts: Telegram 401: {"ok":false,"error_code":401,"description":"Unauthorized"}
2026-05-28 10:12:33 [INFO] runner: Done: 0/2778 succeeded, 2778 failed
2026-05-28 10:12:33 [INFO] runner: Exported ccass.json (0 stocks, 0 up, 0 down)
2026-05-28 10:13:57 [INFO] runner: Compressed ccass.db: 797990912 → 181315588 bytes
2026-05-28 10:14:03 [INFO] runner: Staged ccass.json + ccass.db.gz for workflow commit
2026-05-28 10:14:03 [INFO] backfill: Backfilling 2026-05-08 (3/6)...
2026-05-28 10:14:03 [INFO] runner: ============================================================
2026-05-28 10:14:03 [INFO] runner: CCASS daily run for 2026-05-08
2026-05-28 10:14:03 [INFO] runner: ============================================================
2026-05-28 10:14:03 [INFO] runner: Querying CCASS data for 2026-05-07
2026-05-28 10:14:03 [INFO] runner: Universe: 2778 active stocks
2026-05-28 10:14:23 [INFO] runner: Progress: 50/2778 (1.8%)
2026-05-28 10:14:43 [INFO] runner: Progress: 100/2778 (3.6%)
2026-05-28 10:15:03 [INFO] runner: Progress: 150/2778 (5.4%)
2026-05-28 10:15:23 [INFO] runner: Progress: 200/2778 (7.2%)
2026-05-28 10:15:43 [INFO] runner: Progress: 250/2778 (9.0%)
2026-05-28 10:16:03 [INFO] runner: Progress: 300/2778 (10.8%)
2026-05-28 10:16:23 [INFO] runner: Progress: 350/2778 (12.6%)
2026-05-28 10:16:43 [INFO] runner: Progress: 400/2778 (14.4%)
2026-05-28 10:17:03 [INFO] runner: Progress: 450/2778 (16.2%)
2026-05-28 10:17:23 [INFO] runner: Progress: 500/2778 (18.0%)
2026-05-28 10:17:42 [INFO] runner: Progress: 550/2778 (19.8%)
2026-05-28 10:18:00 [INFO] runner: Progress: 600/2778 (21.6%)
2026-05-28 10:18:19 [INFO] runner: Progress: 650/2778 (23.4%)
2026-05-28 10:18:38 [INFO] runner: Progress: 700/2778 (25.2%)
2026-05-28 10:18:56 [INFO] runner: Progress: 750/2778 (27.0%)
2026-05-28 10:19:17 [INFO] runner: Progress: 800/2778 (28.8%)
2026-05-28 10:19:37 [INFO] runner: Progress: 850/2778 (30.6%)
2026-05-28 10:19:58 [INFO] runner: Progress: 900/2778 (32.4%)
2026-05-28 10:20:18 [INFO] runner: Progress: 950/2778 (34.2%)
2026-05-28 10:20:39 [INFO] runner: Progress: 1000/2778 (36.0%)
2026-05-28 10:20:59 [INFO] runner: Progress: 1050/2778 (37.8%)
2026-05-28 10:21:19 [INFO] runner: Progress: 1100/2778 (39.6%)
2026-05-28 10:21:40 [INFO] runner: Progress: 1150/2778 (41.4%)
2026-05-28 10:22:00 [INFO] runner: Progress: 1200/2778 (43.2%)
2026-05-28 10:22:21 [INFO] runner: Progress: 1250/2778 (45.0%)
2026-05-28 10:22:42 [INFO] runner: Progress: 1300/2778 (46.8%)
2026-05-28 10:23:02 [INFO] runner: Progress: 1350/2778 (48.6%)
2026-05-28 10:23:23 [INFO] runner: Progress: 1400/2778 (50.4%)
2026-05-28 10:23:45 [INFO] runner: Progress: 1450/2778 (52.2%)
2026-05-28 10:24:05 [INFO] runner: Progress: 1500/2778 (54.0%)
2026-05-28 10:24:26 [INFO] runner: Progress: 1550/2778 (55.8%)
2026-05-28 10:24:46 [INFO] runner: Progress: 1600/2778 (57.6%)
2026-05-28 10:25:07 [INFO] runner: Progress: 1650/2778 (59.4%)
2026-05-28 10:25:27 [INFO] runner: Progress: 1700/2778 (61.2%)
2026-05-28 10:25:48 [INFO] runner: Progress: 1750/2778 (63.0%)
2026-05-28 10:26:09 [INFO] runner: Progress: 1800/2778 (64.8%)
2026-05-28 10:26:29 [INFO] runner: Progress: 1850/2778 (66.6%)
2026-05-28 10:26:50 [INFO] runner: Progress: 1900/2778 (68.4%)
2026-05-28 10:27:11 [INFO] runner: Progress: 1950/2778 (70.2%)
2026-05-28 10:27:32 [INFO] runner: Progress: 2000/2778 (72.0%)
2026-05-28 10:27:53 [INFO] runner: Progress: 2050/2778 (73.8%)
2026-05-28 10:28:13 [INFO] runner: Progress: 2100/2778 (75.6%)
2026-05-28 10:28:34 [INFO] runner: Progress: 2150/2778 (77.4%)
2026-05-28 10:28:54 [INFO] runner: Progress: 2200/2778 (79.2%)
2026-05-28 10:29:14 [INFO] runner: Progress: 2250/2778 (81.0%)
2026-05-28 10:29:35 [INFO] runner: Progress: 2300/2778 (82.8%)
2026-05-28 10:29:55 [INFO] runner: Progress: 2350/2778 (84.6%)
2026-05-28 10:30:16 [INFO] runner: Progress: 2400/2778 (86.4%)
2026-05-28 10:30:38 [INFO] runner: Progress: 2450/2778 (88.2%)
2026-05-28 10:30:58 [INFO] runner: Progress: 2500/2778 (90.0%)
2026-05-28 10:31:20 [INFO] runner: Progress: 2550/2778 (91.8%)
2026-05-28 10:31:43 [INFO] runner: Progress: 2600/2778 (93.6%)
2026-05-28 10:32:03 [INFO] runner: Progress: 2650/2778 (95.4%)
2026-05-28 10:32:24 [INFO] runner: Progress: 2700/2778 (97.2%)
2026-05-28 10:32:45 [INFO] runner: Progress: 2750/2778 (99.0%)
2026-05-28 10:32:57 [INFO] trend: Computed trends for 0 stocks on 2026-05-07 (refs: {5: '2026-04-29', 20: '2026-04-08'})
2026-05-28 10:32:57 [INFO] runner: No CCASS events detected
2026-05-28 10:32:57 [ERROR] alerts: Telegram 401: {"ok":false,"error_code":401,"description":"Unauthorized"}
2026-05-28 10:32:57 [INFO] runner: Done: 0/2778 succeeded, 2778 failed
2026-05-28 10:32:57 [INFO] runner: Exported ccass.json (0 stocks, 0 up, 0 down)
2026-05-28 10:34:22 [INFO] runner: Compressed ccass.db: 806535168 → 183819559 bytes
2026-05-28 10:34:28 [INFO] runner: Staged ccass.json + ccass.db.gz for workflow commit
2026-05-28 10:34:28 [INFO] backfill: Backfilling 2026-05-11 (4/6)...
2026-05-28 10:34:28 [INFO] runner: ============================================================
2026-05-28 10:34:28 [INFO] runner: CCASS daily run for 2026-05-11
2026-05-28 10:34:28 [INFO] runner: ============================================================
2026-05-28 10:34:28 [INFO] runner: Querying CCASS data for 2026-05-08
2026-05-28 10:34:28 [INFO] runner: Universe: 2778 active stocks
2026-05-28 10:34:48 [INFO] runner: Progress: 50/2778 (1.8%)
2026-05-28 10:35:09 [INFO] runner: Progress: 100/2778 (3.6%)
2026-05-28 10:35:31 [INFO] runner: Progress: 150/2778 (5.4%)
2026-05-28 10:35:52 [INFO] runner: Progress: 200/2778 (7.2%)
2026-05-28 10:36:13 [INFO] runner: Progress: 250/2778 (9.0%)
2026-05-28 10:36:34 [INFO] runner: Progress: 300/2778 (10.8%)
2026-05-28 10:36:56 [INFO] runner: Progress: 350/2778 (12.6%)
2026-05-28 10:37:17 [INFO] runner: Progress: 400/2778 (14.4%)
2026-05-28 10:37:38 [INFO] runner: Progress: 450/2778 (16.2%)
2026-05-28 10:37:59 [INFO] runner: Progress: 500/2778 (18.0%)
2026-05-28 10:38:18 [INFO] runner: Progress: 550/2778 (19.8%)
2026-05-28 10:38:38 [INFO] runner: Progress: 600/2778 (21.6%)
2026-05-28 10:38:57 [INFO] runner: Progress: 650/2778 (23.4%)
2026-05-28 10:39:16 [INFO] runner: Progress: 700/2778 (25.2%)
2026-05-28 10:39:35 [INFO] runner: Progress: 750/2778 (27.0%)
2026-05-28 10:39:56 [INFO] runner: Progress: 800/2778 (28.8%)
2026-05-28 10:40:17 [INFO] runner: Progress: 850/2778 (30.6%)
2026-05-28 10:40:37 [INFO] runner: Progress: 900/2778 (32.4%)
2026-05-28 10:40:58 [INFO] runner: Progress: 950/2778 (34.2%)
2026-05-28 10:41:19 [INFO] runner: Progress: 1000/2778 (36.0%)
2026-05-28 10:41:40 [INFO] runner: Progress: 1050/2778 (37.8%)
2026-05-28 10:42:02 [INFO] runner: Progress: 1100/2778 (39.6%)
2026-05-28 10:42:22 [INFO] runner: Progress: 1150/2778 (41.4%)
2026-05-28 10:42:43 [INFO] runner: Progress: 1200/2778 (43.2%)
2026-05-28 10:43:03 [INFO] runner: Progress: 1250/2778 (45.0%)
2026-05-28 10:43:24 [INFO] runner: Progress: 1300/2778 (46.8%)
2026-05-28 10:43:45 [INFO] runner: Progress: 1350/2778 (48.6%)
2026-05-28 10:44:06 [INFO] runner: Progress: 1400/2778 (50.4%)
2026-05-28 10:44:27 [INFO] runner: Progress: 1450/2778 (52.2%)
2026-05-28 10:44:48 [INFO] runner: Progress: 1500/2778 (54.0%)
2026-05-28 10:45:09 [INFO] runner: Progress: 1550/2778 (55.8%)
2026-05-28 10:45:30 [INFO] runner: Progress: 1600/2778 (57.6%)
2026-05-28 10:45:51 [INFO] runner: Progress: 1650/2778 (59.4%)
2026-05-28 10:46:12 [INFO] runner: Progress: 1700/2778 (61.2%)
2026-05-28 10:46:34 [INFO] runner: Progress: 1750/2778 (63.0%)
2026-05-28 10:46:55 [INFO] runner: Progress: 1800/2778 (64.8%)
2026-05-28 10:47:16 [INFO] runner: Progress: 1850/2778 (66.6%)
2026-05-28 10:47:37 [INFO] runner: Progress: 1900/2778 (68.4%)
2026-05-28 10:47:58 [INFO] runner: Progress: 1950/2778 (70.2%)
2026-05-28 10:48:19 [INFO] runner: Progress: 2000/2778 (72.0%)
2026-05-28 10:48:40 [INFO] runner: Progress: 2050/2778 (73.8%)
2026-05-28 10:49:01 [INFO] runner: Progress: 2100/2778 (75.6%)
2026-05-28 10:49:22 [INFO] runner: Progress: 2150/2778 (77.4%)
2026-05-28 10:49:43 [INFO] runner: Progress: 2200/2778 (79.2%)
2026-05-28 10:50:05 [INFO] runner: Progress: 2250/2778 (81.0%)
2026-05-28 10:50:26 [INFO] runner: Progress: 2300/2778 (82.8%)
2026-05-28 10:50:47 [INFO] runner: Progress: 2350/2778 (84.6%)
2026-05-28 10:51:08 [INFO] runner: Progress: 2400/2778 (86.4%)
2026-05-28 10:51:29 [INFO] runner: Progress: 2450/2778 (88.2%)
2026-05-28 10:51:51 [INFO] runner: Progress: 2500/2778 (90.0%)
2026-05-28 10:52:12 [INFO] runner: Progress: 2550/2778 (91.8%)
2026-05-28 10:52:33 [INFO] runner: Progress: 2600/2778 (93.6%)
2026-05-28 10:52:54 [INFO] runner: Progress: 2650/2778 (95.4%)
2026-05-28 10:53:16 [INFO] runner: Progress: 2700/2778 (97.2%)
2026-05-28 10:53:37 [INFO] runner: Progress: 2750/2778 (99.0%)
2026-05-28 10:53:49 [INFO] trend: Computed trends for 0 stocks on 2026-05-08 (refs: {5: '2026-04-30', 20: '2026-04-09'})
2026-05-28 10:53:49 [INFO] runner: No CCASS events detected
2026-05-28 10:53:52 [ERROR] alerts: Telegram 401: {"ok":false,"error_code":401,"description":"Unauthorized"}
2026-05-28 10:53:52 [INFO] runner: Done: 0/2778 succeeded, 2778 failed
2026-05-28 10:53:52 [INFO] runner: Exported ccass.json (0 stocks, 0 up, 0 down)
2026-05-28 10:55:16 [INFO] runner: Compressed ccass.db: 818073600 → 187108857 bytes
2026-05-28 10:55:22 [INFO] runner: Staged ccass.json + ccass.db.gz for workflow commit
2026-05-28 10:55:22 [INFO] backfill: Backfilling 2026-05-12 (5/6)...
2026-05-28 10:55:22 [INFO] runner: ============================================================
2026-05-28 10:55:22 [INFO] runner: CCASS daily run for 2026-05-12
2026-05-28 10:55:22 [INFO] runner: ============================================================
2026-05-28 10:55:22 [INFO] runner: Querying CCASS data for 2026-05-11
2026-05-28 10:55:22 [INFO] runner: Universe: 2778 active stocks
2026-05-28 10:55:43 [INFO] runner: Progress: 50/2778 (1.8%)
2026-05-28 10:56:04 [INFO] runner: Progress: 100/2778 (3.6%)
2026-05-28 10:56:25 [INFO] runner: Progress: 150/2778 (5.4%)
2026-05-28 10:56:47 [INFO] runner: Progress: 200/2778 (7.2%)
2026-05-28 10:57:08 [INFO] runner: Progress: 250/2778 (9.0%)
2026-05-28 10:57:29 [INFO] runner: Progress: 300/2778 (10.8%)
2026-05-28 10:57:50 [INFO] runner: Progress: 350/2778 (12.6%)
2026-05-28 10:58:11 [INFO] runner: Progress: 400/2778 (14.4%)
2026-05-28 10:58:33 [INFO] runner: Progress: 450/2778 (16.2%)
2026-05-28 10:58:54 [INFO] runner: Progress: 500/2778 (18.0%)
2026-05-28 10:59:15 [INFO] runner: Progress: 550/2778 (19.8%)
2026-05-28 10:59:35 [INFO] runner: Progress: 600/2778 (21.6%)
2026-05-28 10:59:55 [INFO] runner: Progress: 650/2778 (23.4%)
2026-05-28 11:00:15 [INFO] runner: Progress: 700/2778 (25.2%)
2026-05-28 11:00:36 [INFO] runner: Progress: 750/2778 (27.0%)
2026-05-28 11:00:58 [INFO] runner: Progress: 800/2778 (28.8%)
2026-05-28 11:01:20 [INFO] runner: Progress: 850/2778 (30.6%)
2026-05-28 11:01:44 [INFO] runner: Progress: 900/2778 (32.4%)
2026-05-28 11:02:07 [INFO] runner: Progress: 950/2778 (34.2%)
2026-05-28 11:02:31 [INFO] runner: Progress: 1000/2778 (36.0%)
2026-05-28 11:02:52 [INFO] runner: Progress: 1050/2778 (37.8%)
2026-05-28 11:03:14 [INFO] runner: Progress: 1100/2778 (39.6%)
2026-05-28 11:03:36 [INFO] runner: Progress: 1150/2778 (41.4%)
2026-05-28 11:03:57 [INFO] runner: Progress: 1200/2778 (43.2%)
2026-05-28 11:04:19 [INFO] runner: Progress: 1250/2778 (45.0%)
2026-05-28 11:04:40 [INFO] runner: Progress: 1300/2778 (46.8%)
2026-05-28 11:05:02 [INFO] runner: Progress: 1350/2778 (48.6%)
2026-05-28 11:05:24 [INFO] runner: Progress: 1400/2778 (50.4%)
2026-05-28 11:05:45 [INFO] runner: Progress: 1450/2778 (52.2%)
2026-05-28 11:06:06 [INFO] runner: Progress: 1500/2778 (54.0%)
2026-05-28 11:06:28 [INFO] runner: Progress: 1550/2778 (55.8%)
2026-05-28 11:06:50 [INFO] runner: Progress: 1600/2778 (57.6%)
2026-05-28 11:07:11 [INFO] runner: Progress: 1650/2778 (59.4%)
2026-05-28 11:07:32 [INFO] runner: Progress: 1700/2778 (61.2%)
2026-05-28 11:07:54 [INFO] runner: Progress: 1750/2778 (63.0%)
2026-05-28 11:08:15 [INFO] runner: Progress: 1800/2778 (64.8%)
2026-05-28 11:08:37 [INFO] runner: Progress: 1850/2778 (66.6%)
2026-05-28 11:08:59 [INFO] runner: Progress: 1900/2778 (68.4%)
2026-05-28 11:09:20 [INFO] runner: Progress: 1950/2778 (70.2%)
2026-05-28 11:09:42 [INFO] runner: Progress: 2000/2778 (72.0%)
2026-05-28 11:10:04 [INFO] runner: Progress: 2050/2778 (73.8%)
2026-05-28 11:10:25 [INFO] runner: Progress: 2100/2778 (75.6%)
2026-05-28 11:10:47 [INFO] runner: Progress: 2150/2778 (77.4%)
2026-05-28 11:11:09 [INFO] runner: Progress: 2200/2778 (79.2%)
2026-05-28 11:11:30 [INFO] runner: Progress: 2250/2778 (81.0%)
2026-05-28 11:11:52 [INFO] runner: Progress: 2300/2778 (82.8%)
2026-05-28 11:12:13 [INFO] runner: Progress: 2350/2778 (84.6%)
2026-05-28 11:12:35 [INFO] runner: Progress: 2400/2778 (86.4%)
2026-05-28 11:12:56 [INFO] runner: Progress: 2450/2778 (88.2%)
2026-05-28 11:13:17 [INFO] runner: Progress: 2500/2778 (90.0%)
2026-05-28 11:13:39 [INFO] runner: Progress: 2550/2778 (91.8%)
2026-05-28 11:14:00 [INFO] runner: Progress: 2600/2778 (93.6%)
2026-05-28 11:14:22 [INFO] runner: Progress: 2650/2778 (95.4%)
2026-05-28 11:14:43 [INFO] runner: Progress: 2700/2778 (97.2%)
2026-05-28 11:15:05 [INFO] runner: Progress: 2750/2778 (99.0%)
2026-05-28 11:15:17 [INFO] trend: Computed trends for 0 stocks on 2026-05-11 (refs: {5: '2026-05-04', 20: '2026-04-10'})
2026-05-28 11:15:17 [INFO] runner: No CCASS events detected
2026-05-28 11:15:18 [ERROR] alerts: Telegram 401: {"ok":false,"error_code":401,"description":"Unauthorized"}
2026-05-28 11:15:18 [INFO] runner: Done: 0/2778 succeeded, 2778 failed
2026-05-28 11:15:18 [INFO] runner: Exported ccass.json (0 stocks, 0 up, 0 down)
2026-05-28 11:16:43 [INFO] runner: Compressed ccass.db: 826454016 → 189551442 bytes
2026-05-28 11:16:49 [INFO] runner: Staged ccass.json + ccass.db.gz for workflow commit
2026-05-28 11:16:49 [INFO] backfill: Backfilling 2026-05-13 (6/6)...
2026-05-28 11:16:49 [INFO] runner: ============================================================
2026-05-28 11:16:49 [INFO] runner: CCASS daily run for 2026-05-13
2026-05-28 11:16:49 [INFO] runner: ============================================================
2026-05-28 11:16:49 [INFO] runner: Querying CCASS data for 2026-05-12
2026-05-28 11:16:49 [INFO] runner: Universe: 2778 active stocks
2026-05-28 11:17:10 [INFO] runner: Progress: 50/2778 (1.8%)
2026-05-28 11:17:32 [INFO] runner: Progress: 100/2778 (3.6%)
2026-05-28 11:17:54 [INFO] runner: Progress: 150/2778 (5.4%)
2026-05-28 11:18:15 [INFO] runner: Progress: 200/2778 (7.2%)
2026-05-28 11:18:37 [INFO] runner: Progress: 250/2778 (9.0%)
2026-05-28 11:18:58 [INFO] runner: Progress: 300/2778 (10.8%)
2026-05-28 11:19:20 [INFO] runner: Progress: 350/2778 (12.6%)
2026-05-28 11:19:43 [INFO] runner: Progress: 400/2778 (14.4%)
2026-05-28 11:20:05 [INFO] runner: Progress: 450/2778 (16.2%)
2026-05-28 11:20:27 [INFO] runner: Progress: 500/2778 (18.0%)
2026-05-28 11:20:47 [INFO] runner: Progress: 550/2778 (19.8%)
2026-05-28 11:21:08 [INFO] runner: Progress: 600/2778 (21.6%)
2026-05-28 11:21:28 [INFO] runner: Progress: 650/2778 (23.4%)
2026-05-28 11:21:48 [INFO] runner: Progress: 700/2778 (25.2%)
2026-05-28 11:22:09 [INFO] runner: Progress: 750/2778 (27.0%)
2026-05-28 11:22:31 [INFO] runner: Progress: 800/2778 (28.8%)
2026-05-28 11:22:53 [INFO] runner: Progress: 850/2778 (30.6%)
2026-05-28 11:23:14 [INFO] runner: Progress: 900/2778 (32.4%)
2026-05-28 11:23:36 [INFO] runner: Progress: 950/2778 (34.2%)
2026-05-28 11:23:58 [INFO] runner: Progress: 1000/2778 (36.0%)
2026-05-28 11:24:20 [INFO] runner: Progress: 1050/2778 (37.8%)
2026-05-28 11:24:41 [INFO] runner: Progress: 1100/2778 (39.6%)
2026-05-28 11:25:03 [INFO] runner: Progress: 1150/2778 (41.4%)
2026-05-28 11:25:25 [INFO] runner: Progress: 1200/2778 (43.2%)
2026-05-28 11:25:47 [INFO] runner: Progress: 1250/2778 (45.0%)
2026-05-28 11:26:08 [INFO] runner: Progress: 1300/2778 (46.8%)
2026-05-28 11:26:31 [INFO] runner: Progress: 1350/2778 (48.6%)
2026-05-28 11:26:52 [INFO] runner: Progress: 1400/2778 (50.4%)
2026-05-28 11:27:14 [INFO] runner: Progress: 1450/2778 (52.2%)
2026-05-28 11:27:36 [INFO] runner: Progress: 1500/2778 (54.0%)
2026-05-28 11:27:58 [INFO] runner: Progress: 1550/2778 (55.8%)
2026-05-28 11:28:19 [INFO] runner: Progress: 1600/2778 (57.6%)
2026-05-28 11:28:41 [INFO] runner: Progress: 1650/2778 (59.4%)
2026-05-28 11:29:02 [INFO] runner: Progress: 1700/2778 (61.2%)
2026-05-28 11:29:24 [INFO] runner: Progress: 1750/2778 (63.0%)
2026-05-28 11:29:46 [INFO] runner: Progress: 1800/2778 (64.8%)
2026-05-28 11:30:07 [INFO] runner: Progress: 1850/2778 (66.6%)
2026-05-28 11:30:29 [INFO] runner: Progress: 1900/2778 (68.4%)
2026-05-28 11:30:51 [INFO] runner: Progress: 1950/2778 (70.2%)
2026-05-28 11:31:12 [INFO] runner: Progress: 2000/2778 (72.0%)
2026-05-28 11:31:36 [INFO] runner: Progress: 2050/2778 (73.8%)
2026-05-28 11:31:59 [INFO] runner: Progress: 2100/2778 (75.6%)
2026-05-28 11:32:22 [INFO] runner: Progress: 2150/2778 (77.4%)
2026-05-28 11:32:44 [INFO] runner: Progress: 2200/2778 (79.2%)
2026-05-28 11:33:06 [INFO] runner: Progress: 2250/2778 (81.0%)
2026-05-28 11:33:28 [INFO] runner: Progress: 2300/2778 (82.8%)
2026-05-28 11:33:50 [INFO] runner: Progress: 2350/2778 (84.6%)
2026-05-28 11:34:12 [INFO] runner: Progress: 2400/2778 (86.4%)
2026-05-28 11:34:34 [INFO] runner: Progress: 2450/2778 (88.2%)
2026-05-28 11:34:56 [INFO] runner: Progress: 2500/2778 (90.0%)
2026-05-28 11:35:18 [INFO] runner: Progress: 2550/2778 (91.8%)
2026-05-28 11:35:40 [INFO] runner: Progress: 2600/2778 (93.6%)
2026-05-28 11:36:02 [INFO] runner: Progress: 2650/2778 (95.4%)
2026-05-28 11:36:24 [INFO] runner: Progress: 2700/2778 (97.2%)
2026-05-28 11:36:46 [INFO] runner: Progress: 2750/2778 (99.0%)
2026-05-28 11:36:59 [INFO] trend: Computed trends for 0 stocks on 2026-05-12 (refs: {5: '2026-05-05', 20: '2026-04-13'})
2026-05-28 11:36:59 [INFO] runner: No CCASS events detected
2026-05-28 11:37:03 [ERROR] alerts: Telegram 401: {"ok":false,"error_code":401,"description":"Unauthorized"}
2026-05-28 11:37:03 [INFO] runner: Done: 0/2778 succeeded, 2778 failed
2026-05-28 11:37:03 [INFO] runner: Exported ccass.json (0 stocks, 0 up, 0 down)
2026-05-28 11:38:29 [INFO] runner: Compressed ccass.db: 834629632 → 191934651 bytes
2026-05-28 11:38:35 [INFO] runner: Staged ccass.json + ccass.db.gz for workflow commit
2026-05-28 11:38:35 [INFO] backfill: Backfill complete: 6/6 days succeeded

2026-05-28 11:22:03 [INFO] runner: ============================================================
2026-05-28 11:22:03 [INFO] runner: CCASS daily run for 2026-05-14
2026-05-28 11:22:03 [INFO] runner: ============================================================
2026-05-28 11:22:03 [INFO] runner: Querying CCASS data for 2026-05-13
2026-05-28 11:22:03 [INFO] runner: Universe: 2778 active stocks
2026-05-28 11:22:24 [INFO] runner: Progress: 50/2778 (1.8%)
2026-05-28 11:22:46 [INFO] runner: Progress: 100/2778 (3.6%)
2026-05-28 11:23:07 [INFO] runner: Progress: 150/2778 (5.4%)
2026-05-28 11:23:29 [INFO] runner: Progress: 200/2778 (7.2%)
2026-05-28 11:23:51 [INFO] runner: Progress: 250/2778 (9.0%)
2026-05-28 11:24:13 [INFO] runner: Progress: 300/2778 (10.8%)
2026-05-28 11:24:35 [INFO] runner: Progress: 350/2778 (12.6%)
2026-05-28 11:24:56 [INFO] runner: Progress: 400/2778 (14.4%)
2026-05-28 11:25:18 [INFO] runner: Progress: 450/2778 (16.2%)
2026-05-28 11:25:40 [INFO] runner: Progress: 500/2778 (18.0%)
2026-05-28 11:26:02 [INFO] runner: Progress: 550/2778 (19.8%)
2026-05-28 11:26:23 [INFO] runner: Progress: 600/2778 (21.6%)
2026-05-28 11:26:46 [INFO] runner: Progress: 650/2778 (23.4%)
2026-05-28 11:27:07 [INFO] runner: Progress: 700/2778 (25.2%)
2026-05-28 11:27:29 [INFO] runner: Progress: 750/2778 (27.0%)
2026-05-28 11:27:51 [INFO] runner: Progress: 800/2778 (28.8%)
2026-05-28 11:28:12 [INFO] runner: Progress: 850/2778 (30.6%)
2026-05-28 11:28:34 [INFO] runner: Progress: 900/2778 (32.4%)
2026-05-28 11:28:56 [INFO] runner: Progress: 950/2778 (34.2%)
2026-05-28 11:29:17 [INFO] runner: Progress: 1000/2778 (36.0%)
2026-05-28 11:29:39 [INFO] runner: Progress: 1050/2778 (37.8%)
2026-05-28 11:30:00 [INFO] runner: Progress: 1100/2778 (39.6%)
2026-05-28 11:30:22 [INFO] runner: Progress: 1150/2778 (41.4%)
2026-05-28 11:30:44 [INFO] runner: Progress: 1200/2778 (43.2%)
2026-05-28 11:31:05 [INFO] runner: Progress: 1250/2778 (45.0%)
2026-05-28 11:31:28 [INFO] runner: Progress: 1300/2778 (46.8%)
2026-05-28 11:31:53 [INFO] runner: Progress: 1350/2778 (48.6%)
2026-05-28 11:32:15 [INFO] runner: Progress: 1400/2778 (50.4%)
2026-05-28 11:32:37 [INFO] runner: Progress: 1450/2778 (52.2%)
2026-05-28 11:32:59 [INFO] runner: Progress: 1500/2778 (54.0%)
2026-05-28 11:33:21 [INFO] runner: Progress: 1550/2778 (55.8%)
2026-05-28 11:33:44 [INFO] runner: Progress: 1600/2778 (57.6%)
2026-05-28 11:34:05 [INFO] runner: Progress: 1650/2778 (59.4%)
2026-05-28 11:34:27 [INFO] runner: Progress: 1700/2778 (61.2%)
2026-05-28 11:34:49 [INFO] runner: Progress: 1750/2778 (63.0%)
2026-05-28 11:35:11 [INFO] runner: Progress: 1800/2778 (64.8%)
2026-05-28 11:35:33 [INFO] runner: Progress: 1850/2778 (66.6%)
2026-05-28 11:35:55 [INFO] runner: Progress: 1900/2778 (68.4%)
2026-05-28 11:36:17 [INFO] runner: Progress: 1950/2778 (70.2%)
2026-05-28 11:36:39 [INFO] runner: Progress: 2000/2778 (72.0%)
2026-05-28 11:37:01 [INFO] runner: Progress: 2050/2778 (73.8%)
2026-05-28 11:37:22 [INFO] runner: Progress: 2100/2778 (75.6%)
2026-05-28 11:37:42 [INFO] runner: Progress: 2150/2778 (77.4%)
2026-05-28 11:38:03 [INFO] runner: Progress: 2200/2778 (79.2%)
2026-05-28 11:38:24 [INFO] runner: Progress: 2250/2778 (81.0%)
2026-05-28 11:38:44 [INFO] runner: Progress: 2300/2778 (82.8%)
2026-05-28 11:39:05 [INFO] runner: Progress: 2350/2778 (84.6%)
2026-05-28 11:39:25 [INFO] runner: Progress: 2400/2778 (86.4%)
2026-05-28 11:39:46 [INFO] runner: Progress: 2450/2778 (88.2%)
2026-05-28 11:40:06 [INFO] runner: Progress: 2500/2778 (90.0%)
2026-05-28 11:40:27 [INFO] runner: Progress: 2550/2778 (91.8%)
2026-05-28 11:40:47 [INFO] runner: Progress: 2600/2778 (93.6%)
2026-05-28 11:41:08 [INFO] runner: Progress: 2650/2778 (95.4%)
2026-05-28 11:41:28 [INFO] runner: Progress: 2700/2778 (97.2%)
2026-05-28 11:41:49 [INFO] runner: Progress: 2750/2778 (99.0%)
2026-05-28 11:42:01 [INFO] trend: Computed trends for 0 stocks on 2026-05-13 (refs: {5: '2026-05-06', 20: '2026-04-14'})
2026-05-28 11:42:01 [INFO] runner: No CCASS events detected
2026-05-28 11:42:02 [ERROR] alerts: Telegram 401: {"ok":false,"error_code":401,"description":"Unauthorized"}
2026-05-28 11:42:02 [INFO] runner: Done: 0/2778 succeeded, 2778 failed
2026-05-28 11:42:02 [INFO] runner: Exported ccass.json (0 stocks, 0 up, 0 down)
2026-05-28 11:43:26 [INFO] runner: Compressed ccass.db: 836493312 → 192472802 bytes
2026-05-28 11:43:32 [INFO] runner: Staged ccass.json + ccass.db.gz for workflow commit
2026-05-28 11:43:32 [INFO] backfill: Backfilling 2026-05-15 (8/11)...
2026-05-28 11:43:32 [INFO] runner: ============================================================
2026-05-28 11:43:32 [INFO] runner: CCASS daily run for 2026-05-15
2026-05-28 11:43:32 [INFO] runner: ============================================================
2026-05-28 11:43:32 [INFO] runner: Querying CCASS data for 2026-05-14
2026-05-28 11:43:32 [INFO] runner: Universe: 2778 active stocks
2026-05-28 11:43:52 [INFO] runner: Progress: 50/2778 (1.8%)
2026-05-28 11:44:13 [INFO] runner: Progress: 100/2778 (3.6%)
2026-05-28 11:44:33 [INFO] runner: Progress: 150/2778 (5.4%)
2026-05-28 11:44:54 [INFO] runner: Progress: 200/2778 (7.2%)
2026-05-28 11:45:15 [INFO] runner: Progress: 250/2778 (9.0%)
2026-05-28 11:45:35 [INFO] runner: Progress: 300/2778 (10.8%)
2026-05-28 11:46:03 [ERROR] runner: DB save failed for 00382: NOT NULL constraint failed: ccass_daily.scraped_at
2026-05-28 11:46:23 [ERROR] runner: DB save failed for 00383: NOT NULL constraint failed: ccass_daily.scraped_at
2026-05-28 11:46:41 [ERROR] runner: DB save failed for 00384: NOT NULL constraint failed: ccass_daily.scraped_at
2026-05-28 11:47:00 [ERROR] runner: DB save failed for 00385: NOT NULL constraint failed: ccass_daily.scraped_at
2026-05-28 11:47:19 [ERROR] runner: DB save failed for 00386: NOT NULL constraint failed: ccass_daily.scraped_at
2026-05-28 11:47:37 [ERROR] runner: DB save failed for 00387: NOT NULL constraint failed: ccass_daily.scraped_at
2026-05-28 11:47:56 [ERROR] runner: DB save failed for 00388: NOT NULL constraint failed: ccass_daily.scraped_at
2026-05-28 11:48:14 [ERROR] runner: DB save failed for 00389: NOT NULL constraint failed: ccass_daily.scraped_at
2026-05-28 11:48:34 [ERROR] runner: DB save failed for 00390: NOT NULL constraint failed: ccass_daily.scraped_at
2026-05-28 11:48:53 [ERROR] runner: DB save failed for 00391: NOT NULL constraint failed: ccass_daily.scraped_at
2026-05-28 11:49:11 [ERROR] runner: DB save failed for 00392: NOT NULL constraint failed: ccass_daily.scraped_at
2026-05-28 11:49:28 [ERROR] runner: DB save failed for 00393: NOT NULL constraint failed: ccass_daily.scraped_at
2026-05-28 11:49:48 [ERROR] runner: DB save failed for 00396: NOT NULL constraint failed: ccass_daily.scraped_at
2026-05-28 11:50:08 [ERROR] runner: DB save failed for 00397: NOT NULL constraint failed: ccass_daily.scraped_at
2026-05-28 11:50:29 [ERROR] runner: DB save failed for 00398: NOT NULL constraint failed: ccass_daily.scraped_at
2026-05-28 11:50:47 [ERROR] runner: DB save failed for 00399: NOT NULL constraint failed: ccass_daily.scraped_at
2026-05-28 11:51:05 [ERROR] runner: DB save failed for 00400: NOT NULL constraint failed: ccass_daily.scraped_at
2026-05-28 11:51:22 [ERROR] runner: DB save failed for 00401: NOT NULL constraint failed: ccass_daily.scraped_at
2026-05-28 11:51:41 [ERROR] runner: DB save failed for 00403: NOT NULL constraint failed: ccass_daily.scraped_at
2026-05-28 11:52:00 [ERROR] runner: DB save failed for 00405: NOT NULL constraint failed: ccass_daily.scraped_at
2026-05-28 11:52:20 [ERROR] runner: DB save failed for 00406: NOT NULL constraint failed: ccass_daily.scraped_at
2026-05-28 11:52:38 [ERROR] runner: DB save failed for 00408: NOT NULL constraint failed: ccass_daily.scraped_at
2026-05-28 11:52:59 [ERROR] runner: DB save failed for 00410: NOT NULL constraint failed: ccass_daily.scraped_at
2026-05-28 11:53:16 [ERROR] runner: DB save failed for 00411: NOT NULL constraint failed: ccass_daily.scraped_at
2026-05-28 11:53:37 [ERROR] runner: DB save failed for 00412: NOT NULL constraint failed: ccass_daily.scraped_at
2026-05-28 11:53:55 [ERROR] runner: DB save failed for 00413: NOT NULL constraint failed: ccass_daily.scraped_at
2026-05-28 11:54:16 [ERROR] runner: DB save failed for 00417: NOT NULL constraint failed: ccass_daily.scraped_at
2026-05-28 11:54:34 [ERROR] runner: DB save failed for 00418: NOT NULL constraint failed: ccass_daily.scraped_at
2026-05-28 11:54:54 [ERROR] runner: DB save failed for 00419: NOT NULL constraint failed: ccass_daily.scraped_at
2026-05-28 11:55:14 [ERROR] runner: DB save failed for 00420: NOT NULL constraint failed: ccass_daily.scraped_at
2026-05-28 11:55:14 [INFO] runner: Progress: 350/2778 (12.6%)
2026-05-28 11:55:34 [ERROR] runner: DB save failed for 00422: NOT NULL constraint failed: ccass_daily.scraped_at
2026-05-28 11:55:53 [ERROR] runner: DB save failed for 00423: NOT NULL constraint failed: ccass_daily.scraped_at
2026-05-28 11:56:12 [ERROR] runner: DB save failed for 00425: NOT NULL constraint failed: ccass_daily.scraped_at
2026-05-28 11:56:32 [ERROR] runner: DB save failed for 00426: NOT NULL constraint failed: ccass_daily.scraped_at
2026-05-28 11:56:53 [ERROR] runner: DB save failed for 00428: NOT NULL constraint failed: ccass_daily.scraped_at
2026-05-28 11:57:10 [ERROR] runner: DB save failed for 00430: NOT NULL constraint failed: ccass_daily.scraped_at
2026-05-28 11:57:28 [ERROR] runner: DB save failed for 00431: NOT NULL constraint failed: ccass_daily.scraped_at
2026-05-28 11:57:48 [ERROR] runner: DB save failed for 00432: NOT NULL constraint failed: ccass_daily.scraped_at
2026-05-28 11:58:07 [ERROR] runner: DB save failed for 00433: NOT NULL constraint failed: ccass_daily.scraped_at
2026-05-28 11:58:26 [ERROR] runner: DB save failed for 00434: NOT NULL constraint failed: ccass_daily.scraped_at
2026-05-28 11:58:45 [ERROR] runner: DB save failed for 00435: NOT NULL constraint failed: ccass_daily.scraped_at
2026-05-28 11:59:05 [ERROR] runner: DB save failed for 00436: NOT NULL constraint failed: ccass_daily.scraped_at
2026-05-28 11:59:26 [ERROR] runner: DB save failed for 00438: NOT NULL constraint failed: ccass_daily.scraped_at
2026-05-28 11:59:43 [ERROR] runner: DB save failed for 00439: NOT NULL constraint failed: ccass_daily.scraped_at
2026-05-28 12:00:02 [ERROR] runner: DB save failed for 00440: NOT NULL constraint failed: ccass_daily.scraped_at
