2026-05-28 14:21:50 [INFO] backfill: Lock acquired (PID 703340)
2026-05-28 14:21:50 [INFO] backfill: Skip universe refresh: 2778 stocks already in DB
2026-05-28 14:21:50 [INFO] backfill: Backfill plan: 5 trading days
2026-05-28 14:21:50 [INFO] backfill: Backfilling 2026-05-20 (1/5)...
2026-05-28 14:21:51 [INFO] runner: ============================================================
2026-05-28 14:21:51 [INFO] runner: CCASS daily run for 2026-05-20
2026-05-28 14:21:51 [INFO] runner: ============================================================
2026-05-28 14:21:51 [INFO] runner: Querying CCASS data for 2026-05-20
2026-05-28 14:21:51 [INFO] runner: Universe: 2778 active stocks
2026-05-28 14:37:32 [INFO] runner: Progress: 50/2778 (1.8%)
2026-05-28 14:53:38 [INFO] runner: Progress: 100/2778 (3.6%)
2026-05-28 15:09:41 [INFO] runner: Progress: 150/2778 (5.4%)
2026-05-28 15:25:18 [INFO] runner: Progress: 200/2778 (7.2%)
2026-05-28 15:41:04 [INFO] runner: Progress: 250/2778 (9.0%)
2026-05-28 15:56:31 [INFO] runner: Progress: 300/2778 (10.8%)
2026-05-28 16:12:13 [INFO] runner: Progress: 350/2778 (12.6%)
2026-05-28 16:27:49 [INFO] runner: Progress: 400/2778 (14.4%)
2026-05-28 16:43:21 [INFO] runner: Progress: 450/2778 (16.2%)
2026-05-28 16:58:54 [INFO] runner: Progress: 500/2778 (18.0%)
2026-05-28 17:12:12 [INFO] runner: Progress: 550/2778 (19.8%)
2026-05-28 17:27:43 [INFO] runner: Progress: 600/2778 (21.6%)
2026-05-28 17:43:24 [INFO] runner: Progress: 650/2778 (23.4%)
2026-05-28 17:59:13 [INFO] runner: Progress: 700/2778 (25.2%)
2026-05-28 18:14:40 [INFO] runner: Progress: 750/2778 (27.0%)
