============================================================
HKEX LOCAL BACKFILL
Targets: ['2026-06-05']
============================================================
2026-06-06 07:40:46,597 [INFO] === HKEX BACKFILL 2026-06-05: have=12 need=2774 ===
2026-06-06 07:40:54 [INFO] scraper: Got 9 form tokens: ['__EVENTTARGET', '__EVENTARGUMENT', '__VIEWSTATE', '__VIEWSTATEGENERATOR', 'today', 'sortBy', 'sortDirection', 'originalShareholdingDate', 'alertMsg']
2026-06-06 07:40:54,923 [INFO] Got 9 form tokens: ['__EVENTTARGET', '__EVENTARGUMENT', '__VIEWSTATE', '__VIEWSTATEGENERATOR', 'today', 'sortBy', 'sortDirection', 'originalShareholdingDate', 'alertMsg']
2026-06-06 07:40:54 [INFO] scraper: All form inputs: [('__EVENTTARGET', 'hidden', ''), ('__EVENTARGUMENT', 'hidden', ''), ('__VIEWSTATE', 'hidden', '/wEPDwULLTE1Nzg3NjcwNjdkZJW3IT'), ('__VIEWSTATEGENERATOR', 'hidden', 'A7B2BBE2'), ('today', 'hidden', '20260606'), ('sortBy', 'hidden', 'shareholding'), ('sortDirection', 'hidden', 'desc'), ('originalShareholdingDate', 'hidden', ''), ('alertMsg', 'hidden', ''), ('txtShareholdingDate', 'text', '2026/06/05'), ('txtStockCode', 'text', ''), ('txtStockName', 'text', ''), ('txtParticipantID', 'text', ''), ('txtParticipantName', 'text', ''), ('txtSelPartID', 'text', '')]
2026-06-06 07:40:54,923 [INFO] All form inputs: [('__EVENTTARGET', 'hidden', ''), ('__EVENTARGUMENT', 'hidden', ''), ('__VIEWSTATE', 'hidden', '/wEPDwULLTE1Nzg3NjcwNjdkZJW3IT'), ('__VIEWSTATEGENERATOR', 'hidden', 'A7B2BBE2'), ('today', 'hidden', '20260606'), ('sortBy', 'hidden', 'shareholding'), ('sortDirection', 'hidden', 'desc'), ('originalShareholdingDate', 'hidden', ''), ('alertMsg', 'hidden', ''), ('txtShareholdingDate', 'text', '2026/06/05'), ('txtStockCode', 'text', ''), ('txtStockName', 'text', ''), ('txtParticipantID', 'text', ''), ('txtParticipantName', 'text', ''), ('txtSelPartID', 'text', '')]
2026-06-06 07:50:44,402 [INFO] 50/2774 ok=50 fail=0 0.1/s ETA 32568s
2026-06-06 08:00:28,182 [INFO] 100/2774 ok=100 fail=0 0.1/s ETA 31596s
2026-06-06 08:10:18,957 [INFO] 150/2774 ok=150 fail=0 0.1/s ETA 31004s
2026-06-06 08:11:00 [INFO] scraper: Got 9 form tokens: ['__EVENTTARGET', '__EVENTARGUMENT', '__VIEWSTATE', '__VIEWSTATEGENERATOR', 'today', 'sortBy', 'sortDirection', 'originalShareholdingDate', 'alertMsg']
2026-06-06 08:11:00,709 [INFO] Got 9 form tokens: ['__EVENTTARGET', '__EVENTARGUMENT', '__VIEWSTATE', '__VIEWSTATEGENERATOR', 'today', 'sortBy', 'sortDirection', 'originalShareholdingDate', 'alertMsg']
2026-06-06 08:11:00 [INFO] scraper: All form inputs: [('__EVENTTARGET', 'hidden', ''), ('__EVENTARGUMENT', 'hidden', ''), ('__VIEWSTATE', 'hidden', '/wEPDwULLTE1Nzg3NjcwNjdkZJW3IT'), ('__VIEWSTATEGENERATOR', 'hidden', 'A7B2BBE2'), ('today', 'hidden', '20260606'), ('sortBy', 'hidden', 'shareholding'), ('sortDirection', 'hidden', 'desc'), ('originalShareholdingDate', 'hidden', ''), ('alertMsg', 'hidden', ''), ('txtShareholdingDate', 'text', '2026/06/05'), ('txtStockCode', 'text', ''), ('txtStockName', 'text', ''), ('txtParticipantID', 'text', ''), ('txtParticipantName', 'text', ''), ('txtSelPartID', 'text', '')]
2026-06-06 08:11:00,709 [INFO] All form inputs: [('__EVENTTARGET', 'hidden', ''), ('__EVENTARGUMENT', 'hidden', ''), ('__VIEWSTATE', 'hidden', '/wEPDwULLTE1Nzg3NjcwNjdkZJW3IT'), ('__VIEWSTATEGENERATOR', 'hidden', 'A7B2BBE2'), ('today', 'hidden', '20260606'), ('sortBy', 'hidden', 'shareholding'), ('sortDirection', 'hidden', 'desc'), ('originalShareholdingDate', 'hidden', ''), ('alertMsg', 'hidden', ''), ('txtShareholdingDate', 'text', '2026/06/05'), ('txtStockCode', 'text', ''), ('txtStockName', 'text', ''), ('txtParticipantID', 'text', ''), ('txtParticipantName', 'text', ''), ('txtSelPartID', 'text', '')]
2026-06-06 08:19:47,564 [INFO] 200/2774 ok=200 fail=0 0.1/s ETA 30128s
2026-06-06 08:29:20,870 [INFO] 250/2774 ok=250 fail=0 0.1/s ETA 29423s
2026-06-06 08:38:46,255 [INFO] 300/2774 ok=300 fail=0 0.1/s ETA 28696s
2026-06-06 08:41:03 [INFO] scraper: Got 9 form tokens: ['__EVENTTARGET', '__EVENTARGUMENT', '__VIEWSTATE', '__VIEWSTATEGENERATOR', 'today', 'sortBy', 'sortDirection', 'originalShareholdingDate', 'alertMsg']
2026-06-06 08:41:03,168 [INFO] Got 9 form tokens: ['__EVENTTARGET', '__EVENTARGUMENT', '__VIEWSTATE', '__VIEWSTATEGENERATOR', 'today', 'sortBy', 'sortDirection', 'originalShareholdingDate', 'alertMsg']
2026-06-06 08:41:03 [INFO] scraper: All form inputs: [('__EVENTTARGET', 'hidden', ''), ('__EVENTARGUMENT', 'hidden', ''), ('__VIEWSTATE', 'hidden', '/wEPDwULLTE1Nzg3NjcwNjdkZJW3IT'), ('__VIEWSTATEGENERATOR', 'hidden', 'A7B2BBE2'), ('today', 'hidden', '20260606'), ('sortBy', 'hidden', 'shareholding'), ('sortDirection', 'hidden', 'desc'), ('originalShareholdingDate', 'hidden', ''), ('alertMsg', 'hidden', ''), ('txtShareholdingDate', 'text', '2026/06/05'), ('txtStockCode', 'text', ''), ('txtStockName', 'text', ''), ('txtParticipantID', 'text', ''), ('txtParticipantName', 'text', ''), ('txtSelPartID', 'text', '')]
2026-06-06 08:41:03,168 [INFO] All form inputs: [('__EVENTTARGET', 'hidden', ''), ('__EVENTARGUMENT', 'hidden', ''), ('__VIEWSTATE', 'hidden', '/wEPDwULLTE1Nzg3NjcwNjdkZJW3IT'), ('__VIEWSTATEGENERATOR', 'hidden', 'A7B2BBE2'), ('today', 'hidden', '20260606'), ('sortBy', 'hidden', 'shareholding'), ('sortDirection', 'hidden', 'desc'), ('originalShareholdingDate', 'hidden', ''), ('alertMsg', 'hidden', ''), ('txtShareholdingDate', 'text', '2026/06/05'), ('txtStockCode', 'text', ''), ('txtStockName', 'text', ''), ('txtParticipantID', 'text', ''), ('txtParticipantName', 'text', ''), ('txtSelPartID', 'text', '')]
2026-06-06 08:48:25,420 [INFO] 350/2774 ok=350 fail=0 0.1/s ETA 28110s
2026-06-06 08:58:05,331 [INFO] 400/2774 ok=400 fail=0 0.1/s ETA 27531s
2026-06-06 09:07:45,047 [INFO] 450/2774 ok=450 fail=0 0.1/s ETA 26950s
2026-06-06 09:11:14 [INFO] scraper: Got 9 form tokens: ['__EVENTTARGET', '__EVENTARGUMENT', '__VIEWSTATE', '__VIEWSTATEGENERATOR', 'today', 'sortBy', 'sortDirection', 'originalShareholdingDate', 'alertMsg']
2026-06-06 09:11:14,336 [INFO] Got 9 form tokens: ['__EVENTTARGET', '__EVENTARGUMENT', '__VIEWSTATE', '__VIEWSTATEGENERATOR', 'today', 'sortBy', 'sortDirection', 'originalShareholdingDate', 'alertMsg']
2026-06-06 09:11:14 [INFO] scraper: All form inputs: [('__EVENTTARGET', 'hidden', ''), ('__EVENTARGUMENT', 'hidden', ''), ('__VIEWSTATE', 'hidden', '/wEPDwULLTE1Nzg3NjcwNjdkZJW3IT'), ('__VIEWSTATEGENERATOR', 'hidden', 'A7B2BBE2'), ('today', 'hidden', '20260606'), ('sortBy', 'hidden', 'shareholding'), ('sortDirection', 'hidden', 'desc'), ('originalShareholdingDate', 'hidden', ''), ('alertMsg', 'hidden', ''), ('txtShareholdingDate', 'text', '2026/06/05'), ('txtStockCode', 'text', ''), ('txtStockName', 'text', ''), ('txtParticipantID', 'text', ''), ('txtParticipantName', 'text', ''), ('txtSelPartID', 'text', '')]
2026-06-06 09:11:14,336 [INFO] All form inputs: [('__EVENTTARGET', 'hidden', ''), ('__EVENTARGUMENT', 'hidden', ''), ('__VIEWSTATE', 'hidden', '/wEPDwULLTE1Nzg3NjcwNjdkZJW3IT'), ('__VIEWSTATEGENERATOR', 'hidden', 'A7B2BBE2'), ('today', 'hidden', '20260606'), ('sortBy', 'hidden', 'shareholding'), ('sortDirection', 'hidden', 'desc'), ('originalShareholdingDate', 'hidden', ''), ('alertMsg', 'hidden', ''), ('txtShareholdingDate', 'text', '2026/06/05'), ('txtStockCode', 'text', ''), ('txtStockName', 'text', ''), ('txtParticipantID', 'text', ''), ('txtParticipantName', 'text', ''), ('txtSelPartID', 'text', '')]
2026-06-06 09:17:43,903 [INFO] 500/2774 ok=500 fail=0 0.1/s ETA 26457s
2026-06-06 09:27:28,547 [INFO] 550/2774 ok=550 fail=0 0.1/s ETA 25887s
2026-06-06 09:28:27,381 [WARNING] 00721: no data
2026-06-06 09:36:59,273 [INFO] 600/2774 ok=599 fail=1 0.1/s ETA 25264s
2026-06-06 09:41:16 [INFO] scraper: Got 9 form tokens: ['__EVENTTARGET', '__EVENTARGUMENT', '__VIEWSTATE', '__VIEWSTATEGENERATOR', 'today', 'sortBy', 'sortDirection', 'originalShareholdingDate', 'alertMsg']
2026-06-06 09:41:16,067 [INFO] Got 9 form tokens: ['__EVENTTARGET', '__EVENTARGUMENT', '__VIEWSTATE', '__VIEWSTATEGENERATOR', 'today', 'sortBy', 'sortDirection', 'originalShareholdingDate', 'alertMsg']
2026-06-06 09:41:16 [INFO] scraper: All form inputs: [('__EVENTTARGET', 'hidden', ''), ('__EVENTARGUMENT', 'hidden', ''), ('__VIEWSTATE', 'hidden', '/wEPDwULLTE1Nzg3NjcwNjdkZJW3IT'), ('__VIEWSTATEGENERATOR', 'hidden', 'A7B2BBE2'), ('today', 'hidden', '20260606'), ('sortBy', 'hidden', 'shareholding'), ('sortDirection', 'hidden', 'desc'), ('originalShareholdingDate', 'hidden', ''), ('alertMsg', 'hidden', ''), ('txtShareholdingDate', 'text', '2026/06/05'), ('txtStockCode', 'text', ''), ('txtStockName', 'text', ''), ('txtParticipantID', 'text', ''), ('txtParticipantName', 'text', ''), ('txtSelPartID', 'text', '')]
2026-06-06 09:41:16,067 [INFO] All form inputs: [('__EVENTTARGET', 'hidden', ''), ('__EVENTARGUMENT', 'hidden', ''), ('__VIEWSTATE', 'hidden', '/wEPDwULLTE1Nzg3NjcwNjdkZJW3IT'), ('__VIEWSTATEGENERATOR', 'hidden', 'A7B2BBE2'), ('today', 'hidden', '20260606'), ('sortBy', 'hidden', 'shareholding'), ('sortDirection', 'hidden', 'desc'), ('originalShareholdingDate', 'hidden', ''), ('alertMsg', 'hidden', ''), ('txtShareholdingDate', 'text', '2026/06/05'), ('txtStockCode', 'text', ''), ('txtStockName', 'text', ''), ('txtParticipantID', 'text', ''), ('txtParticipantName', 'text', ''), ('txtSelPartID', 'text', '')]
2026-06-06 09:46:33,897 [INFO] 650/2774 ok=649 fail=1 0.1/s ETA 24662s
2026-06-06 09:47:55,729 [WARNING] 00862: no data
2026-06-06 09:56:22,275 [INFO] 700/2774 ok=698 fail=2 0.1/s ETA 24105s
2026-06-06 10:02:35 [WARNING] scraper: Scrape 00970 attempt 1 failed: ('Connection aborted.', RemoteDisconnected('Remote end closed connection without response')). Sleeping 2s
2026-06-06 10:02:35,582 [WARNING] Scrape 00970 attempt 1 failed: ('Connection aborted.', RemoteDisconnected('Remote end closed connection without response')). Sleeping 2s
2026-06-06 10:02:37 [WARNING] scraper: Scrape 00970 attempt 2 failed: HTTPSConnectionPool(host='www3.hkexnews.hk', port=443): Max retries exceeded with url: /sdw/search/searchsdw.aspx (Caused by SSLError(SSLEOFError(8, '[SSL: UNEXPECTED_EOF_WHILE_READING] EOF occurred in violation of protocol (_ssl.c:1016)'))). Sleeping 4s
2026-06-06 10:02:37,963 [WARNING] Scrape 00970 attempt 2 failed: HTTPSConnectionPool(host='www3.hkexnews.hk', port=443): Max retries exceeded with url: /sdw/search/searchsdw.aspx (Caused by SSLError(SSLEOFError(8, '[SSL: UNEXPECTED_EOF_WHILE_READING] EOF occurred in violation of protocol (_ssl.c:1016)'))). Sleeping 4s
2026-06-06 10:02:41 [ERROR] scraper: Scrape 00970 exhausted retries: HTTPSConnectionPool(host='www3.hkexnews.hk', port=443): Max retries exceeded with url: /sdw/search/searchsdw.aspx (Caused by SSLError(SSLEOFError(8, '[SSL: UNEXPECTED_EOF_WHILE_READING] EOF occurred in violation of protocol (_ssl.c:1016)')))
2026-06-06 10:02:41,965 [ERROR] Scrape 00970 exhausted retries: HTTPSConnectionPool(host='www3.hkexnews.hk', port=443): Max retries exceeded with url: /sdw/search/searchsdw.aspx (Caused by SSLError(SSLEOFError(8, '[SSL: UNEXPECTED_EOF_WHILE_READING] EOF occurred in violation of protocol (_ssl.c:1016)')))
2026-06-06 10:02:41,965 [WARNING] 00970: no data
2026-06-06 10:02:42 [WARNING] scraper: Scrape 00974 attempt 1 failed: HTTPSConnectionPool(host='www3.hkexnews.hk', port=443): Max retries exceeded with url: /sdw/search/searchsdw.aspx (Caused by SSLError(SSLEOFError(8, '[SSL: UNEXPECTED_EOF_WHILE_READING] EOF occurred in violation of protocol (_ssl.c:1016)'))). Sleeping 2s
2026-06-06 10:02:42,358 [WARNING] Scrape 00974 attempt 1 failed: HTTPSConnectionPool(host='www3.hkexnews.hk', port=443): Max retries exceeded with url: /sdw/search/searchsdw.aspx (Caused by SSLError(SSLEOFError(8, '[SSL: UNEXPECTED_EOF_WHILE_READING] EOF occurred in violation of protocol (_ssl.c:1016)'))). Sleeping 2s
2026-06-06 10:02:44 [WARNING] scraper: Scrape 00974 attempt 2 failed: HTTPSConnectionPool(host='www3.hkexnews.hk', port=443): Max retries exceeded with url: /sdw/search/searchsdw.aspx (Caused by SSLError(SSLEOFError(8, '[SSL: UNEXPECTED_EOF_WHILE_READING] EOF occurred in violation of protocol (_ssl.c:1016)'))). Sleeping 4s
2026-06-06 10:02:44,801 [WARNING] Scrape 00974 attempt 2 failed: HTTPSConnectionPool(host='www3.hkexnews.hk', port=443): Max retries exceeded with url: /sdw/search/searchsdw.aspx (Caused by SSLError(SSLEOFError(8, '[SSL: UNEXPECTED_EOF_WHILE_READING] EOF occurred in violation of protocol (_ssl.c:1016)'))). Sleeping 4s
2026-06-06 10:02:48 [ERROR] scraper: Scrape 00974 exhausted retries: HTTPSConnectionPool(host='www3.hkexnews.hk', port=443): Max retries exceeded with url: /sdw/search/searchsdw.aspx (Caused by SSLError(SSLEOFError(8, '[SSL: UNEXPECTED_EOF_WHILE_READING] EOF occurred in violation of protocol (_ssl.c:1016)')))
2026-06-06 10:02:48,801 [ERROR] Scrape 00974 exhausted retries: HTTPSConnectionPool(host='www3.hkexnews.hk', port=443): Max retries exceeded with url: /sdw/search/searchsdw.aspx (Caused by SSLError(SSLEOFError(8, '[SSL: UNEXPECTED_EOF_WHILE_READING] EOF occurred in violation of protocol (_ssl.c:1016)')))
2026-06-06 10:02:48,801 [WARNING] 00974: no data
2026-06-06 10:04:14 [WARNING] scraper: Scrape 00980 attempt 1 failed: HTTPSConnectionPool(host='www3.hkexnews.hk', port=443): Read timed out. (read timeout=30). Sleeping 2s
2026-06-06 10:04:14,327 [WARNING] Scrape 00980 attempt 1 failed: HTTPSConnectionPool(host='www3.hkexnews.hk', port=443): Read timed out. (read timeout=30). Sleeping 2s
2026-06-06 10:05:13,354 [WARNING] 00986: no data
2026-06-06 10:06:34,629 [INFO] 750/2774 ok=745 fail=5 0.1/s ETA 23608s
2026-06-06 10:11:22 [INFO] scraper: Got 9 form tokens: ['__EVENTTARGET', '__EVENTARGUMENT', '__VIEWSTATE', '__VIEWSTATEGENERATOR', 'today', 'sortBy', 'sortDirection', 'originalShareholdingDate', 'alertMsg']
2026-06-06 10:11:22,774 [INFO] Got 9 form tokens: ['__EVENTTARGET', '__EVENTARGUMENT', '__VIEWSTATE', '__VIEWSTATEGENERATOR', 'today', 'sortBy', 'sortDirection', 'originalShareholdingDate', 'alertMsg']
2026-06-06 10:11:22 [INFO] scraper: All form inputs: [('__EVENTTARGET', 'hidden', ''), ('__EVENTARGUMENT', 'hidden', ''), ('__VIEWSTATE', 'hidden', '/wEPDwULLTE1Nzg3NjcwNjdkZJW3IT'), ('__VIEWSTATEGENERATOR', 'hidden', 'A7B2BBE2'), ('today', 'hidden', '20260606'), ('sortBy', 'hidden', 'shareholding'), ('sortDirection', 'hidden', 'desc'), ('originalShareholdingDate', 'hidden', ''), ('alertMsg', 'hidden', ''), ('txtShareholdingDate', 'text', '2026/06/05'), ('txtStockCode', 'text', ''), ('txtStockName', 'text', ''), ('txtParticipantID', 'text', ''), ('txtParticipantName', 'text', ''), ('txtSelPartID', 'text', '')]
2026-06-06 10:11:22,774 [INFO] All form inputs: [('__EVENTTARGET', 'hidden', ''), ('__EVENTARGUMENT', 'hidden', ''), ('__VIEWSTATE', 'hidden', '/wEPDwULLTE1Nzg3NjcwNjdkZJW3IT'), ('__VIEWSTATEGENERATOR', 'hidden', 'A7B2BBE2'), ('today', 'hidden', '20260606'), ('sortBy', 'hidden', 'shareholding'), ('sortDirection', 'hidden', 'desc'), ('originalShareholdingDate', 'hidden', ''), ('alertMsg', 'hidden', ''), ('txtShareholdingDate', 'text', '2026/06/05'), ('txtStockCode', 'text', ''), ('txtStockName', 'text', ''), ('txtParticipantID', 'text', ''), ('txtParticipantName', 'text', ''), ('txtSelPartID', 'text', '')]
2026-06-06 10:16:28,036 [INFO] 800/2774 ok=795 fail=5 0.1/s ETA 23050s
2026-06-06 10:26:12,916 [INFO] 850/2774 ok=845 fail=5 0.1/s ETA 22469s
2026-06-06 10:35:53,273 [INFO] 900/2774 ok=895 fail=5 0.1/s ETA 21877s
2026-06-06 10:41:25 [INFO] scraper: Got 9 form tokens: ['__EVENTTARGET', '__EVENTARGUMENT', '__VIEWSTATE', '__VIEWSTATEGENERATOR', 'today', 'sortBy', 'sortDirection', 'originalShareholdingDate', 'alertMsg']
2026-06-06 10:41:25,347 [INFO] Got 9 form tokens: ['__EVENTTARGET', '__EVENTARGUMENT', '__VIEWSTATE', '__VIEWSTATEGENERATOR', 'today', 'sortBy', 'sortDirection', 'originalShareholdingDate', 'alertMsg']
2026-06-06 10:41:25 [INFO] scraper: All form inputs: [('__EVENTTARGET', 'hidden', ''), ('__EVENTARGUMENT', 'hidden', ''), ('__VIEWSTATE', 'hidden', '/wEPDwULLTE1Nzg3NjcwNjdkZJW3IT'), ('__VIEWSTATEGENERATOR', 'hidden', 'A7B2BBE2'), ('today', 'hidden', '20260606'), ('sortBy', 'hidden', 'shareholding'), ('sortDirection', 'hidden', 'desc'), ('originalShareholdingDate', 'hidden', ''), ('alertMsg', 'hidden', ''), ('txtShareholdingDate', 'text', '2026/06/05'), ('txtStockCode', 'text', ''), ('txtStockName', 'text', ''), ('txtParticipantID', 'text', ''), ('txtParticipantName', 'text', ''), ('txtSelPartID', 'text', '')]
2026-06-06 10:41:25,348 [INFO] All form inputs: [('__EVENTTARGET', 'hidden', ''), ('__EVENTARGUMENT', 'hidden', ''), ('__VIEWSTATE', 'hidden', '/wEPDwULLTE1Nzg3NjcwNjdkZJW3IT'), ('__VIEWSTATEGENERATOR', 'hidden', 'A7B2BBE2'), ('today', 'hidden', '20260606'), ('sortBy', 'hidden', 'shareholding'), ('sortDirection', 'hidden', 'desc'), ('originalShareholdingDate', 'hidden', ''), ('alertMsg', 'hidden', ''), ('txtShareholdingDate', 'text', '2026/06/05'), ('txtStockCode', 'text', ''), ('txtStockName', 'text', ''), ('txtParticipantID', 'text', ''), ('txtParticipantName', 'text', ''), ('txtSelPartID', 'text', '')]
2026-06-06 10:45:42,763 [INFO] 950/2774 ok=945 fail=5 0.1/s ETA 21305s
2026-06-06 10:55:32,606 [INFO] 1000/2774 ok=995 fail=5 0.1/s ETA 20731s
2026-06-06 11:05:27,667 [INFO] 1050/2774 ok=1045 fail=5 0.1/s ETA 20164s
2026-06-06 11:11:27 [INFO] scraper: Got 9 form tokens: ['__EVENTTARGET', '__EVENTARGUMENT', '__VIEWSTATE', '__VIEWSTATEGENERATOR', 'today', 'sortBy', 'sortDirection', 'originalShareholdingDate', 'alertMsg']
2026-06-06 11:11:27,876 [INFO] Got 9 form tokens: ['__EVENTTARGET', '__EVENTARGUMENT', '__VIEWSTATE', '__VIEWSTATEGENERATOR', 'today', 'sortBy', 'sortDirection', 'originalShareholdingDate', 'alertMsg']
2026-06-06 11:11:27 [INFO] scraper: All form inputs: [('__EVENTTARGET', 'hidden', ''), ('__EVENTARGUMENT', 'hidden', ''), ('__VIEWSTATE', 'hidden', '/wEPDwULLTE1Nzg3NjcwNjdkZJW3IT'), ('__VIEWSTATEGENERATOR', 'hidden', 'A7B2BBE2'), ('today', 'hidden', '20260606'), ('sortBy', 'hidden', 'shareholding'), ('sortDirection', 'hidden', 'desc'), ('originalShareholdingDate', 'hidden', ''), ('alertMsg', 'hidden', ''), ('txtShareholdingDate', 'text', '2026/06/05'), ('txtStockCode', 'text', ''), ('txtStockName', 'text', ''), ('txtParticipantID', 'text', ''), ('txtParticipantName', 'text', ''), ('txtSelPartID', 'text', '')]
2026-06-06 11:11:27,877 [INFO] All form inputs: [('__EVENTTARGET', 'hidden', ''), ('__EVENTARGUMENT', 'hidden', ''), ('__VIEWSTATE', 'hidden', '/wEPDwULLTE1Nzg3NjcwNjdkZJW3IT'), ('__VIEWSTATEGENERATOR', 'hidden', 'A7B2BBE2'), ('today', 'hidden', '20260606'), ('sortBy', 'hidden', 'shareholding'), ('sortDirection', 'hidden', 'desc'), ('originalShareholdingDate', 'hidden', ''), ('alertMsg', 'hidden', ''), ('txtShareholdingDate', 'text', '2026/06/05'), ('txtStockCode', 'text', ''), ('txtStockName', 'text', ''), ('txtParticipantID', 'text', ''), ('txtParticipantName', 'text', ''), ('txtSelPartID', 'text', '')]
2026-06-06 11:15:13,310 [INFO] 1100/2774 ok=1095 fail=5 0.1/s ETA 19581s
2026-06-06 11:25:04,680 [INFO] 1150/2774 ok=1145 fail=5 0.1/s ETA 19005s
2026-06-06 11:34:50,205 [INFO] 1200/2774 ok=1195 fail=5 0.1/s ETA 18421s
2026-06-06 11:41:34 [INFO] scraper: Got 9 form tokens: ['__EVENTTARGET', '__EVENTARGUMENT', '__VIEWSTATE', '__VIEWSTATEGENERATOR', 'today', 'sortBy', 'sortDirection', 'originalShareholdingDate', 'alertMsg']
2026-06-06 11:41:34,120 [INFO] Got 9 form tokens: ['__EVENTTARGET', '__EVENTARGUMENT', '__VIEWSTATE', '__VIEWSTATEGENERATOR', 'today', 'sortBy', 'sortDirection', 'originalShareholdingDate', 'alertMsg']
2026-06-06 11:41:34 [INFO] scraper: All form inputs: [('__EVENTTARGET', 'hidden', ''), ('__EVENTARGUMENT', 'hidden', ''), ('__VIEWSTATE', 'hidden', '/wEPDwULLTE1Nzg3NjcwNjdkZJW3IT'), ('__VIEWSTATEGENERATOR', 'hidden', 'A7B2BBE2'), ('today', 'hidden', '20260606'), ('sortBy', 'hidden', 'shareholding'), ('sortDirection', 'hidden', 'desc'), ('originalShareholdingDate', 'hidden', ''), ('alertMsg', 'hidden', ''), ('txtShareholdingDate', 'text', '2026/06/05'), ('txtStockCode', 'text', ''), ('txtStockName', 'text', ''), ('txtParticipantID', 'text', ''), ('txtParticipantName', 'text', ''), ('txtSelPartID', 'text', '')]
2026-06-06 11:41:34,120 [INFO] All form inputs: [('__EVENTTARGET', 'hidden', ''), ('__EVENTARGUMENT', 'hidden', ''), ('__VIEWSTATE', 'hidden', '/wEPDwULLTE1Nzg3NjcwNjdkZJW3IT'), ('__VIEWSTATEGENERATOR', 'hidden', 'A7B2BBE2'), ('today', 'hidden', '20260606'), ('sortBy', 'hidden', 'shareholding'), ('sortDirection', 'hidden', 'desc'), ('originalShareholdingDate', 'hidden', ''), ('alertMsg', 'hidden', ''), ('txtShareholdingDate', 'text', '2026/06/05'), ('txtStockCode', 'text', ''), ('txtStockName', 'text', ''), ('txtParticipantID', 'text', ''), ('txtParticipantName', 'text', ''), ('txtSelPartID', 'text', '')]
2026-06-06 11:44:41,715 [INFO] 1250/2774 ok=1245 fail=5 0.1/s ETA 17843s
2026-06-06 11:54:26,701 [INFO] 1300/2774 ok=1295 fail=5 0.1/s ETA 17257s
2026-06-06 12:04:06,229 [INFO] 1350/2774 ok=1345 fail=5 0.1/s ETA 16666s
2026-06-06 12:11:43 [INFO] scraper: Got 9 form tokens: ['__EVENTTARGET', '__EVENTARGUMENT', '__VIEWSTATE', '__VIEWSTATEGENERATOR', 'today', 'sortBy', 'sortDirection', 'originalShareholdingDate', 'alertMsg']
2026-06-06 12:11:43,364 [INFO] Got 9 form tokens: ['__EVENTTARGET', '__EVENTARGUMENT', '__VIEWSTATE', '__VIEWSTATEGENERATOR', 'today', 'sortBy', 'sortDirection', 'originalShareholdingDate', 'alertMsg']
2026-06-06 12:11:43 [INFO] scraper: All form inputs: [('__EVENTTARGET', 'hidden', ''), ('__EVENTARGUMENT', 'hidden', ''), ('__VIEWSTATE', 'hidden', '/wEPDwULLTE1Nzg3NjcwNjdkZJW3IT'), ('__VIEWSTATEGENERATOR', 'hidden', 'A7B2BBE2'), ('today', 'hidden', '20260606'), ('sortBy', 'hidden', 'shareholding'), ('sortDirection', 'hidden', 'desc'), ('originalShareholdingDate', 'hidden', ''), ('alertMsg', 'hidden', ''), ('txtShareholdingDate', 'text', '2026/06/05'), ('txtStockCode', 'text', ''), ('txtStockName', 'text', ''), ('txtParticipantID', 'text', ''), ('txtParticipantName', 'text', ''), ('txtSelPartID', 'text', '')]
2026-06-06 12:11:43,365 [INFO] All form inputs: [('__EVENTTARGET', 'hidden', ''), ('__EVENTARGUMENT', 'hidden', ''), ('__VIEWSTATE', 'hidden', '/wEPDwULLTE1Nzg3NjcwNjdkZJW3IT'), ('__VIEWSTATEGENERATOR', 'hidden', 'A7B2BBE2'), ('today', 'hidden', '20260606'), ('sortBy', 'hidden', 'shareholding'), ('sortDirection', 'hidden', 'desc'), ('originalShareholdingDate', 'hidden', ''), ('alertMsg', 'hidden', ''), ('txtShareholdingDate', 'text', '2026/06/05'), ('txtStockCode', 'text', ''), ('txtStockName', 'text', ''), ('txtParticipantID', 'text', ''), ('txtParticipantName', 'text', ''), ('txtSelPartID', 'text', '')]
2026-06-06 12:13:52,605 [INFO] 1400/2774 ok=1395 fail=5 0.1/s ETA 16082s
2026-06-06 12:23:33,906 [INFO] 1450/2774 ok=1445 fail=5 0.1/s ETA 15493s
2026-06-06 12:33:05,091 [INFO] 1500/2774 ok=1495 fail=5 0.1/s ETA 14896s
2026-06-06 12:41:47 [INFO] scraper: Got 9 form tokens: ['__EVENTTARGET', '__EVENTARGUMENT', '__VIEWSTATE', '__VIEWSTATEGENERATOR', 'today', 'sortBy', 'sortDirection', 'originalShareholdingDate', 'alertMsg']
2026-06-06 12:41:47,760 [INFO] Got 9 form tokens: ['__EVENTTARGET', '__EVENTARGUMENT', '__VIEWSTATE', '__VIEWSTATEGENERATOR', 'today', 'sortBy', 'sortDirection', 'originalShareholdingDate', 'alertMsg']
2026-06-06 12:41:47 [INFO] scraper: All form inputs: [('__EVENTTARGET', 'hidden', ''), ('__EVENTARGUMENT', 'hidden', ''), ('__VIEWSTATE', 'hidden', '/wEPDwULLTE1Nzg3NjcwNjdkZJW3IT'), ('__VIEWSTATEGENERATOR', 'hidden', 'A7B2BBE2'), ('today', 'hidden', '20260606'), ('sortBy', 'hidden', 'shareholding'), ('sortDirection', 'hidden', 'desc'), ('originalShareholdingDate', 'hidden', ''), ('alertMsg', 'hidden', ''), ('txtShareholdingDate', 'text', '2026/06/05'), ('txtStockCode', 'text', ''), ('txtStockName', 'text', ''), ('txtParticipantID', 'text', ''), ('txtParticipantName', 'text', ''), ('txtSelPartID', 'text', '')]
2026-06-06 12:41:47,760 [INFO] All form inputs: [('__EVENTTARGET', 'hidden', ''), ('__EVENTARGUMENT', 'hidden', ''), ('__VIEWSTATE', 'hidden', '/wEPDwULLTE1Nzg3NjcwNjdkZJW3IT'), ('__VIEWSTATEGENERATOR', 'hidden', 'A7B2BBE2'), ('today', 'hidden', '20260606'), ('sortBy', 'hidden', 'shareholding'), ('sortDirection', 'hidden', 'desc'), ('originalShareholdingDate', 'hidden', ''), ('alertMsg', 'hidden', ''), ('txtShareholdingDate', 'text', '2026/06/05'), ('txtStockCode', 'text', ''), ('txtStockName', 'text', ''), ('txtParticipantID', 'text', ''), ('txtParticipantName', 'text', ''), ('txtSelPartID', 'text', '')]
2026-06-06 12:42:58,190 [INFO] 1550/2774 ok=1545 fail=5 0.1/s ETA 14318s
2026-06-06 12:52:35,238 [INFO] 1600/2774 ok=1595 fail=5 0.1/s ETA 13727s
2026-06-06 13:02:13,238 [INFO] 1650/2774 ok=1645 fail=5 0.1/s ETA 13138s
2026-06-06 13:11:46,967 [INFO] 1700/2774 ok=1695 fail=5 0.1/s ETA 12547s
2026-06-06 13:11:57 [INFO] scraper: Got 9 form tokens: ['__EVENTTARGET', '__EVENTARGUMENT', '__VIEWSTATE', '__VIEWSTATEGENERATOR', 'today', 'sortBy', 'sortDirection', 'originalShareholdingDate', 'alertMsg']
2026-06-06 13:11:57,146 [INFO] Got 9 form tokens: ['__EVENTTARGET', '__EVENTARGUMENT', '__VIEWSTATE', '__VIEWSTATEGENERATOR', 'today', 'sortBy', 'sortDirection', 'originalShareholdingDate', 'alertMsg']
2026-06-06 13:11:57 [INFO] scraper: All form inputs: [('__EVENTTARGET', 'hidden', ''), ('__EVENTARGUMENT', 'hidden', ''), ('__VIEWSTATE', 'hidden', '/wEPDwULLTE1Nzg3NjcwNjdkZJW3IT'), ('__VIEWSTATEGENERATOR', 'hidden', 'A7B2BBE2'), ('today', 'hidden', '20260606'), ('sortBy', 'hidden', 'shareholding'), ('sortDirection', 'hidden', 'desc'), ('originalShareholdingDate', 'hidden', ''), ('alertMsg', 'hidden', ''), ('txtShareholdingDate', 'text', '2026/06/05'), ('txtStockCode', 'text', ''), ('txtStockName', 'text', ''), ('txtParticipantID', 'text', ''), ('txtParticipantName', 'text', ''), ('txtSelPartID', 'text', '')]
2026-06-06 13:11:57,146 [INFO] All form inputs: [('__EVENTTARGET', 'hidden', ''), ('__EVENTARGUMENT', 'hidden', ''), ('__VIEWSTATE', 'hidden', '/wEPDwULLTE1Nzg3NjcwNjdkZJW3IT'), ('__VIEWSTATEGENERATOR', 'hidden', 'A7B2BBE2'), ('today', 'hidden', '20260606'), ('sortBy', 'hidden', 'shareholding'), ('sortDirection', 'hidden', 'desc'), ('originalShareholdingDate', 'hidden', ''), ('alertMsg', 'hidden', ''), ('txtShareholdingDate', 'text', '2026/06/05'), ('txtStockCode', 'text', ''), ('txtStockName', 'text', ''), ('txtParticipantID', 'text', ''), ('txtParticipantName', 'text', ''), ('txtSelPartID', 'text', '')]
2026-06-06 13:21:40,309 [INFO] 1750/2774 ok=1745 fail=5 0.1/s ETA 11968s
2026-06-06 13:31:12,699 [INFO] 1800/2774 ok=1795 fail=5 0.1/s ETA 11377s
2026-06-06 13:40:49,776 [INFO] 1850/2774 ok=1845 fail=5 0.1/s ETA 10790s
2026-06-06 13:41:58 [INFO] scraper: Got 9 form tokens: ['__EVENTTARGET', '__EVENTARGUMENT', '__VIEWSTATE', '__VIEWSTATEGENERATOR', 'today', 'sortBy', 'sortDirection', 'originalShareholdingDate', 'alertMsg']
2026-06-06 13:41:58,115 [INFO] Got 9 form tokens: ['__EVENTTARGET', '__EVENTARGUMENT', '__VIEWSTATE', '__VIEWSTATEGENERATOR', 'today', 'sortBy', 'sortDirection', 'originalShareholdingDate', 'alertMsg']
2026-06-06 13:41:58 [INFO] scraper: All form inputs: [('__EVENTTARGET', 'hidden', ''), ('__EVENTARGUMENT', 'hidden', ''), ('__VIEWSTATE', 'hidden', '/wEPDwULLTE1Nzg3NjcwNjdkZJW3IT'), ('__VIEWSTATEGENERATOR', 'hidden', 'A7B2BBE2'), ('today', 'hidden', '20260606'), ('sortBy', 'hidden', 'shareholding'), ('sortDirection', 'hidden', 'desc'), ('originalShareholdingDate', 'hidden', ''), ('alertMsg', 'hidden', ''), ('txtShareholdingDate', 'text', '2026/06/05'), ('txtStockCode', 'text', ''), ('txtStockName', 'text', ''), ('txtParticipantID', 'text', ''), ('txtParticipantName', 'text', ''), ('txtSelPartID', 'text', '')]
2026-06-06 13:41:58,115 [INFO] All form inputs: [('__EVENTTARGET', 'hidden', ''), ('__EVENTARGUMENT', 'hidden', ''), ('__VIEWSTATE', 'hidden', '/wEPDwULLTE1Nzg3NjcwNjdkZJW3IT'), ('__VIEWSTATEGENERATOR', 'hidden', 'A7B2BBE2'), ('today', 'hidden', '20260606'), ('sortBy', 'hidden', 'shareholding'), ('sortDirection', 'hidden', 'desc'), ('originalShareholdingDate', 'hidden', ''), ('alertMsg', 'hidden', ''), ('txtShareholdingDate', 'text', '2026/06/05'), ('txtStockCode', 'text', ''), ('txtStockName', 'text', ''), ('txtParticipantID', 'text', ''), ('txtParticipantName', 'text', ''), ('txtSelPartID', 'text', '')]
2026-06-06 13:50:39,698 [INFO] 1900/2774 ok=1895 fail=5 0.1/s ETA 10209s
2026-06-06 14:00:26,806 [INFO] 1950/2774 ok=1944 fail=6 0.1/s ETA 9626s
2026-06-06 14:10:12,257 [INFO] 2000/2774 ok=1988 fail=12 0.1/s ETA 9043s
2026-06-06 14:12:00 [INFO] scraper: Got 9 form tokens: ['__EVENTTARGET', '__EVENTARGUMENT', '__VIEWSTATE', '__VIEWSTATEGENERATOR', 'today', 'sortBy', 'sortDirection', 'originalShareholdingDate', 'alertMsg']
2026-06-06 14:12:00,209 [INFO] Got 9 form tokens: ['__EVENTTARGET', '__EVENTARGUMENT', '__VIEWSTATE', '__VIEWSTATEGENERATOR', 'today', 'sortBy', 'sortDirection', 'originalShareholdingDate', 'alertMsg']
2026-06-06 14:12:00 [INFO] scraper: All form inputs: [('__EVENTTARGET', 'hidden', ''), ('__EVENTARGUMENT', 'hidden', ''), ('__VIEWSTATE', 'hidden', '/wEPDwULLTE1Nzg3NjcwNjdkZJW3IT'), ('__VIEWSTATEGENERATOR', 'hidden', 'A7B2BBE2'), ('today', 'hidden', '20260606'), ('sortBy', 'hidden', 'shareholding'), ('sortDirection', 'hidden', 'desc'), ('originalShareholdingDate', 'hidden', ''), ('alertMsg', 'hidden', ''), ('txtShareholdingDate', 'text', '2026/06/05'), ('txtStockCode', 'text', ''), ('txtStockName', 'text', ''), ('txtParticipantID', 'text', ''), ('txtParticipantName', 'text', ''), ('txtSelPartID', 'text', '')]
2026-06-06 14:12:00,209 [INFO] All form inputs: [('__EVENTTARGET', 'hidden', ''), ('__EVENTARGUMENT', 'hidden', ''), ('__VIEWSTATE', 'hidden', '/wEPDwULLTE1Nzg3NjcwNjdkZJW3IT'), ('__VIEWSTATEGENERATOR', 'hidden', 'A7B2BBE2'), ('today', 'hidden', '20260606'), ('sortBy', 'hidden', 'shareholding'), ('sortDirection', 'hidden', 'desc'), ('originalShareholdingDate', 'hidden', ''), ('alertMsg', 'hidden', ''), ('txtShareholdingDate', 'text', '2026/06/05'), ('txtStockCode', 'text', ''), ('txtStockName', 'text', ''), ('txtParticipantID', 'text', ''), ('txtParticipantName', 'text', ''), ('txtSelPartID', 'text', '')]
2026-06-06 14:20:08,542 [INFO] 2050/2774 ok=2038 fail=12 0.1/s ETA 8463s
2026-06-06 14:29:53,375 [INFO] 2100/2774 ok=2088 fail=12 0.1/s ETA 7878s
2026-06-06 14:39:39,740 [INFO] 2150/2774 ok=2138 fail=12 0.1/s ETA 7294s
2026-06-06 14:42:11 [INFO] scraper: Got 9 form tokens: ['__EVENTTARGET', '__EVENTARGUMENT', '__VIEWSTATE', '__VIEWSTATEGENERATOR', 'today', 'sortBy', 'sortDirection', 'originalShareholdingDate', 'alertMsg']
2026-06-06 14:42:11,974 [INFO] Got 9 form tokens: ['__EVENTTARGET', '__EVENTARGUMENT', '__VIEWSTATE', '__VIEWSTATEGENERATOR', 'today', 'sortBy', 'sortDirection', 'originalShareholdingDate', 'alertMsg']
2026-06-06 14:42:11 [INFO] scraper: All form inputs: [('__EVENTTARGET', 'hidden', ''), ('__EVENTARGUMENT', 'hidden', ''), ('__VIEWSTATE', 'hidden', '/wEPDwULLTE1Nzg3NjcwNjdkZJW3IT'), ('__VIEWSTATEGENERATOR', 'hidden', 'A7B2BBE2'), ('today', 'hidden', '20260606'), ('sortBy', 'hidden', 'shareholding'), ('sortDirection', 'hidden', 'desc'), ('originalShareholdingDate', 'hidden', ''), ('alertMsg', 'hidden', ''), ('txtShareholdingDate', 'text', '2026/06/05'), ('txtStockCode', 'text', ''), ('txtStockName', 'text', ''), ('txtParticipantID', 'text', ''), ('txtParticipantName', 'text', ''), ('txtSelPartID', 'text', '')]
2026-06-06 14:42:11,974 [INFO] All form inputs: [('__EVENTTARGET', 'hidden', ''), ('__EVENTARGUMENT', 'hidden', ''), ('__VIEWSTATE', 'hidden', '/wEPDwULLTE1Nzg3NjcwNjdkZJW3IT'), ('__VIEWSTATEGENERATOR', 'hidden', 'A7B2BBE2'), ('today', 'hidden', '20260606'), ('sortBy', 'hidden', 'shareholding'), ('sortDirection', 'hidden', 'desc'), ('originalShareholdingDate', 'hidden', ''), ('alertMsg', 'hidden', ''), ('txtShareholdingDate', 'text', '2026/06/05'), ('txtStockCode', 'text', ''), ('txtStockName', 'text', ''), ('txtParticipantID', 'text', ''), ('txtParticipantName', 'text', ''), ('txtSelPartID', 'text', '')]
2026-06-06 14:49:14,726 [INFO] 2200/2774 ok=2187 fail=13 0.1/s ETA 6707s
2026-06-06 14:59:03,309 [INFO] 2250/2774 ok=2237 fail=13 0.1/s ETA 6124s
2026-06-06 15:08:40,929 [INFO] 2300/2774 ok=2287 fail=13 0.1/s ETA 5538s
2026-06-06 15:12:24 [INFO] scraper: Got 9 form tokens: ['__EVENTTARGET', '__EVENTARGUMENT', '__VIEWSTATE', '__VIEWSTATEGENERATOR', 'today', 'sortBy', 'sortDirection', 'originalShareholdingDate', 'alertMsg']
2026-06-06 15:12:24,165 [INFO] Got 9 form tokens: ['__EVENTTARGET', '__EVENTARGUMENT', '__VIEWSTATE', '__VIEWSTATEGENERATOR', 'today', 'sortBy', 'sortDirection', 'originalShareholdingDate', 'alertMsg']
2026-06-06 15:12:24 [INFO] scraper: All form inputs: [('__EVENTTARGET', 'hidden', ''), ('__EVENTARGUMENT', 'hidden', ''), ('__VIEWSTATE', 'hidden', '/wEPDwULLTE1Nzg3NjcwNjdkZJW3IT'), ('__VIEWSTATEGENERATOR', 'hidden', 'A7B2BBE2'), ('today', 'hidden', '20260606'), ('sortBy', 'hidden', 'shareholding'), ('sortDirection', 'hidden', 'desc'), ('originalShareholdingDate', 'hidden', ''), ('alertMsg', 'hidden', ''), ('txtShareholdingDate', 'text', '2026/06/05'), ('txtStockCode', 'text', ''), ('txtStockName', 'text', ''), ('txtParticipantID', 'text', ''), ('txtParticipantName', 'text', ''), ('txtSelPartID', 'text', '')]
2026-06-06 15:12:24,166 [INFO] All form inputs: [('__EVENTTARGET', 'hidden', ''), ('__EVENTARGUMENT', 'hidden', ''), ('__VIEWSTATE', 'hidden', '/wEPDwULLTE1Nzg3NjcwNjdkZJW3IT'), ('__VIEWSTATEGENERATOR', 'hidden', 'A7B2BBE2'), ('today', 'hidden', '20260606'), ('sortBy', 'hidden', 'shareholding'), ('sortDirection', 'hidden', 'desc'), ('originalShareholdingDate', 'hidden', ''), ('alertMsg', 'hidden', ''), ('txtShareholdingDate', 'text', '2026/06/05'), ('txtStockCode', 'text', ''), ('txtStockName', 'text', ''), ('txtParticipantID', 'text', ''), ('txtParticipantName', 'text', ''), ('txtSelPartID', 'text', '')]
2026-06-06 15:18:20,258 [INFO] 2350/2774 ok=2337 fail=13 0.1/s ETA 4953s
2026-06-06 15:28:00,327 [INFO] 2400/2774 ok=2387 fail=13 0.1/s ETA 4369s
2026-06-06 15:37:42,375 [INFO] 2450/2774 ok=2437 fail=13 0.1/s ETA 3784s
2026-06-06 15:42:26 [INFO] scraper: Got 9 form tokens: ['__EVENTTARGET', '__EVENTARGUMENT', '__VIEWSTATE', '__VIEWSTATEGENERATOR', 'today', 'sortBy', 'sortDirection', 'originalShareholdingDate', 'alertMsg']
2026-06-06 15:42:26,778 [INFO] Got 9 form tokens: ['__EVENTTARGET', '__EVENTARGUMENT', '__VIEWSTATE', '__VIEWSTATEGENERATOR', 'today', 'sortBy', 'sortDirection', 'originalShareholdingDate', 'alertMsg']
2026-06-06 15:42:26 [INFO] scraper: All form inputs: [('__EVENTTARGET', 'hidden', ''), ('__EVENTARGUMENT', 'hidden', ''), ('__VIEWSTATE', 'hidden', '/wEPDwULLTE1Nzg3NjcwNjdkZJW3IT'), ('__VIEWSTATEGENERATOR', 'hidden', 'A7B2BBE2'), ('today', 'hidden', '20260606'), ('sortBy', 'hidden', 'shareholding'), ('sortDirection', 'hidden', 'desc'), ('originalShareholdingDate', 'hidden', ''), ('alertMsg', 'hidden', ''), ('txtShareholdingDate', 'text', '2026/06/05'), ('txtStockCode', 'text', ''), ('txtStockName', 'text', ''), ('txtParticipantID', 'text', ''), ('txtParticipantName', 'text', ''), ('txtSelPartID', 'text', '')]
2026-06-06 15:42:26,778 [INFO] All form inputs: [('__EVENTTARGET', 'hidden', ''), ('__EVENTARGUMENT', 'hidden', ''), ('__VIEWSTATE', 'hidden', '/wEPDwULLTE1Nzg3NjcwNjdkZJW3IT'), ('__VIEWSTATEGENERATOR', 'hidden', 'A7B2BBE2'), ('today', 'hidden', '20260606'), ('sortBy', 'hidden', 'shareholding'), ('sortDirection', 'hidden', 'desc'), ('originalShareholdingDate', 'hidden', ''), ('alertMsg', 'hidden', ''), ('txtShareholdingDate', 'text', '2026/06/05'), ('txtStockCode', 'text', ''), ('txtStockName', 'text', ''), ('txtParticipantID', 'text', ''), ('txtParticipantName', 'text', ''), ('txtSelPartID', 'text', '')]
2026-06-06 15:47:27,436 [INFO] 2500/2774 ok=2487 fail=13 0.1/s ETA 3200s
2026-06-06 15:56:54,706 [INFO] 2550/2774 ok=2537 fail=13 0.1/s ETA 2615s
2026-06-06 16:06:30,016 [INFO] 2600/2774 ok=2587 fail=13 0.1/s ETA 2031s
2026-06-06 16:12:30 [INFO] scraper: Got 9 form tokens: ['__EVENTTARGET', '__EVENTARGUMENT', '__VIEWSTATE', '__VIEWSTATEGENERATOR', 'today', 'sortBy', 'sortDirection', 'originalShareholdingDate', 'alertMsg']
2026-06-06 16:12:30,164 [INFO] Got 9 form tokens: ['__EVENTTARGET', '__EVENTARGUMENT', '__VIEWSTATE', '__VIEWSTATEGENERATOR', 'today', 'sortBy', 'sortDirection', 'originalShareholdingDate', 'alertMsg']
2026-06-06 16:12:30 [INFO] scraper: All form inputs: [('__EVENTTARGET', 'hidden', ''), ('__EVENTARGUMENT', 'hidden', ''), ('__VIEWSTATE', 'hidden', '/wEPDwULLTE1Nzg3NjcwNjdkZJW3IT'), ('__VIEWSTATEGENERATOR', 'hidden', 'A7B2BBE2'), ('today', 'hidden', '20260606'), ('sortBy', 'hidden', 'shareholding'), ('sortDirection', 'hidden', 'desc'), ('originalShareholdingDate', 'hidden', ''), ('alertMsg', 'hidden', ''), ('txtShareholdingDate', 'text', '2026/06/05'), ('txtStockCode', 'text', ''), ('txtStockName', 'text', ''), ('txtParticipantID', 'text', ''), ('txtParticipantName', 'text', ''), ('txtSelPartID', 'text', '')]
2026-06-06 16:12:30,164 [INFO] All form inputs: [('__EVENTTARGET', 'hidden', ''), ('__EVENTARGUMENT', 'hidden', ''), ('__VIEWSTATE', 'hidden', '/wEPDwULLTE1Nzg3NjcwNjdkZJW3IT'), ('__VIEWSTATEGENERATOR', 'hidden', 'A7B2BBE2'), ('today', 'hidden', '20260606'), ('sortBy', 'hidden', 'shareholding'), ('sortDirection', 'hidden', 'desc'), ('originalShareholdingDate', 'hidden', ''), ('alertMsg', 'hidden', ''), ('txtShareholdingDate', 'text', '2026/06/05'), ('txtStockCode', 'text', ''), ('txtStockName', 'text', ''), ('txtParticipantID', 'text', ''), ('txtParticipantName', 'text', ''), ('txtSelPartID', 'text', '')]
2026-06-06 16:16:20,424 [INFO] 2650/2774 ok=2633 fail=17 0.1/s ETA 1447s
2026-06-06 16:26:04,162 [INFO] 2700/2774 ok=2683 fail=17 0.1/s ETA 864s
2026-06-06 16:26:26 [INFO] scraper: Saved debug HTML to C:\Users\Administrator\Desktop\automatic\ccass-debug\ccass\debug\failed_20260605_09906.html
2026-06-06 16:26:26,300 [INFO] Saved debug HTML to C:\Users\Administrator\Desktop\automatic\ccass-debug\ccass\debug\failed_20260605_09906.html
2026-06-06 16:26:26 [WARNING] scraper: Schema validation failed for 09906 on 2026-06-05: total_shares not found. Snippet: ﻿ System is under maintenance System is under maintenance. Please try again later.
2026-06-06 16:26:26,302 [WARNING] Schema validation failed for 09906 on 2026-06-05: total_shares not found. Snippet: ﻿ System is under maintenance System is under maintenance. Please try again later.
2026-06-06 16:35:50,425 [INFO] 2750/2774 ok=2731 fail=19 0.1/s ETA 280s
2026-06-06 16:40:27,375 [INFO] DONE 2026-06-05: ok=2732 fail=42 32381s (0.1/s)
============================================================
ALL DONE: ok=2732 fail=42 539.7min
============================================================
