============================================================
HKEX LOCAL BACKFILL
Targets: ['2026-06-04', '2026-06-02']
============================================================
2026-06-05 19:34:10,282 [INFO] === HKEX BACKFILL 2026-06-04: have=1095 need=1691 ===
2026-06-05 19:34:19 [INFO] scraper: Got 9 form tokens: ['__EVENTTARGET', '__EVENTARGUMENT', '__VIEWSTATE', '__VIEWSTATEGENERATOR', 'today', 'sortBy', 'sortDirection', 'originalShareholdingDate', 'alertMsg']
2026-06-05 19:34:19,621 [INFO] Got 9 form tokens: ['__EVENTTARGET', '__EVENTARGUMENT', '__VIEWSTATE', '__VIEWSTATEGENERATOR', 'today', 'sortBy', 'sortDirection', 'originalShareholdingDate', 'alertMsg']
2026-06-05 19:34:19 [INFO] scraper: All form inputs: [('__EVENTTARGET', 'hidden', ''), ('__EVENTARGUMENT', 'hidden', ''), ('__VIEWSTATE', 'hidden', '/wEPDwULLTE1Nzg3NjcwNjdkZJW3IT'), ('__VIEWSTATEGENERATOR', 'hidden', 'A7B2BBE2'), ('today', 'hidden', '20260605'), ('sortBy', 'hidden', 'shareholding'), ('sortDirection', 'hidden', 'desc'), ('originalShareholdingDate', 'hidden', ''), ('alertMsg', 'hidden', ''), ('txtShareholdingDate', 'text', '2026/06/04'), ('txtStockCode', 'text', ''), ('txtStockName', 'text', ''), ('txtParticipantID', 'text', ''), ('txtParticipantName', 'text', ''), ('txtSelPartID', 'text', '')]
2026-06-05 19:34:19,621 [INFO] All form inputs: [('__EVENTTARGET', 'hidden', ''), ('__EVENTARGUMENT', 'hidden', ''), ('__VIEWSTATE', 'hidden', '/wEPDwULLTE1Nzg3NjcwNjdkZJW3IT'), ('__VIEWSTATEGENERATOR', 'hidden', 'A7B2BBE2'), ('today', 'hidden', '20260605'), ('sortBy', 'hidden', 'shareholding'), ('sortDirection', 'hidden', 'desc'), ('originalShareholdingDate', 'hidden', ''), ('alertMsg', 'hidden', ''), ('txtShareholdingDate', 'text', '2026/06/04'), ('txtStockCode', 'text', ''), ('txtStockName', 'text', ''), ('txtParticipantID', 'text', ''), ('txtParticipantName', 'text', ''), ('txtSelPartID', 'text', '')]
2026-06-05 19:34:30,802 [WARNING] 00721: no data
2026-06-05 19:34:42,790 [WARNING] 00862: no data
2026-06-05 19:34:53,562 [WARNING] 00986: no data
2026-06-05 19:43:46 [WARNING] scraper: Scrape 01519 attempt 1 failed: HTTPSConnectionPool(host='www3.hkexnews.hk', port=443): Read timed out. (read timeout=30). Sleeping 2s
2026-06-05 19:43:46,181 [WARNING] Scrape 01519 attempt 1 failed: HTTPSConnectionPool(host='www3.hkexnews.hk', port=443): Read timed out. (read timeout=30). Sleeping 2s
2026-06-05 19:44:50,652 [INFO] 50/1691 ok=47 fail=3 0.1/s ETA 21017s
2026-06-05 19:55:16,415 [INFO] 100/1691 ok=97 fail=3 0.1/s ETA 20144s
2026-06-05 20:04:20 [INFO] scraper: Got 9 form tokens: ['__EVENTTARGET', '__EVENTARGUMENT', '__VIEWSTATE', '__VIEWSTATEGENERATOR', 'today', 'sortBy', 'sortDirection', 'originalShareholdingDate', 'alertMsg']
2026-06-05 20:04:20,453 [INFO] Got 9 form tokens: ['__EVENTTARGET', '__EVENTARGUMENT', '__VIEWSTATE', '__VIEWSTATEGENERATOR', 'today', 'sortBy', 'sortDirection', 'originalShareholdingDate', 'alertMsg']
2026-06-05 20:04:20 [INFO] scraper: All form inputs: [('__EVENTTARGET', 'hidden', ''), ('__EVENTARGUMENT', 'hidden', ''), ('__VIEWSTATE', 'hidden', '/wEPDwULLTE1Nzg3NjcwNjdkZJW3IT'), ('__VIEWSTATEGENERATOR', 'hidden', 'A7B2BBE2'), ('today', 'hidden', '20260605'), ('sortBy', 'hidden', 'shareholding'), ('sortDirection', 'hidden', 'desc'), ('originalShareholdingDate', 'hidden', ''), ('alertMsg', 'hidden', ''), ('txtShareholdingDate', 'text', '2026/06/04'), ('txtStockCode', 'text', ''), ('txtStockName', 'text', ''), ('txtParticipantID', 'text', ''), ('txtParticipantName', 'text', ''), ('txtSelPartID', 'text', '')]
2026-06-05 20:04:20,453 [INFO] All form inputs: [('__EVENTTARGET', 'hidden', ''), ('__EVENTARGUMENT', 'hidden', ''), ('__VIEWSTATE', 'hidden', '/wEPDwULLTE1Nzg3NjcwNjdkZJW3IT'), ('__VIEWSTATEGENERATOR', 'hidden', 'A7B2BBE2'), ('today', 'hidden', '20260605'), ('sortBy', 'hidden', 'shareholding'), ('sortDirection', 'hidden', 'desc'), ('originalShareholdingDate', 'hidden', ''), ('alertMsg', 'hidden', ''), ('txtShareholdingDate', 'text', '2026/06/04'), ('txtStockCode', 'text', ''), ('txtStockName', 'text', ''), ('txtParticipantID', 'text', ''), ('txtParticipantName', 'text', ''), ('txtSelPartID', 'text', '')]
2026-06-05 20:05:05,376 [INFO] 150/1691 ok=147 fail=3 0.1/s ETA 19058s
2026-06-05 20:14:54,631 [INFO] 200/1691 ok=197 fail=3 0.1/s ETA 18223s
2026-06-05 20:24:38,854 [INFO] 250/1691 ok=247 fail=3 0.1/s ETA 17457s
2026-06-05 20:34:19 [INFO] scraper: Got 9 form tokens: ['__EVENTTARGET', '__EVENTARGUMENT', '__VIEWSTATE', '__VIEWSTATEGENERATOR', 'today', 'sortBy', 'sortDirection', 'originalShareholdingDate', 'alertMsg']
2026-06-05 20:34:19,886 [INFO] Got 9 form tokens: ['__EVENTTARGET', '__EVENTARGUMENT', '__VIEWSTATE', '__VIEWSTATEGENERATOR', 'today', 'sortBy', 'sortDirection', 'originalShareholdingDate', 'alertMsg']
2026-06-05 20:34:19 [INFO] scraper: All form inputs: [('__EVENTTARGET', 'hidden', ''), ('__EVENTARGUMENT', 'hidden', ''), ('__VIEWSTATE', 'hidden', '/wEPDwULLTE1Nzg3NjcwNjdkZJW3IT'), ('__VIEWSTATEGENERATOR', 'hidden', 'A7B2BBE2'), ('today', 'hidden', '20260605'), ('sortBy', 'hidden', 'shareholding'), ('sortDirection', 'hidden', 'desc'), ('originalShareholdingDate', 'hidden', ''), ('alertMsg', 'hidden', ''), ('txtShareholdingDate', 'text', '2026/06/04'), ('txtStockCode', 'text', ''), ('txtStockName', 'text', ''), ('txtParticipantID', 'text', ''), ('txtParticipantName', 'text', ''), ('txtSelPartID', 'text', '')]
2026-06-05 20:34:19,886 [INFO] All form inputs: [('__EVENTTARGET', 'hidden', ''), ('__EVENTARGUMENT', 'hidden', ''), ('__VIEWSTATE', 'hidden', '/wEPDwULLTE1Nzg3NjcwNjdkZJW3IT'), ('__VIEWSTATEGENERATOR', 'hidden', 'A7B2BBE2'), ('today', 'hidden', '20260605'), ('sortBy', 'hidden', 'shareholding'), ('sortDirection', 'hidden', 'desc'), ('originalShareholdingDate', 'hidden', ''), ('alertMsg', 'hidden', ''), ('txtShareholdingDate', 'text', '2026/06/04'), ('txtStockCode', 'text', ''), ('txtStockName', 'text', ''), ('txtParticipantID', 'text', ''), ('txtParticipantName', 'text', ''), ('txtSelPartID', 'text', '')]
2026-06-05 20:34:41,130 [INFO] 300/1691 ok=297 fail=3 0.1/s ETA 16835s
2026-06-05 20:44:23,465 [INFO] 350/1691 ok=347 fail=3 0.1/s ETA 16143s
2026-06-05 20:54:32,178 [INFO] 400/1691 ok=397 fail=3 0.1/s ETA 15563s
2026-06-05 21:04:27 [INFO] scraper: Got 9 form tokens: ['__EVENTTARGET', '__EVENTARGUMENT', '__VIEWSTATE', '__VIEWSTATEGENERATOR', 'today', 'sortBy', 'sortDirection', 'originalShareholdingDate', 'alertMsg']
2026-06-05 21:04:27,119 [INFO] Got 9 form tokens: ['__EVENTTARGET', '__EVENTARGUMENT', '__VIEWSTATE', '__VIEWSTATEGENERATOR', 'today', 'sortBy', 'sortDirection', 'originalShareholdingDate', 'alertMsg']
2026-06-05 21:04:27 [INFO] scraper: All form inputs: [('__EVENTTARGET', 'hidden', ''), ('__EVENTARGUMENT', 'hidden', ''), ('__VIEWSTATE', 'hidden', '/wEPDwULLTE1Nzg3NjcwNjdkZJW3IT'), ('__VIEWSTATEGENERATOR', 'hidden', 'A7B2BBE2'), ('today', 'hidden', '20260605'), ('sortBy', 'hidden', 'shareholding'), ('sortDirection', 'hidden', 'desc'), ('originalShareholdingDate', 'hidden', ''), ('alertMsg', 'hidden', ''), ('txtShareholdingDate', 'text', '2026/06/04'), ('txtStockCode', 'text', ''), ('txtStockName', 'text', ''), ('txtParticipantID', 'text', ''), ('txtParticipantName', 'text', ''), ('txtSelPartID', 'text', '')]
2026-06-05 21:04:27,120 [INFO] All form inputs: [('__EVENTTARGET', 'hidden', ''), ('__EVENTARGUMENT', 'hidden', ''), ('__VIEWSTATE', 'hidden', '/wEPDwULLTE1Nzg3NjcwNjdkZJW3IT'), ('__VIEWSTATEGENERATOR', 'hidden', 'A7B2BBE2'), ('today', 'hidden', '20260605'), ('sortBy', 'hidden', 'shareholding'), ('sortDirection', 'hidden', 'desc'), ('originalShareholdingDate', 'hidden', ''), ('alertMsg', 'hidden', ''), ('txtShareholdingDate', 'text', '2026/06/04'), ('txtStockCode', 'text', ''), ('txtStockName', 'text', ''), ('txtParticipantID', 'text', ''), ('txtParticipantName', 'text', ''), ('txtSelPartID', 'text', '')]
2026-06-05 21:05:01,635 [INFO] 450/1691 ok=447 fail=3 0.1/s ETA 15034s
2026-06-05 21:14:44,749 [INFO] 500/1691 ok=497 fail=3 0.1/s ETA 14374s
2026-06-05 21:24:45,386 [INFO] 550/1691 ok=547 fail=3 0.1/s ETA 13765s
2026-06-05 21:34:28 [INFO] scraper: Got 9 form tokens: ['__EVENTTARGET', '__EVENTARGUMENT', '__VIEWSTATE', '__VIEWSTATEGENERATOR', 'today', 'sortBy', 'sortDirection', 'originalShareholdingDate', 'alertMsg']
2026-06-05 21:34:28,850 [INFO] Got 9 form tokens: ['__EVENTTARGET', '__EVENTARGUMENT', '__VIEWSTATE', '__VIEWSTATEGENERATOR', 'today', 'sortBy', 'sortDirection', 'originalShareholdingDate', 'alertMsg']
2026-06-05 21:34:28 [INFO] scraper: All form inputs: [('__EVENTTARGET', 'hidden', ''), ('__EVENTARGUMENT', 'hidden', ''), ('__VIEWSTATE', 'hidden', '/wEPDwULLTE1Nzg3NjcwNjdkZJW3IT'), ('__VIEWSTATEGENERATOR', 'hidden', 'A7B2BBE2'), ('today', 'hidden', '20260605'), ('sortBy', 'hidden', 'shareholding'), ('sortDirection', 'hidden', 'desc'), ('originalShareholdingDate', 'hidden', ''), ('alertMsg', 'hidden', ''), ('txtShareholdingDate', 'text', '2026/06/04'), ('txtStockCode', 'text', ''), ('txtStockName', 'text', ''), ('txtParticipantID', 'text', ''), ('txtParticipantName', 'text', ''), ('txtSelPartID', 'text', '')]
2026-06-05 21:34:28,850 [INFO] All form inputs: [('__EVENTTARGET', 'hidden', ''), ('__EVENTARGUMENT', 'hidden', ''), ('__VIEWSTATE', 'hidden', '/wEPDwULLTE1Nzg3NjcwNjdkZJW3IT'), ('__VIEWSTATEGENERATOR', 'hidden', 'A7B2BBE2'), ('today', 'hidden', '20260605'), ('sortBy', 'hidden', 'shareholding'), ('sortDirection', 'hidden', 'desc'), ('originalShareholdingDate', 'hidden', ''), ('alertMsg', 'hidden', ''), ('txtShareholdingDate', 'text', '2026/06/04'), ('txtStockCode', 'text', ''), ('txtStockName', 'text', ''), ('txtParticipantID', 'text', ''), ('txtParticipantName', 'text', ''), ('txtSelPartID', 'text', '')]
2026-06-05 21:34:39,803 [INFO] 600/1691 ok=597 fail=3 0.1/s ETA 13146s
2026-06-05 21:44:10,027 [INFO] 650/1691 ok=647 fail=3 0.1/s ETA 12492s
2026-06-05 21:53:55,481 [INFO] 700/1691 ok=697 fail=3 0.1/s ETA 11871s
2026-06-05 22:03:41,975 [INFO] 750/1691 ok=747 fail=3 0.1/s ETA 11256s
2026-06-05 22:04:33 [INFO] scraper: Got 9 form tokens: ['__EVENTTARGET', '__EVENTARGUMENT', '__VIEWSTATE', '__VIEWSTATEGENERATOR', 'today', 'sortBy', 'sortDirection', 'originalShareholdingDate', 'alertMsg']
2026-06-05 22:04:33,108 [INFO] Got 9 form tokens: ['__EVENTTARGET', '__EVENTARGUMENT', '__VIEWSTATE', '__VIEWSTATEGENERATOR', 'today', 'sortBy', 'sortDirection', 'originalShareholdingDate', 'alertMsg']
2026-06-05 22:04:33 [INFO] scraper: All form inputs: [('__EVENTTARGET', 'hidden', ''), ('__EVENTARGUMENT', 'hidden', ''), ('__VIEWSTATE', 'hidden', '/wEPDwULLTE1Nzg3NjcwNjdkZJW3IT'), ('__VIEWSTATEGENERATOR', 'hidden', 'A7B2BBE2'), ('today', 'hidden', '20260605'), ('sortBy', 'hidden', 'shareholding'), ('sortDirection', 'hidden', 'desc'), ('originalShareholdingDate', 'hidden', ''), ('alertMsg', 'hidden', ''), ('txtShareholdingDate', 'text', '2026/06/04'), ('txtStockCode', 'text', ''), ('txtStockName', 'text', ''), ('txtParticipantID', 'text', ''), ('txtParticipantName', 'text', ''), ('txtSelPartID', 'text', '')]
2026-06-05 22:04:33,108 [INFO] All form inputs: [('__EVENTTARGET', 'hidden', ''), ('__EVENTARGUMENT', 'hidden', ''), ('__VIEWSTATE', 'hidden', '/wEPDwULLTE1Nzg3NjcwNjdkZJW3IT'), ('__VIEWSTATEGENERATOR', 'hidden', 'A7B2BBE2'), ('today', 'hidden', '20260605'), ('sortBy', 'hidden', 'shareholding'), ('sortDirection', 'hidden', 'desc'), ('originalShareholdingDate', 'hidden', ''), ('alertMsg', 'hidden', ''), ('txtShareholdingDate', 'text', '2026/06/04'), ('txtStockCode', 'text', ''), ('txtStockName', 'text', ''), ('txtParticipantID', 'text', ''), ('txtParticipantName', 'text', ''), ('txtSelPartID', 'text', '')]
2026-06-05 22:13:27,862 [INFO] 800/1691 ok=797 fail=3 0.1/s ETA 10645s
2026-06-05 22:23:09,248 [INFO] 850/1691 ok=847 fail=3 0.1/s ETA 10032s
2026-06-05 22:23:19,938 [WARNING] 02699: no data
2026-06-05 22:31:31,868 [WARNING] 02940: no data
2026-06-05 22:32:57,038 [INFO] 900/1691 ok=890 fail=10 0.1/s ETA 9428s
2026-06-05 22:34:39 [INFO] scraper: Got 9 form tokens: ['__EVENTTARGET', '__EVENTARGUMENT', '__VIEWSTATE', '__VIEWSTATEGENERATOR', 'today', 'sortBy', 'sortDirection', 'originalShareholdingDate', 'alertMsg']
2026-06-05 22:34:39,142 [INFO] Got 9 form tokens: ['__EVENTTARGET', '__EVENTARGUMENT', '__VIEWSTATE', '__VIEWSTATEGENERATOR', 'today', 'sortBy', 'sortDirection', 'originalShareholdingDate', 'alertMsg']
2026-06-05 22:34:39 [INFO] scraper: All form inputs: [('__EVENTTARGET', 'hidden', ''), ('__EVENTARGUMENT', 'hidden', ''), ('__VIEWSTATE', 'hidden', '/wEPDwULLTE1Nzg3NjcwNjdkZJW3IT'), ('__VIEWSTATEGENERATOR', 'hidden', 'A7B2BBE2'), ('today', 'hidden', '20260605'), ('sortBy', 'hidden', 'shareholding'), ('sortDirection', 'hidden', 'desc'), ('originalShareholdingDate', 'hidden', ''), ('alertMsg', 'hidden', ''), ('txtShareholdingDate', 'text', '2026/06/04'), ('txtStockCode', 'text', ''), ('txtStockName', 'text', ''), ('txtParticipantID', 'text', ''), ('txtParticipantName', 'text', ''), ('txtSelPartID', 'text', '')]
2026-06-05 22:34:39,142 [INFO] All form inputs: [('__EVENTTARGET', 'hidden', ''), ('__EVENTARGUMENT', 'hidden', ''), ('__VIEWSTATE', 'hidden', '/wEPDwULLTE1Nzg3NjcwNjdkZJW3IT'), ('__VIEWSTATEGENERATOR', 'hidden', 'A7B2BBE2'), ('today', 'hidden', '20260605'), ('sortBy', 'hidden', 'shareholding'), ('sortDirection', 'hidden', 'desc'), ('originalShareholdingDate', 'hidden', ''), ('alertMsg', 'hidden', ''), ('txtShareholdingDate', 'text', '2026/06/04'), ('txtStockCode', 'text', ''), ('txtStockName', 'text', ''), ('txtParticipantID', 'text', ''), ('txtParticipantName', 'text', ''), ('txtSelPartID', 'text', '')]
2026-06-05 22:42:47,929 [INFO] 950/1691 ok=939 fail=11 0.1/s ETA 8828s
2026-06-05 22:52:30,072 [INFO] 1000/1691 ok=989 fail=11 0.1/s ETA 8223s
2026-06-05 23:01:57,057 [INFO] 1050/1691 ok=1039 fail=11 0.1/s ETA 7611s
2026-06-05 23:04:39 [INFO] scraper: Got 9 form tokens: ['__EVENTTARGET', '__EVENTARGUMENT', '__VIEWSTATE', '__VIEWSTATEGENERATOR', 'today', 'sortBy', 'sortDirection', 'originalShareholdingDate', 'alertMsg']
2026-06-05 23:04:39,146 [INFO] Got 9 form tokens: ['__EVENTTARGET', '__EVENTARGUMENT', '__VIEWSTATE', '__VIEWSTATEGENERATOR', 'today', 'sortBy', 'sortDirection', 'originalShareholdingDate', 'alertMsg']
2026-06-05 23:04:39 [INFO] scraper: All form inputs: [('__EVENTTARGET', 'hidden', ''), ('__EVENTARGUMENT', 'hidden', ''), ('__VIEWSTATE', 'hidden', '/wEPDwULLTE1Nzg3NjcwNjdkZJW3IT'), ('__VIEWSTATEGENERATOR', 'hidden', 'A7B2BBE2'), ('today', 'hidden', '20260605'), ('sortBy', 'hidden', 'shareholding'), ('sortDirection', 'hidden', 'desc'), ('originalShareholdingDate', 'hidden', ''), ('alertMsg', 'hidden', ''), ('txtShareholdingDate', 'text', '2026/06/04'), ('txtStockCode', 'text', ''), ('txtStockName', 'text', ''), ('txtParticipantID', 'text', ''), ('txtParticipantName', 'text', ''), ('txtSelPartID', 'text', '')]
2026-06-05 23:04:39,146 [INFO] All form inputs: [('__EVENTTARGET', 'hidden', ''), ('__EVENTARGUMENT', 'hidden', ''), ('__VIEWSTATE', 'hidden', '/wEPDwULLTE1Nzg3NjcwNjdkZJW3IT'), ('__VIEWSTATEGENERATOR', 'hidden', 'A7B2BBE2'), ('today', 'hidden', '20260605'), ('sortBy', 'hidden', 'shareholding'), ('sortDirection', 'hidden', 'desc'), ('originalShareholdingDate', 'hidden', ''), ('alertMsg', 'hidden', ''), ('txtShareholdingDate', 'text', '2026/06/04'), ('txtStockCode', 'text', ''), ('txtStockName', 'text', ''), ('txtParticipantID', 'text', ''), ('txtParticipantName', 'text', ''), ('txtSelPartID', 'text', '')]
2026-06-05 23:11:47,137 [INFO] 1100/1691 ok=1088 fail=12 0.1/s ETA 7015s
2026-06-05 23:21:26,372 [INFO] 1150/1691 ok=1138 fail=12 0.1/s ETA 6415s
2026-06-05 23:31:05,432 [INFO] 1200/1691 ok=1188 fail=12 0.1/s ETA 5816s
2026-06-05 23:34:41 [INFO] scraper: Got 9 form tokens: ['__EVENTTARGET', '__EVENTARGUMENT', '__VIEWSTATE', '__VIEWSTATEGENERATOR', 'today', 'sortBy', 'sortDirection', 'originalShareholdingDate', 'alertMsg']
2026-06-05 23:34:41,456 [INFO] Got 9 form tokens: ['__EVENTTARGET', '__EVENTARGUMENT', '__VIEWSTATE', '__VIEWSTATEGENERATOR', 'today', 'sortBy', 'sortDirection', 'originalShareholdingDate', 'alertMsg']
2026-06-05 23:34:41 [INFO] scraper: All form inputs: [('__EVENTTARGET', 'hidden', ''), ('__EVENTARGUMENT', 'hidden', ''), ('__VIEWSTATE', 'hidden', '/wEPDwULLTE1Nzg3NjcwNjdkZJW3IT'), ('__VIEWSTATEGENERATOR', 'hidden', 'A7B2BBE2'), ('today', 'hidden', '20260605'), ('sortBy', 'hidden', 'shareholding'), ('sortDirection', 'hidden', 'desc'), ('originalShareholdingDate', 'hidden', ''), ('alertMsg', 'hidden', ''), ('txtShareholdingDate', 'text', '2026/06/04'), ('txtStockCode', 'text', ''), ('txtStockName', 'text', ''), ('txtParticipantID', 'text', ''), ('txtParticipantName', 'text', ''), ('txtSelPartID', 'text', '')]
2026-06-05 23:34:41,456 [INFO] All form inputs: [('__EVENTTARGET', 'hidden', ''), ('__EVENTARGUMENT', 'hidden', ''), ('__VIEWSTATE', 'hidden', '/wEPDwULLTE1Nzg3NjcwNjdkZJW3IT'), ('__VIEWSTATEGENERATOR', 'hidden', 'A7B2BBE2'), ('today', 'hidden', '20260605'), ('sortBy', 'hidden', 'shareholding'), ('sortDirection', 'hidden', 'desc'), ('originalShareholdingDate', 'hidden', ''), ('alertMsg', 'hidden', ''), ('txtShareholdingDate', 'text', '2026/06/04'), ('txtStockCode', 'text', ''), ('txtStockName', 'text', ''), ('txtParticipantID', 'text', ''), ('txtParticipantName', 'text', ''), ('txtSelPartID', 'text', '')]
2026-06-05 23:40:49,623 [INFO] 1250/1691 ok=1238 fail=12 0.1/s ETA 5221s
2026-06-05 23:50:29,527 [INFO] 1300/1691 ok=1288 fail=12 0.1/s ETA 4626s
2026-06-06 00:00:02,738 [INFO] 1350/1691 ok=1338 fail=12 0.1/s ETA 4029s
2026-06-06 00:04:47 [INFO] scraper: Got 9 form tokens: ['__EVENTTARGET', '__EVENTARGUMENT', '__VIEWSTATE', '__VIEWSTATEGENERATOR', 'today', 'sortBy', 'sortDirection', 'originalShareholdingDate', 'alertMsg']
2026-06-06 00:04:47,082 [INFO] Got 9 form tokens: ['__EVENTTARGET', '__EVENTARGUMENT', '__VIEWSTATE', '__VIEWSTATEGENERATOR', 'today', 'sortBy', 'sortDirection', 'originalShareholdingDate', 'alertMsg']
2026-06-06 00:04:47 [INFO] scraper: All form inputs: [('__EVENTTARGET', 'hidden', ''), ('__EVENTARGUMENT', 'hidden', ''), ('__VIEWSTATE', 'hidden', '/wEPDwULLTE1Nzg3NjcwNjdkZJW3IT'), ('__VIEWSTATEGENERATOR', 'hidden', 'A7B2BBE2'), ('today', 'hidden', '20260606'), ('sortBy', 'hidden', 'shareholding'), ('sortDirection', 'hidden', 'desc'), ('originalShareholdingDate', 'hidden', ''), ('alertMsg', 'hidden', ''), ('txtShareholdingDate', 'text', '2026/06/05'), ('txtStockCode', 'text', ''), ('txtStockName', 'text', ''), ('txtParticipantID', 'text', ''), ('txtParticipantName', 'text', ''), ('txtSelPartID', 'text', '')]
2026-06-06 00:04:47,084 [INFO] All form inputs: [('__EVENTTARGET', 'hidden', ''), ('__EVENTARGUMENT', 'hidden', ''), ('__VIEWSTATE', 'hidden', '/wEPDwULLTE1Nzg3NjcwNjdkZJW3IT'), ('__VIEWSTATEGENERATOR', 'hidden', 'A7B2BBE2'), ('today', 'hidden', '20260606'), ('sortBy', 'hidden', 'shareholding'), ('sortDirection', 'hidden', 'desc'), ('originalShareholdingDate', 'hidden', ''), ('alertMsg', 'hidden', ''), ('txtShareholdingDate', 'text', '2026/06/05'), ('txtStockCode', 'text', ''), ('txtStockName', 'text', ''), ('txtParticipantID', 'text', ''), ('txtParticipantName', 'text', ''), ('txtSelPartID', 'text', '')]
2026-06-06 00:09:47,875 [INFO] 1400/1691 ok=1388 fail=12 0.1/s ETA 3437s
2026-06-06 00:19:19,923 [INFO] 1450/1691 ok=1438 fail=12 0.1/s ETA 2844s
2026-06-06 00:28:53,517 [INFO] 1500/1691 ok=1488 fail=12 0.1/s ETA 2252s
