============================================================
HKEX LOCAL BACKFILL
Targets: ['2026-06-04', '2026-06-02']
============================================================
2026-06-05 19:30:40,627 [INFO] === HKEX BACKFILL 2026-06-04: have=1046 need=1740 ===
2026-06-05 19:30:49 [INFO] scraper: Got 9 form tokens: ['__EVENTTARGET', '__EVENTARGUMENT', '__VIEWSTATE', '__VIEWSTATEGENERATOR', 'today', 'sortBy', 'sortDirection', 'originalShareholdingDate', 'alertMsg']
2026-06-05 19:30:49,960 [INFO] Got 9 form tokens: ['__EVENTTARGET', '__EVENTARGUMENT', '__VIEWSTATE', '__VIEWSTATEGENERATOR', 'today', 'sortBy', 'sortDirection', 'originalShareholdingDate', 'alertMsg']
2026-06-05 19:30:49 [INFO] scraper: All form inputs: [('__EVENTTARGET', 'hidden', ''), ('__EVENTARGUMENT', 'hidden', ''), ('__VIEWSTATE', 'hidden', '/wEPDwULLTE1Nzg3NjcwNjdkZJW3IT'), ('__VIEWSTATEGENERATOR', 'hidden', 'A7B2BBE2'), ('today', 'hidden', '20260605'), ('sortBy', 'hidden', 'shareholding'), ('sortDirection', 'hidden', 'desc'), ('originalShareholdingDate', 'hidden', ''), ('alertMsg', 'hidden', ''), ('txtShareholdingDate', 'text', '2026/06/04'), ('txtStockCode', 'text', ''), ('txtStockName', 'text', ''), ('txtParticipantID', 'text', ''), ('txtParticipantName', 'text', ''), ('txtSelPartID', 'text', '')]
2026-06-05 19:30:49,961 [INFO] All form inputs: [('__EVENTTARGET', 'hidden', ''), ('__EVENTARGUMENT', 'hidden', ''), ('__VIEWSTATE', 'hidden', '/wEPDwULLTE1Nzg3NjcwNjdkZJW3IT'), ('__VIEWSTATEGENERATOR', 'hidden', 'A7B2BBE2'), ('today', 'hidden', '20260605'), ('sortBy', 'hidden', 'shareholding'), ('sortDirection', 'hidden', 'desc'), ('originalShareholdingDate', 'hidden', ''), ('alertMsg', 'hidden', ''), ('txtShareholdingDate', 'text', '2026/06/04'), ('txtStockCode', 'text', ''), ('txtStockName', 'text', ''), ('txtParticipantID', 'text', ''), ('txtParticipantName', 'text', ''), ('txtSelPartID', 'text', '')]
2026-06-05 19:31:03,059 [WARNING] 00721: no data
2026-06-05 19:31:13,874 [WARNING] 00862: no data
2026-06-05 19:31:35,684 [WARNING] 00986: no data
2026-06-05 19:40:39,476 [INFO] 50/1740 ok=47 fail=3 0.1/s ETA 20241s
2026-06-05 19:51:51,221 [INFO] 100/1740 ok=97 fail=3 0.1/s ETA 20838s
2026-06-05 20:00:58 [INFO] scraper: Got 9 form tokens: ['__EVENTTARGET', '__EVENTARGUMENT', '__VIEWSTATE', '__VIEWSTATEGENERATOR', 'today', 'sortBy', 'sortDirection', 'originalShareholdingDate', 'alertMsg']
2026-06-05 20:00:58,881 [INFO] Got 9 form tokens: ['__EVENTTARGET', '__EVENTARGUMENT', '__VIEWSTATE', '__VIEWSTATEGENERATOR', 'today', 'sortBy', 'sortDirection', 'originalShareholdingDate', 'alertMsg']
2026-06-05 20:00:58 [INFO] scraper: All form inputs: [('__EVENTTARGET', 'hidden', ''), ('__EVENTARGUMENT', 'hidden', ''), ('__VIEWSTATE', 'hidden', '/wEPDwULLTE1Nzg3NjcwNjdkZJW3IT'), ('__VIEWSTATEGENERATOR', 'hidden', 'A7B2BBE2'), ('today', 'hidden', '20260605'), ('sortBy', 'hidden', 'shareholding'), ('sortDirection', 'hidden', 'desc'), ('originalShareholdingDate', 'hidden', ''), ('alertMsg', 'hidden', ''), ('txtShareholdingDate', 'text', '2026/06/04'), ('txtStockCode', 'text', ''), ('txtStockName', 'text', ''), ('txtParticipantID', 'text', ''), ('txtParticipantName', 'text', ''), ('txtSelPartID', 'text', '')]
2026-06-05 20:00:58,882 [INFO] All form inputs: [('__EVENTTARGET', 'hidden', ''), ('__EVENTARGUMENT', 'hidden', ''), ('__VIEWSTATE', 'hidden', '/wEPDwULLTE1Nzg3NjcwNjdkZJW3IT'), ('__VIEWSTATEGENERATOR', 'hidden', 'A7B2BBE2'), ('today', 'hidden', '20260605'), ('sortBy', 'hidden', 'shareholding'), ('sortDirection', 'hidden', 'desc'), ('originalShareholdingDate', 'hidden', ''), ('alertMsg', 'hidden', ''), ('txtShareholdingDate', 'text', '2026/06/04'), ('txtStockCode', 'text', ''), ('txtStockName', 'text', ''), ('txtParticipantID', 'text', ''), ('txtParticipantName', 'text', ''), ('txtSelPartID', 'text', '')]
2026-06-05 20:01:35,464 [INFO] 150/1740 ok=147 fail=3 0.1/s ETA 19661s
2026-06-05 20:11:23,438 [INFO] 200/1740 ok=197 fail=3 0.1/s ETA 18810s
2026-06-05 20:20:59,195 [INFO] 250/1740 ok=247 fail=3 0.1/s ETA 17991s
2026-06-05 20:30:35,803 [INFO] 300/1740 ok=297 fail=3 0.1/s ETA 17257s
2026-06-05 20:31:06 [INFO] scraper: Got 9 form tokens: ['__EVENTTARGET', '__EVENTARGUMENT', '__VIEWSTATE', '__VIEWSTATEGENERATOR', 'today', 'sortBy', 'sortDirection', 'originalShareholdingDate', 'alertMsg']
2026-06-05 20:31:06,402 [INFO] Got 9 form tokens: ['__EVENTTARGET', '__EVENTARGUMENT', '__VIEWSTATE', '__VIEWSTATEGENERATOR', 'today', 'sortBy', 'sortDirection', 'originalShareholdingDate', 'alertMsg']
2026-06-05 20:31:06 [INFO] scraper: All form inputs: [('__EVENTTARGET', 'hidden', ''), ('__EVENTARGUMENT', 'hidden', ''), ('__VIEWSTATE', 'hidden', '/wEPDwULLTE1Nzg3NjcwNjdkZJW3IT'), ('__VIEWSTATEGENERATOR', 'hidden', 'A7B2BBE2'), ('today', 'hidden', '20260605'), ('sortBy', 'hidden', 'shareholding'), ('sortDirection', 'hidden', 'desc'), ('originalShareholdingDate', 'hidden', ''), ('alertMsg', 'hidden', ''), ('txtShareholdingDate', 'text', '2026/06/04'), ('txtStockCode', 'text', ''), ('txtStockName', 'text', ''), ('txtParticipantID', 'text', ''), ('txtParticipantName', 'text', ''), ('txtSelPartID', 'text', '')]
2026-06-05 20:31:06,402 [INFO] All form inputs: [('__EVENTTARGET', 'hidden', ''), ('__EVENTARGUMENT', 'hidden', ''), ('__VIEWSTATE', 'hidden', '/wEPDwULLTE1Nzg3NjcwNjdkZJW3IT'), ('__VIEWSTATEGENERATOR', 'hidden', 'A7B2BBE2'), ('today', 'hidden', '20260605'), ('sortBy', 'hidden', 'shareholding'), ('sortDirection', 'hidden', 'desc'), ('originalShareholdingDate', 'hidden', ''), ('alertMsg', 'hidden', ''), ('txtShareholdingDate', 'text', '2026/06/04'), ('txtStockCode', 'text', ''), ('txtStockName', 'text', ''), ('txtParticipantID', 'text', ''), ('txtParticipantName', 'text', ''), ('txtSelPartID', 'text', '')]
2026-06-05 20:40:21,721 [INFO] 350/1740 ok=347 fail=3 0.1/s ETA 16605s
2026-06-05 20:50:19,400 [INFO] 400/1740 ok=397 fail=3 0.1/s ETA 16009s
2026-06-05 21:00:14,389 [INFO] 450/1740 ok=447 fail=3 0.1/s ETA 15405s
2026-06-05 21:01:12 [INFO] scraper: Got 9 form tokens: ['__EVENTTARGET', '__EVENTARGUMENT', '__VIEWSTATE', '__VIEWSTATEGENERATOR', 'today', 'sortBy', 'sortDirection', 'originalShareholdingDate', 'alertMsg']
2026-06-05 21:01:12,800 [INFO] Got 9 form tokens: ['__EVENTTARGET', '__EVENTARGUMENT', '__VIEWSTATE', '__VIEWSTATEGENERATOR', 'today', 'sortBy', 'sortDirection', 'originalShareholdingDate', 'alertMsg']
2026-06-05 21:01:12 [INFO] scraper: All form inputs: [('__EVENTTARGET', 'hidden', ''), ('__EVENTARGUMENT', 'hidden', ''), ('__VIEWSTATE', 'hidden', '/wEPDwULLTE1Nzg3NjcwNjdkZJW3IT'), ('__VIEWSTATEGENERATOR', 'hidden', 'A7B2BBE2'), ('today', 'hidden', '20260605'), ('sortBy', 'hidden', 'shareholding'), ('sortDirection', 'hidden', 'desc'), ('originalShareholdingDate', 'hidden', ''), ('alertMsg', 'hidden', ''), ('txtShareholdingDate', 'text', '2026/06/04'), ('txtStockCode', 'text', ''), ('txtStockName', 'text', ''), ('txtParticipantID', 'text', ''), ('txtParticipantName', 'text', ''), ('txtSelPartID', 'text', '')]
2026-06-05 21:01:12,800 [INFO] All form inputs: [('__EVENTTARGET', 'hidden', ''), ('__EVENTARGUMENT', 'hidden', ''), ('__VIEWSTATE', 'hidden', '/wEPDwULLTE1Nzg3NjcwNjdkZJW3IT'), ('__VIEWSTATEGENERATOR', 'hidden', 'A7B2BBE2'), ('today', 'hidden', '20260605'), ('sortBy', 'hidden', 'shareholding'), ('sortDirection', 'hidden', 'desc'), ('originalShareholdingDate', 'hidden', ''), ('alertMsg', 'hidden', ''), ('txtShareholdingDate', 'text', '2026/06/04'), ('txtStockCode', 'text', ''), ('txtStockName', 'text', ''), ('txtParticipantID', 'text', ''), ('txtParticipantName', 'text', ''), ('txtSelPartID', 'text', '')]
2026-06-05 21:10:09,645 [INFO] 500/1740 ok=497 fail=3 0.1/s ETA 14803s
2026-06-05 21:19:55,611 [INFO] 550/1740 ok=547 fail=3 0.1/s ETA 14183s
2026-06-05 21:29:53,218 [INFO] 600/1740 ok=597 fail=3 0.1/s ETA 13590s
2026-06-05 21:31:11 [INFO] scraper: Got 9 form tokens: ['__EVENTTARGET', '__EVENTARGUMENT', '__VIEWSTATE', '__VIEWSTATEGENERATOR', 'today', 'sortBy', 'sortDirection', 'originalShareholdingDate', 'alertMsg']
2026-06-05 21:31:11,848 [INFO] Got 9 form tokens: ['__EVENTTARGET', '__EVENTARGUMENT', '__VIEWSTATE', '__VIEWSTATEGENERATOR', 'today', 'sortBy', 'sortDirection', 'originalShareholdingDate', 'alertMsg']
2026-06-05 21:31:11 [INFO] scraper: All form inputs: [('__EVENTTARGET', 'hidden', ''), ('__EVENTARGUMENT', 'hidden', ''), ('__VIEWSTATE', 'hidden', '/wEPDwULLTE1Nzg3NjcwNjdkZJW3IT'), ('__VIEWSTATEGENERATOR', 'hidden', 'A7B2BBE2'), ('today', 'hidden', '20260605'), ('sortBy', 'hidden', 'shareholding'), ('sortDirection', 'hidden', 'desc'), ('originalShareholdingDate', 'hidden', ''), ('alertMsg', 'hidden', ''), ('txtShareholdingDate', 'text', '2026/06/04'), ('txtStockCode', 'text', ''), ('txtStockName', 'text', ''), ('txtParticipantID', 'text', ''), ('txtParticipantName', 'text', ''), ('txtSelPartID', 'text', '')]
2026-06-05 21:31:11,848 [INFO] All form inputs: [('__EVENTTARGET', 'hidden', ''), ('__EVENTARGUMENT', 'hidden', ''), ('__VIEWSTATE', 'hidden', '/wEPDwULLTE1Nzg3NjcwNjdkZJW3IT'), ('__VIEWSTATEGENERATOR', 'hidden', 'A7B2BBE2'), ('today', 'hidden', '20260605'), ('sortBy', 'hidden', 'shareholding'), ('sortDirection', 'hidden', 'desc'), ('originalShareholdingDate', 'hidden', ''), ('alertMsg', 'hidden', ''), ('txtShareholdingDate', 'text', '2026/06/04'), ('txtStockCode', 'text', ''), ('txtStockName', 'text', ''), ('txtParticipantID', 'text', ''), ('txtParticipantName', 'text', ''), ('txtSelPartID', 'text', '')]
2026-06-05 21:39:43,563 [INFO] 650/1740 ok=647 fail=3 0.1/s ETA 12984s
2026-06-05 21:49:23,167 [INFO] 700/1740 ok=697 fail=3 0.1/s ETA 12365s
2026-06-05 21:58:58,837 [INFO] 750/1740 ok=747 fail=3 0.1/s ETA 11746s
2026-06-05 22:01:14 [INFO] scraper: Got 9 form tokens: ['__EVENTTARGET', '__EVENTARGUMENT', '__VIEWSTATE', '__VIEWSTATEGENERATOR', 'today', 'sortBy', 'sortDirection', 'originalShareholdingDate', 'alertMsg']
2026-06-05 22:01:14,390 [INFO] Got 9 form tokens: ['__EVENTTARGET', '__EVENTARGUMENT', '__VIEWSTATE', '__VIEWSTATEGENERATOR', 'today', 'sortBy', 'sortDirection', 'originalShareholdingDate', 'alertMsg']
2026-06-05 22:01:14 [INFO] scraper: All form inputs: [('__EVENTTARGET', 'hidden', ''), ('__EVENTARGUMENT', 'hidden', ''), ('__VIEWSTATE', 'hidden', '/wEPDwULLTE1Nzg3NjcwNjdkZJW3IT'), ('__VIEWSTATEGENERATOR', 'hidden', 'A7B2BBE2'), ('today', 'hidden', '20260605'), ('sortBy', 'hidden', 'shareholding'), ('sortDirection', 'hidden', 'desc'), ('originalShareholdingDate', 'hidden', ''), ('alertMsg', 'hidden', ''), ('txtShareholdingDate', 'text', '2026/06/04'), ('txtStockCode', 'text', ''), ('txtStockName', 'text', ''), ('txtParticipantID', 'text', ''), ('txtParticipantName', 'text', ''), ('txtSelPartID', 'text', '')]
2026-06-05 22:01:14,391 [INFO] All form inputs: [('__EVENTTARGET', 'hidden', ''), ('__EVENTARGUMENT', 'hidden', ''), ('__VIEWSTATE', 'hidden', '/wEPDwULLTE1Nzg3NjcwNjdkZJW3IT'), ('__VIEWSTATEGENERATOR', 'hidden', 'A7B2BBE2'), ('today', 'hidden', '20260605'), ('sortBy', 'hidden', 'shareholding'), ('sortDirection', 'hidden', 'desc'), ('originalShareholdingDate', 'hidden', ''), ('alertMsg', 'hidden', ''), ('txtShareholdingDate', 'text', '2026/06/04'), ('txtStockCode', 'text', ''), ('txtStockName', 'text', ''), ('txtParticipantID', 'text', ''), ('txtParticipantName', 'text', ''), ('txtSelPartID', 'text', '')]
2026-06-05 22:08:48,684 [INFO] 800/1740 ok=797 fail=3 0.1/s ETA 11148s
2026-06-05 22:18:34,669 [INFO] 850/1740 ok=847 fail=3 0.1/s ETA 10548s
2026-06-05 22:28:20,965 [WARNING] 02699: no data
2026-06-05 22:28:20,965 [INFO] 900/1740 ok=896 fail=4 0.1/s ETA 9950s
2026-06-05 22:31:13 [INFO] scraper: Got 9 form tokens: ['__EVENTTARGET', '__EVENTARGUMENT', '__VIEWSTATE', '__VIEWSTATEGENERATOR', 'today', 'sortBy', 'sortDirection', 'originalShareholdingDate', 'alertMsg']
2026-06-05 22:31:13,237 [INFO] Got 9 form tokens: ['__EVENTTARGET', '__EVENTARGUMENT', '__VIEWSTATE', '__VIEWSTATEGENERATOR', 'today', 'sortBy', 'sortDirection', 'originalShareholdingDate', 'alertMsg']
2026-06-05 22:31:13 [INFO] scraper: All form inputs: [('__EVENTTARGET', 'hidden', ''), ('__EVENTARGUMENT', 'hidden', ''), ('__VIEWSTATE', 'hidden', '/wEPDwULLTE1Nzg3NjcwNjdkZJW3IT'), ('__VIEWSTATEGENERATOR', 'hidden', 'A7B2BBE2'), ('today', 'hidden', '20260605'), ('sortBy', 'hidden', 'shareholding'), ('sortDirection', 'hidden', 'desc'), ('originalShareholdingDate', 'hidden', ''), ('alertMsg', 'hidden', ''), ('txtShareholdingDate', 'text', '2026/06/04'), ('txtStockCode', 'text', ''), ('txtStockName', 'text', ''), ('txtParticipantID', 'text', ''), ('txtParticipantName', 'text', ''), ('txtSelPartID', 'text', '')]
2026-06-05 22:31:13,238 [INFO] All form inputs: [('__EVENTTARGET', 'hidden', ''), ('__EVENTARGUMENT', 'hidden', ''), ('__VIEWSTATE', 'hidden', '/wEPDwULLTE1Nzg3NjcwNjdkZJW3IT'), ('__VIEWSTATEGENERATOR', 'hidden', 'A7B2BBE2'), ('today', 'hidden', '20260605'), ('sortBy', 'hidden', 'shareholding'), ('sortDirection', 'hidden', 'desc'), ('originalShareholdingDate', 'hidden', ''), ('alertMsg', 'hidden', ''), ('txtShareholdingDate', 'text', '2026/06/04'), ('txtStockCode', 'text', ''), ('txtStockName', 'text', ''), ('txtParticipantID', 'text', ''), ('txtParticipantName', 'text', ''), ('txtSelPartID', 'text', '')]
2026-06-05 22:36:41,207 [WARNING] 02940: no data
2026-06-05 22:38:13,825 [INFO] 950/1740 ok=939 fail=11 0.1/s ETA 9358s
2026-06-05 22:47:57,231 [INFO] 1000/1740 ok=989 fail=11 0.1/s ETA 8759s
2026-06-05 22:57:30,350 [INFO] 1050/1740 ok=1039 fail=11 0.1/s ETA 8155s
2026-06-05 23:01:21 [INFO] scraper: Got 9 form tokens: ['__EVENTTARGET', '__EVENTARGUMENT', '__VIEWSTATE', '__VIEWSTATEGENERATOR', 'today', 'sortBy', 'sortDirection', 'originalShareholdingDate', 'alertMsg']
2026-06-05 23:01:21,273 [INFO] Got 9 form tokens: ['__EVENTTARGET', '__EVENTARGUMENT', '__VIEWSTATE', '__VIEWSTATEGENERATOR', 'today', 'sortBy', 'sortDirection', 'originalShareholdingDate', 'alertMsg']
2026-06-05 23:01:21 [INFO] scraper: All form inputs: [('__EVENTTARGET', 'hidden', ''), ('__EVENTARGUMENT', 'hidden', ''), ('__VIEWSTATE', 'hidden', '/wEPDwULLTE1Nzg3NjcwNjdkZJW3IT'), ('__VIEWSTATEGENERATOR', 'hidden', 'A7B2BBE2'), ('today', 'hidden', '20260605'), ('sortBy', 'hidden', 'shareholding'), ('sortDirection', 'hidden', 'desc'), ('originalShareholdingDate', 'hidden', ''), ('alertMsg', 'hidden', ''), ('txtShareholdingDate', 'text', '2026/06/04'), ('txtStockCode', 'text', ''), ('txtStockName', 'text', ''), ('txtParticipantID', 'text', ''), ('txtParticipantName', 'text', ''), ('txtSelPartID', 'text', '')]
2026-06-05 23:01:21,274 [INFO] All form inputs: [('__EVENTTARGET', 'hidden', ''), ('__EVENTARGUMENT', 'hidden', ''), ('__VIEWSTATE', 'hidden', '/wEPDwULLTE1Nzg3NjcwNjdkZJW3IT'), ('__VIEWSTATEGENERATOR', 'hidden', 'A7B2BBE2'), ('today', 'hidden', '20260605'), ('sortBy', 'hidden', 'shareholding'), ('sortDirection', 'hidden', 'desc'), ('originalShareholdingDate', 'hidden', ''), ('alertMsg', 'hidden', ''), ('txtShareholdingDate', 'text', '2026/06/04'), ('txtStockCode', 'text', ''), ('txtStockName', 'text', ''), ('txtParticipantID', 'text', ''), ('txtParticipantName', 'text', ''), ('txtSelPartID', 'text', '')]
2026-06-05 23:07:23,498 [INFO] 1100/1740 ok=1089 fail=11 0.1/s ETA 7565s
2026-06-05 23:17:04,506 [INFO] 1150/1740 ok=1138 fail=12 0.1/s ETA 6969s
2026-06-05 23:26:44,644 [INFO] 1200/1740 ok=1188 fail=12 0.1/s ETA 6374s
2026-06-05 23:31:29 [INFO] scraper: Got 9 form tokens: ['__EVENTTARGET', '__EVENTARGUMENT', '__VIEWSTATE', '__VIEWSTATEGENERATOR', 'today', 'sortBy', 'sortDirection', 'originalShareholdingDate', 'alertMsg']
2026-06-05 23:31:29,096 [INFO] Got 9 form tokens: ['__EVENTTARGET', '__EVENTARGUMENT', '__VIEWSTATE', '__VIEWSTATEGENERATOR', 'today', 'sortBy', 'sortDirection', 'originalShareholdingDate', 'alertMsg']
2026-06-05 23:31:29 [INFO] scraper: All form inputs: [('__EVENTTARGET', 'hidden', ''), ('__EVENTARGUMENT', 'hidden', ''), ('__VIEWSTATE', 'hidden', '/wEPDwULLTE1Nzg3NjcwNjdkZJW3IT'), ('__VIEWSTATEGENERATOR', 'hidden', 'A7B2BBE2'), ('today', 'hidden', '20260605'), ('sortBy', 'hidden', 'shareholding'), ('sortDirection', 'hidden', 'desc'), ('originalShareholdingDate', 'hidden', ''), ('alertMsg', 'hidden', ''), ('txtShareholdingDate', 'text', '2026/06/04'), ('txtStockCode', 'text', ''), ('txtStockName', 'text', ''), ('txtParticipantID', 'text', ''), ('txtParticipantName', 'text', ''), ('txtSelPartID', 'text', '')]
2026-06-05 23:31:29,096 [INFO] All form inputs: [('__EVENTTARGET', 'hidden', ''), ('__EVENTARGUMENT', 'hidden', ''), ('__VIEWSTATE', 'hidden', '/wEPDwULLTE1Nzg3NjcwNjdkZJW3IT'), ('__VIEWSTATEGENERATOR', 'hidden', 'A7B2BBE2'), ('today', 'hidden', '20260605'), ('sortBy', 'hidden', 'shareholding'), ('sortDirection', 'hidden', 'desc'), ('originalShareholdingDate', 'hidden', ''), ('alertMsg', 'hidden', ''), ('txtShareholdingDate', 'text', '2026/06/04'), ('txtStockCode', 'text', ''), ('txtStockName', 'text', ''), ('txtParticipantID', 'text', ''), ('txtParticipantName', 'text', ''), ('txtSelPartID', 'text', '')]
2026-06-05 23:36:33,384 [INFO] 1250/1740 ok=1238 fail=12 0.1/s ETA 5783s
2026-06-05 23:46:03,529 [INFO] 1300/1740 ok=1288 fail=12 0.1/s ETA 5186s
2026-06-05 23:55:46,562 [INFO] 1350/1740 ok=1338 fail=12 0.1/s ETA 4595s
2026-06-06 00:01:38 [INFO] scraper: Got 9 form tokens: ['__EVENTTARGET', '__EVENTARGUMENT', '__VIEWSTATE', '__VIEWSTATEGENERATOR', 'today', 'sortBy', 'sortDirection', 'originalShareholdingDate', 'alertMsg']
2026-06-06 00:01:38,509 [INFO] Got 9 form tokens: ['__EVENTTARGET', '__EVENTARGUMENT', '__VIEWSTATE', '__VIEWSTATEGENERATOR', 'today', 'sortBy', 'sortDirection', 'originalShareholdingDate', 'alertMsg']
2026-06-06 00:01:38 [INFO] scraper: All form inputs: [('__EVENTTARGET', 'hidden', ''), ('__EVENTARGUMENT', 'hidden', ''), ('__VIEWSTATE', 'hidden', '/wEPDwULLTE1Nzg3NjcwNjdkZJW3IT'), ('__VIEWSTATEGENERATOR', 'hidden', 'A7B2BBE2'), ('today', 'hidden', '20260606'), ('sortBy', 'hidden', 'shareholding'), ('sortDirection', 'hidden', 'desc'), ('originalShareholdingDate', 'hidden', ''), ('alertMsg', 'hidden', ''), ('txtShareholdingDate', 'text', '2026/06/05'), ('txtStockCode', 'text', ''), ('txtStockName', 'text', ''), ('txtParticipantID', 'text', ''), ('txtParticipantName', 'text', ''), ('txtSelPartID', 'text', '')]
2026-06-06 00:01:38,511 [INFO] All form inputs: [('__EVENTTARGET', 'hidden', ''), ('__EVENTARGUMENT', 'hidden', ''), ('__VIEWSTATE', 'hidden', '/wEPDwULLTE1Nzg3NjcwNjdkZJW3IT'), ('__VIEWSTATEGENERATOR', 'hidden', 'A7B2BBE2'), ('today', 'hidden', '20260606'), ('sortBy', 'hidden', 'shareholding'), ('sortDirection', 'hidden', 'desc'), ('originalShareholdingDate', 'hidden', ''), ('alertMsg', 'hidden', ''), ('txtShareholdingDate', 'text', '2026/06/05'), ('txtStockCode', 'text', ''), ('txtStockName', 'text', ''), ('txtParticipantID', 'text', ''), ('txtParticipantName', 'text', ''), ('txtSelPartID', 'text', '')]
2026-06-06 00:05:31,144 [INFO] 1400/1740 ok=1388 fail=12 0.1/s ETA 4005s
2026-06-06 00:15:15,219 [INFO] 1450/1740 ok=1438 fail=12 0.1/s ETA 3415s
2026-06-06 00:24:51,086 [INFO] 1500/1740 ok=1488 fail=12 0.1/s ETA 2824s
2026-06-06 00:31:46 [INFO] scraper: Got 9 form tokens: ['__EVENTTARGET', '__EVENTARGUMENT', '__VIEWSTATE', '__VIEWSTATEGENERATOR', 'today', 'sortBy', 'sortDirection', 'originalShareholdingDate', 'alertMsg']
2026-06-06 00:31:46,436 [INFO] Got 9 form tokens: ['__EVENTTARGET', '__EVENTARGUMENT', '__VIEWSTATE', '__VIEWSTATEGENERATOR', 'today', 'sortBy', 'sortDirection', 'originalShareholdingDate', 'alertMsg']
2026-06-06 00:31:46 [INFO] scraper: All form inputs: [('__EVENTTARGET', 'hidden', ''), ('__EVENTARGUMENT', 'hidden', ''), ('__VIEWSTATE', 'hidden', '/wEPDwULLTE1Nzg3NjcwNjdkZJW3IT'), ('__VIEWSTATEGENERATOR', 'hidden', 'A7B2BBE2'), ('today', 'hidden', '20260606'), ('sortBy', 'hidden', 'shareholding'), ('sortDirection', 'hidden', 'desc'), ('originalShareholdingDate', 'hidden', ''), ('alertMsg', 'hidden', ''), ('txtShareholdingDate', 'text', '2026/06/05'), ('txtStockCode', 'text', ''), ('txtStockName', 'text', ''), ('txtParticipantID', 'text', ''), ('txtParticipantName', 'text', ''), ('txtSelPartID', 'text', '')]
2026-06-06 00:31:46,436 [INFO] All form inputs: [('__EVENTTARGET', 'hidden', ''), ('__EVENTARGUMENT', 'hidden', ''), ('__VIEWSTATE', 'hidden', '/wEPDwULLTE1Nzg3NjcwNjdkZJW3IT'), ('__VIEWSTATEGENERATOR', 'hidden', 'A7B2BBE2'), ('today', 'hidden', '20260606'), ('sortBy', 'hidden', 'shareholding'), ('sortDirection', 'hidden', 'desc'), ('originalShareholdingDate', 'hidden', ''), ('alertMsg', 'hidden', ''), ('txtShareholdingDate', 'text', '2026/06/05'), ('txtStockCode', 'text', ''), ('txtStockName', 'text', ''), ('txtParticipantID', 'text', ''), ('txtParticipantName', 'text', ''), ('txtSelPartID', 'text', '')]
2026-06-06 00:34:43,048 [INFO] 1550/1740 ok=1538 fail=12 0.1/s ETA 2236s
2026-06-06 00:44:13,635 [INFO] 1600/1740 ok=1584 fail=16 0.1/s ETA 1646s
2026-06-06 00:53:55,493 [INFO] 1650/1740 ok=1634 fail=16 0.1/s ETA 1058s
2026-06-06 01:01:55 [INFO] scraper: Got 9 form tokens: ['__EVENTTARGET', '__EVENTARGUMENT', '__VIEWSTATE', '__VIEWSTATEGENERATOR', 'today', 'sortBy', 'sortDirection', 'originalShareholdingDate', 'alertMsg']
2026-06-06 01:01:55,697 [INFO] Got 9 form tokens: ['__EVENTTARGET', '__EVENTARGUMENT', '__VIEWSTATE', '__VIEWSTATEGENERATOR', 'today', 'sortBy', 'sortDirection', 'originalShareholdingDate', 'alertMsg']
2026-06-06 01:01:55 [INFO] scraper: All form inputs: [('__EVENTTARGET', 'hidden', ''), ('__EVENTARGUMENT', 'hidden', ''), ('__VIEWSTATE', 'hidden', '/wEPDwULLTE1Nzg3NjcwNjdkZJW3IT'), ('__VIEWSTATEGENERATOR', 'hidden', 'A7B2BBE2'), ('today', 'hidden', '20260606'), ('sortBy', 'hidden', 'shareholding'), ('sortDirection', 'hidden', 'desc'), ('originalShareholdingDate', 'hidden', ''), ('alertMsg', 'hidden', ''), ('txtShareholdingDate', 'text', '2026/06/05'), ('txtStockCode', 'text', ''), ('txtStockName', 'text', ''), ('txtParticipantID', 'text', ''), ('txtParticipantName', 'text', ''), ('txtSelPartID', 'text', '')]
2026-06-06 01:01:55,697 [INFO] All form inputs: [('__EVENTTARGET', 'hidden', ''), ('__EVENTARGUMENT', 'hidden', ''), ('__VIEWSTATE', 'hidden', '/wEPDwULLTE1Nzg3NjcwNjdkZJW3IT'), ('__VIEWSTATEGENERATOR', 'hidden', 'A7B2BBE2'), ('today', 'hidden', '20260606'), ('sortBy', 'hidden', 'shareholding'), ('sortDirection', 'hidden', 'desc'), ('originalShareholdingDate', 'hidden', ''), ('alertMsg', 'hidden', ''), ('txtShareholdingDate', 'text', '2026/06/05'), ('txtStockCode', 'text', ''), ('txtStockName', 'text', ''), ('txtParticipantID', 'text', ''), ('txtParticipantName', 'text', ''), ('txtSelPartID', 'text', '')]
2026-06-06 01:03:52,887 [INFO] 1700/1740 ok=1684 fail=16 0.1/s ETA 470s
2026-06-06 01:11:30,272 [INFO] DONE 2026-06-04: ok=1700 fail=40 20450s (0.1/s)
2026-06-06 01:11:30,279 [INFO] === HKEX BACKFILL 2026-06-02: have=2381 need=405 ===
2026-06-06 01:11:41,513 [WARNING] 00648: no data
2026-06-06 01:11:53,129 [WARNING] 00862: no data
2026-06-06 01:12:04,054 [WARNING] 00986: no data
2026-06-06 01:21:05,521 [INFO] 50/405 ok=47 fail=3 0.1/s ETA 4084s
2026-06-06 01:27:30,567 [WARNING] 02940: no data
2026-06-06 01:28:04,945 [WARNING] 02948: no data
2026-06-06 01:30:34,458 [INFO] 100/405 ok=92 fail=8 0.1/s ETA 3490s
2026-06-06 01:32:03 [INFO] scraper: Got 9 form tokens: ['__EVENTTARGET', '__EVENTARGUMENT', '__VIEWSTATE', '__VIEWSTATEGENERATOR', 'today', 'sortBy', 'sortDirection', 'originalShareholdingDate', 'alertMsg']
2026-06-06 01:32:03,848 [INFO] Got 9 form tokens: ['__EVENTTARGET', '__EVENTARGUMENT', '__VIEWSTATE', '__VIEWSTATEGENERATOR', 'today', 'sortBy', 'sortDirection', 'originalShareholdingDate', 'alertMsg']
2026-06-06 01:32:03 [INFO] scraper: All form inputs: [('__EVENTTARGET', 'hidden', ''), ('__EVENTARGUMENT', 'hidden', ''), ('__VIEWSTATE', 'hidden', '/wEPDwULLTE1Nzg3NjcwNjdkZJW3IT'), ('__VIEWSTATEGENERATOR', 'hidden', 'A7B2BBE2'), ('today', 'hidden', '20260606'), ('sortBy', 'hidden', 'shareholding'), ('sortDirection', 'hidden', 'desc'), ('originalShareholdingDate', 'hidden', ''), ('alertMsg', 'hidden', ''), ('txtShareholdingDate', 'text', '2026/06/05'), ('txtStockCode', 'text', ''), ('txtStockName', 'text', ''), ('txtParticipantID', 'text', ''), ('txtParticipantName', 'text', ''), ('txtSelPartID', 'text', '')]
2026-06-06 01:32:03,848 [INFO] All form inputs: [('__EVENTTARGET', 'hidden', ''), ('__EVENTARGUMENT', 'hidden', ''), ('__VIEWSTATE', 'hidden', '/wEPDwULLTE1Nzg3NjcwNjdkZJW3IT'), ('__VIEWSTATEGENERATOR', 'hidden', 'A7B2BBE2'), ('today', 'hidden', '20260606'), ('sortBy', 'hidden', 'shareholding'), ('sortDirection', 'hidden', 'desc'), ('originalShareholdingDate', 'hidden', ''), ('alertMsg', 'hidden', ''), ('txtShareholdingDate', 'text', '2026/06/05'), ('txtStockCode', 'text', ''), ('txtStockName', 'text', ''), ('txtParticipantID', 'text', ''), ('txtParticipantName', 'text', ''), ('txtSelPartID', 'text', '')]
2026-06-06 01:40:29,245 [INFO] 150/405 ok=142 fail=8 0.1/s ETA 2956s
2026-06-06 01:50:06,179 [INFO] 200/405 ok=191 fail=9 0.1/s ETA 2374s
2026-06-06 01:59:50,597 [INFO] 250/405 ok=240 fail=10 0.1/s ETA 1798s
2026-06-06 02:02:07 [INFO] scraper: Got 9 form tokens: ['__EVENTTARGET', '__EVENTARGUMENT', '__VIEWSTATE', '__VIEWSTATEGENERATOR', 'today', 'sortBy', 'sortDirection', 'originalShareholdingDate', 'alertMsg']
2026-06-06 02:02:07,806 [INFO] Got 9 form tokens: ['__EVENTTARGET', '__EVENTARGUMENT', '__VIEWSTATE', '__VIEWSTATEGENERATOR', 'today', 'sortBy', 'sortDirection', 'originalShareholdingDate', 'alertMsg']
2026-06-06 02:02:07 [INFO] scraper: All form inputs: [('__EVENTTARGET', 'hidden', ''), ('__EVENTARGUMENT', 'hidden', ''), ('__VIEWSTATE', 'hidden', '/wEPDwULLTE1Nzg3NjcwNjdkZJW3IT'), ('__VIEWSTATEGENERATOR', 'hidden', 'A7B2BBE2'), ('today', 'hidden', '20260606'), ('sortBy', 'hidden', 'shareholding'), ('sortDirection', 'hidden', 'desc'), ('originalShareholdingDate', 'hidden', ''), ('alertMsg', 'hidden', ''), ('txtShareholdingDate', 'text', '2026/06/05'), ('txtStockCode', 'text', ''), ('txtStockName', 'text', ''), ('txtParticipantID', 'text', ''), ('txtParticipantName', 'text', ''), ('txtSelPartID', 'text', '')]
2026-06-06 02:02:07,806 [INFO] All form inputs: [('__EVENTTARGET', 'hidden', ''), ('__EVENTARGUMENT', 'hidden', ''), ('__VIEWSTATE', 'hidden', '/wEPDwULLTE1Nzg3NjcwNjdkZJW3IT'), ('__VIEWSTATEGENERATOR', 'hidden', 'A7B2BBE2'), ('today', 'hidden', '20260606'), ('sortBy', 'hidden', 'shareholding'), ('sortDirection', 'hidden', 'desc'), ('originalShareholdingDate', 'hidden', ''), ('alertMsg', 'hidden', ''), ('txtShareholdingDate', 'text', '2026/06/05'), ('txtStockCode', 'text', ''), ('txtStockName', 'text', ''), ('txtParticipantID', 'text', ''), ('txtParticipantName', 'text', ''), ('txtSelPartID', 'text', '')]
2026-06-06 02:09:56,728 [INFO] 300/405 ok=290 fail=10 0.1/s ETA 1227s
2026-06-06 02:19:33,017 [INFO] 350/405 ok=336 fail=14 0.1/s ETA 642s
2026-06-06 02:29:14,686 [INFO] 400/405 ok=367 fail=33 0.1/s ETA 58s
2026-06-06 02:30:07,690 [INFO] DONE 2026-06-02: ok=367 fail=38 4717s (0.1/s)
============================================================
ALL DONE: ok=2067 fail=78 419.5min
============================================================
