2026-05-28 03:58:30 [INFO] compute_metrics: ============================================================
2026-05-28 03:58:30 [INFO] compute_metrics: METRICS-ONLY COMPUTATION (no re-scraping)
2026-05-28 03:58:30 [INFO] compute_metrics: ============================================================
2026-05-28 03:58:30 [INFO] compute_metrics:   2026-04-30: 0/2760 (0%) — need 2760
2026-05-28 03:58:30 [INFO] compute_metrics:   2026-05-04: 0/2760 (0%) — need 2760
2026-05-28 03:58:30 [INFO] compute_metrics:   2026-05-05: 1186/2762 (43%) — need 1576
2026-05-28 03:58:30 [INFO] compute_metrics:   2026-05-14: 2739/2768 (99%) — need 29
2026-05-28 03:58:30 [INFO] compute_metrics:   2026-05-15: 1849/2768 (67%) — need 919
2026-05-28 03:58:30 [INFO] compute_metrics:   2026-05-18: 0/2770 (0%) — need 2770
2026-05-28 03:58:30 [INFO] compute_metrics:   2026-05-19: 2503/2771 (90%) — need 268
2026-05-28 03:58:30 [INFO] compute_metrics:   2026-05-21: 0/2773 (0%) — need 2773
2026-05-28 03:58:30 [INFO] compute_metrics:   2026-05-22: 627/2775 (23%) — need 2148
2026-05-28 03:58:30 [INFO] compute_metrics:   2026-05-26: 1066/1067 (100%) — need 1

2026-05-28 03:58:30 [INFO] compute_metrics: Processing 2026-04-30 (2760 stocks need metrics)...
2026-05-28 03:58:30 [INFO] trend: Computed trends for 2711 stocks on 2026-04-30 (refs: {5: '2026-04-23', 20: '2026-03-31'})
2026-05-28 03:58:30 [INFO] compute_metrics:   2026-04-30: updated 2711 stocks
2026-05-28 03:58:30 [INFO] compute_metrics: Processing 2026-05-04 (2760 stocks need metrics)...
2026-05-28 03:58:31 [INFO] trend: Computed trends for 2718 stocks on 2026-05-04 (refs: {5: '2026-04-24', 20: '2026-04-01'})
2026-05-28 03:58:31 [INFO] compute_metrics:   2026-05-04: updated 2718 stocks
2026-05-28 03:58:31 [INFO] compute_metrics: Processing 2026-05-05 (1576 stocks need metrics)...
2026-05-28 03:58:31 [INFO] trend: Computed trends for 2744 stocks on 2026-05-05 (refs: {5: '2026-04-27', 20: '2026-04-02'})
2026-05-28 03:58:31 [INFO] compute_metrics:   2026-05-05: updated 2744 stocks
2026-05-28 03:58:31 [INFO] compute_metrics: Processing 2026-05-14 (29 stocks need metrics)...
2026-05-28 03:58:31 [INFO] trend: Computed trends for 2768 stocks on 2026-05-14 (refs: {5: '2026-05-07', 20: '2026-04-15'})
2026-05-28 03:58:31 [INFO] compute_metrics:   2026-05-14: updated 2768 stocks
2026-05-28 03:58:31 [INFO] compute_metrics: Processing 2026-05-15 (919 stocks need metrics)...
2026-05-28 03:58:31 [INFO] trend: Computed trends for 2763 stocks on 2026-05-15 (refs: {5: '2026-05-08', 20: '2026-04-16'})
2026-05-28 03:58:31 [INFO] compute_metrics:   2026-05-15: updated 2763 stocks
2026-05-28 03:58:31 [INFO] compute_metrics: Processing 2026-05-18 (2770 stocks need metrics)...
2026-05-28 03:58:31 [INFO] trend: Computed trends for 2732 stocks on 2026-05-18 (refs: {5: '2026-05-11', 20: '2026-04-17'})
2026-05-28 03:58:31 [INFO] compute_metrics:   2026-05-18: updated 2732 stocks
2026-05-28 03:58:31 [INFO] compute_metrics: Processing 2026-05-19 (268 stocks need metrics)...
2026-05-28 03:58:31 [INFO] trend: Computed trends for 2733 stocks on 2026-05-19 (refs: {5: '2026-05-12', 20: '2026-04-20'})
2026-05-28 03:58:31 [INFO] compute_metrics:   2026-05-19: updated 2733 stocks
2026-05-28 03:58:31 [INFO] compute_metrics: Processing 2026-05-21 (2773 stocks need metrics)...
2026-05-28 03:58:31 [INFO] trend: Computed trends for 2733 stocks on 2026-05-21 (refs: {5: '2026-05-14', 20: '2026-04-22'})
2026-05-28 03:58:31 [INFO] compute_metrics:   2026-05-21: updated 2733 stocks
2026-05-28 03:58:31 [INFO] compute_metrics: Processing 2026-05-22 (2148 stocks need metrics)...
2026-05-28 03:58:31 [INFO] trend: Computed trends for 2738 stocks on 2026-05-22 (refs: {5: '2026-05-15', 20: '2026-04-23'})
2026-05-28 03:58:31 [INFO] compute_metrics:   2026-05-22: updated 2738 stocks
2026-05-28 03:58:31 [INFO] compute_metrics: Processing 2026-05-26 (1 stocks need metrics)...
2026-05-28 03:58:31 [INFO] trend: Computed trends for 1066 stocks on 2026-05-26 (refs: {5: '2026-05-18', 20: '2026-04-24'})
2026-05-28 03:58:31 [INFO] compute_metrics:   2026-05-26: updated 1066 stocks
2026-05-28 03:58:31 [INFO] compute_metrics: ============================================================
2026-05-28 03:58:31 [INFO] compute_metrics: FINAL STATE:
2026-05-28 03:58:31 [INFO] compute_metrics:   2026-05-26: 1066/1067 (100%) ✅
2026-05-28 03:58:31 [INFO] compute_metrics:   2026-05-22: 627/2775 (23%) 🔴
2026-05-28 03:58:31 [INFO] compute_metrics:   2026-05-21: 0/2773 (0%) 🔴
2026-05-28 03:58:31 [INFO] compute_metrics:   2026-05-19: 2503/2771 (90%) ⚠️
2026-05-28 03:58:31 [INFO] compute_metrics:   2026-05-18: 0/2770 (0%) 🔴
2026-05-28 03:58:31 [INFO] compute_metrics:   2026-05-15: 1849/2768 (67%) ⚠️
2026-05-28 03:58:31 [INFO] compute_metrics:   2026-05-14: 2739/2768 (99%) ✅
2026-05-28 03:58:31 [INFO] compute_metrics:   2026-05-05: 1186/2762 (43%) 🔴
2026-05-28 03:58:31 [INFO] compute_metrics:   2026-05-04: 0/2760 (0%) 🔴
2026-05-28 03:58:31 [INFO] compute_metrics:   2026-04-30: 0/2760 (0%) 🔴
